[0.312s] DEBUG:colcon:Command line arguments: ['/usr/bin/colcon', 'build']
[0.312s] DEBUG:colcon:Parsed command line arguments: Namespace(allow_overriding=[], ament_cmake_args=None, base_paths=['.'], build_base='build', catkin_cmake_args=None, catkin_skip_building_tests=False, cmake_args=None, cmake_clean_cache=False, cmake_clean_first=False, cmake_force_configure=False, cmake_target=None, cmake_target_skip_unavailable=False, continue_on_error=False, event_handlers=None, executor='parallel', ignore_user_meta=False, install_base='install', log_base=None, log_level=None, main=<bound method BuildVerb.main of <colcon_core.verb.build.BuildVerb object at 0x7f92546c8700>>, merge_install=False, metas=['./colcon.meta'], packages_above=None, packages_above_and_dependencies=None, packages_above_depth=None, packages_end=None, packages_ignore=None, packages_ignore_regex=None, packages_select=None, packages_select_build_failed=False, packages_select_by_dep=None, packages_select_regex=None, packages_select_test_failures=False, packages_skip=None, packages_skip_build_finished=False, packages_skip_by_dep=None, packages_skip_regex=None, packages_skip_test_passed=False, packages_skip_up_to=None, packages_start=None, packages_up_to=None, packages_up_to_regex=None, parallel_workers=8, paths=None, symlink_install=False, test_result_base=None, verb_extension=<colcon_core.verb.build.BuildVerb object at 0x7f92546c8700>, verb_name='build', verb_parser=<colcon_defaults.argument_parser.defaults.DefaultArgumentsDecorator object at 0x7f92546c8c40>)
[0.343s] Level 1:colcon.colcon_core.package_discovery:discover_packages(colcon_meta) check parameters
[0.343s] Level 1:colcon.colcon_core.package_discovery:discover_packages(recursive) check parameters
[0.343s] Level 1:colcon.colcon_core.package_discovery:discover_packages(ignore) check parameters
[0.343s] Level 1:colcon.colcon_core.package_discovery:discover_packages(path) check parameters
[0.343s] Level 1:colcon.colcon_core.package_discovery:discover_packages(colcon_meta) discover
[0.343s] Level 1:colcon.colcon_core.package_discovery:discover_packages(recursive) discover
[0.343s] INFO:colcon.colcon_core.package_discovery:Crawling recursively for packages in '/home/chris/Robosim'
[0.343s] Level 1:colcon.colcon_core.package_identification:_identify(.) by extensions ['ignore', 'ignore_ament_install']
[0.343s] Level 1:colcon.colcon_core.package_identification:_identify(.) by extension 'ignore'
[0.344s] Level 1:colcon.colcon_core.package_identification:_identify(.) by extension 'ignore_ament_install'
[0.344s] Level 1:colcon.colcon_core.package_identification:_identify(.) by extensions ['colcon_pkg']
[0.344s] Level 1:colcon.colcon_core.package_identification:_identify(.) by extension 'colcon_pkg'
[0.344s] Level 1:colcon.colcon_core.package_identification:_identify(.) by extensions ['colcon_meta']
[0.344s] Level 1:colcon.colcon_core.package_identification:_identify(.) by extension 'colcon_meta'
[0.344s] Level 1:colcon.colcon_core.package_identification:_identify(.) by extensions ['ros']
[0.344s] Level 1:colcon.colcon_core.package_identification:_identify(.) by extension 'ros'
[0.354s] Level 1:colcon.colcon_core.package_identification:_identify(.) by extensions ['cmake', 'python']
[0.354s] Level 1:colcon.colcon_core.package_identification:_identify(.) by extension 'cmake'
[0.354s] Level 1:colcon.colcon_core.package_identification:_identify(.) by extension 'python'
[0.354s] Level 1:colcon.colcon_core.package_identification:_identify(.) by extensions ['python_setup_py']
[0.354s] Level 1:colcon.colcon_core.package_identification:_identify(.) by extension 'python_setup_py'
[0.354s] Level 1:colcon.colcon_core.package_identification:_identify(build) by extensions ['ignore', 'ignore_ament_install']
[0.354s] Level 1:colcon.colcon_core.package_identification:_identify(build) by extension 'ignore'
[0.354s] Level 1:colcon.colcon_core.package_identification:_identify(build) ignored
[0.354s] Level 1:colcon.colcon_core.package_identification:_identify(install) by extensions ['ignore', 'ignore_ament_install']
[0.354s] Level 1:colcon.colcon_core.package_identification:_identify(install) by extension 'ignore'
[0.354s] Level 1:colcon.colcon_core.package_identification:_identify(install) ignored
[0.354s] Level 1:colcon.colcon_core.package_identification:_identify(log) by extensions ['ignore', 'ignore_ament_install']
[0.355s] Level 1:colcon.colcon_core.package_identification:_identify(log) by extension 'ignore'
[0.355s] Level 1:colcon.colcon_core.package_identification:_identify(log) ignored
[0.355s] Level 1:colcon.colcon_core.package_identification:_identify(snap) by extensions ['ignore', 'ignore_ament_install']
[0.355s] Level 1:colcon.colcon_core.package_identification:_identify(snap) by extension 'ignore'
[0.355s] Level 1:colcon.colcon_core.package_identification:_identify(snap) by extension 'ignore_ament_install'
[0.355s] Level 1:colcon.colcon_core.package_identification:_identify(snap) by extensions ['colcon_pkg']
[0.355s] Level 1:colcon.colcon_core.package_identification:_identify(snap) by extension 'colcon_pkg'
[0.355s] Level 1:colcon.colcon_core.package_identification:_identify(snap) by extensions ['colcon_meta']
[0.355s] Level 1:colcon.colcon_core.package_identification:_identify(snap) by extension 'colcon_meta'
[0.355s] Level 1:colcon.colcon_core.package_identification:_identify(snap) by extensions ['ros']
[0.355s] Level 1:colcon.colcon_core.package_identification:_identify(snap) by extension 'ros'
[0.355s] Level 1:colcon.colcon_core.package_identification:_identify(snap) by extensions ['cmake', 'python']
[0.355s] Level 1:colcon.colcon_core.package_identification:_identify(snap) by extension 'cmake'
[0.355s] Level 1:colcon.colcon_core.package_identification:_identify(snap) by extension 'python'
[0.355s] Level 1:colcon.colcon_core.package_identification:_identify(snap) by extensions ['python_setup_py']
[0.355s] Level 1:colcon.colcon_core.package_identification:_identify(snap) by extension 'python_setup_py'
[0.355s] Level 1:colcon.colcon_core.package_identification:_identify(src) by extensions ['ignore', 'ignore_ament_install']
[0.355s] Level 1:colcon.colcon_core.package_identification:_identify(src) by extension 'ignore'
[0.355s] Level 1:colcon.colcon_core.package_identification:_identify(src) by extension 'ignore_ament_install'
[0.356s] Level 1:colcon.colcon_core.package_identification:_identify(src) by extensions ['colcon_pkg']
[0.356s] Level 1:colcon.colcon_core.package_identification:_identify(src) by extension 'colcon_pkg'
[0.356s] Level 1:colcon.colcon_core.package_identification:_identify(src) by extensions ['colcon_meta']
[0.356s] Level 1:colcon.colcon_core.package_identification:_identify(src) by extension 'colcon_meta'
[0.356s] Level 1:colcon.colcon_core.package_identification:_identify(src) by extensions ['ros']
[0.356s] Level 1:colcon.colcon_core.package_identification:_identify(src) by extension 'ros'
[0.356s] Level 1:colcon.colcon_core.package_identification:_identify(src) by extensions ['cmake', 'python']
[0.356s] Level 1:colcon.colcon_core.package_identification:_identify(src) by extension 'cmake'
[0.356s] Level 1:colcon.colcon_core.package_identification:_identify(src) by extension 'python'
[0.356s] Level 1:colcon.colcon_core.package_identification:_identify(src) by extensions ['python_setup_py']
[0.356s] Level 1:colcon.colcon_core.package_identification:_identify(src) by extension 'python_setup_py'
[0.356s] Level 1:colcon.colcon_core.package_identification:_identify(src/like_a_rumba_robot) by extensions ['ignore', 'ignore_ament_install']
[0.356s] Level 1:colcon.colcon_core.package_identification:_identify(src/like_a_rumba_robot) by extension 'ignore'
[0.356s] Level 1:colcon.colcon_core.package_identification:_identify(src/like_a_rumba_robot) by extension 'ignore_ament_install'
[0.356s] Level 1:colcon.colcon_core.package_identification:_identify(src/like_a_rumba_robot) by extensions ['colcon_pkg']
[0.356s] Level 1:colcon.colcon_core.package_identification:_identify(src/like_a_rumba_robot) by extension 'colcon_pkg'
[0.356s] Level 1:colcon.colcon_core.package_identification:_identify(src/like_a_rumba_robot) by extensions ['colcon_meta']
[0.356s] Level 1:colcon.colcon_core.package_identification:_identify(src/like_a_rumba_robot) by extension 'colcon_meta'
[0.356s] Level 1:colcon.colcon_core.package_identification:_identify(src/like_a_rumba_robot) by extensions ['ros']
[0.356s] Level 1:colcon.colcon_core.package_identification:_identify(src/like_a_rumba_robot) by extension 'ros'
[0.359s] DEBUG:colcon.colcon_core.package_identification:Package 'src/like_a_rumba_robot' with type 'ros.ament_python' and name 'like_a_rumba_robot'
[0.359s] Level 1:colcon.colcon_core.package_identification:_identify(src/turtlebot3_simulations) by extensions ['ignore', 'ignore_ament_install']
[0.359s] Level 1:colcon.colcon_core.package_identification:_identify(src/turtlebot3_simulations) by extension 'ignore'
[0.360s] Level 1:colcon.colcon_core.package_identification:_identify(src/turtlebot3_simulations) by extension 'ignore_ament_install'
[0.360s] Level 1:colcon.colcon_core.package_identification:_identify(src/turtlebot3_simulations) by extensions ['colcon_pkg']
[0.360s] Level 1:colcon.colcon_core.package_identification:_identify(src/turtlebot3_simulations) by extension 'colcon_pkg'
[0.360s] Level 1:colcon.colcon_core.package_identification:_identify(src/turtlebot3_simulations) by extensions ['colcon_meta']
[0.360s] Level 1:colcon.colcon_core.package_identification:_identify(src/turtlebot3_simulations) by extension 'colcon_meta'
[0.360s] Level 1:colcon.colcon_core.package_identification:_identify(src/turtlebot3_simulations) by extensions ['ros']
[0.360s] Level 1:colcon.colcon_core.package_identification:_identify(src/turtlebot3_simulations) by extension 'ros'
[0.360s] Level 1:colcon.colcon_core.package_identification:_identify(src/turtlebot3_simulations) by extensions ['cmake', 'python']
[0.360s] Level 1:colcon.colcon_core.package_identification:_identify(src/turtlebot3_simulations) by extension 'cmake'
[0.360s] Level 1:colcon.colcon_core.package_identification:_identify(src/turtlebot3_simulations) by extension 'python'
[0.360s] Level 1:colcon.colcon_core.package_identification:_identify(src/turtlebot3_simulations) by extensions ['python_setup_py']
[0.360s] Level 1:colcon.colcon_core.package_identification:_identify(src/turtlebot3_simulations) by extension 'python_setup_py'
[0.360s] Level 1:colcon.colcon_core.package_identification:_identify(src/turtlebot3_simulations/turtlebot3_fake_node) by extensions ['ignore', 'ignore_ament_install']
[0.360s] Level 1:colcon.colcon_core.package_identification:_identify(src/turtlebot3_simulations/turtlebot3_fake_node) by extension 'ignore'
[0.360s] Level 1:colcon.colcon_core.package_identification:_identify(src/turtlebot3_simulations/turtlebot3_fake_node) by extension 'ignore_ament_install'
[0.360s] Level 1:colcon.colcon_core.package_identification:_identify(src/turtlebot3_simulations/turtlebot3_fake_node) by extensions ['colcon_pkg']
[0.360s] Level 1:colcon.colcon_core.package_identification:_identify(src/turtlebot3_simulations/turtlebot3_fake_node) by extension 'colcon_pkg'
[0.360s] Level 1:colcon.colcon_core.package_identification:_identify(src/turtlebot3_simulations/turtlebot3_fake_node) by extensions ['colcon_meta']
[0.360s] Level 1:colcon.colcon_core.package_identification:_identify(src/turtlebot3_simulations/turtlebot3_fake_node) by extension 'colcon_meta'
[0.360s] Level 1:colcon.colcon_core.package_identification:_identify(src/turtlebot3_simulations/turtlebot3_fake_node) by extensions ['ros']
[0.360s] Level 1:colcon.colcon_core.package_identification:_identify(src/turtlebot3_simulations/turtlebot3_fake_node) by extension 'ros'
[0.362s] DEBUG:colcon.colcon_core.package_identification:Package 'src/turtlebot3_simulations/turtlebot3_fake_node' with type 'ros.ament_cmake' and name 'turtlebot3_fake_node'
[0.362s] Level 1:colcon.colcon_core.package_identification:_identify(src/turtlebot3_simulations/turtlebot3_gazebo) by extensions ['ignore', 'ignore_ament_install']
[0.362s] Level 1:colcon.colcon_core.package_identification:_identify(src/turtlebot3_simulations/turtlebot3_gazebo) by extension 'ignore'
[0.362s] Level 1:colcon.colcon_core.package_identification:_identify(src/turtlebot3_simulations/turtlebot3_gazebo) by extension 'ignore_ament_install'
[0.362s] Level 1:colcon.colcon_core.package_identification:_identify(src/turtlebot3_simulations/turtlebot3_gazebo) by extensions ['colcon_pkg']
[0.362s] Level 1:colcon.colcon_core.package_identification:_identify(src/turtlebot3_simulations/turtlebot3_gazebo) by extension 'colcon_pkg'
[0.362s] Level 1:colcon.colcon_core.package_identification:_identify(src/turtlebot3_simulations/turtlebot3_gazebo) by extensions ['colcon_meta']
[0.362s] Level 1:colcon.colcon_core.package_identification:_identify(src/turtlebot3_simulations/turtlebot3_gazebo) by extension 'colcon_meta'
[0.362s] Level 1:colcon.colcon_core.package_identification:_identify(src/turtlebot3_simulations/turtlebot3_gazebo) by extensions ['ros']
[0.362s] Level 1:colcon.colcon_core.package_identification:_identify(src/turtlebot3_simulations/turtlebot3_gazebo) by extension 'ros'
[0.363s] DEBUG:colcon.colcon_core.package_identification:Package 'src/turtlebot3_simulations/turtlebot3_gazebo' with type 'ros.ament_cmake' and name 'turtlebot3_gazebo'
[0.363s] Level 1:colcon.colcon_core.package_identification:_identify(src/turtlebot3_simulations/turtlebot3_simulations) by extensions ['ignore', 'ignore_ament_install']
[0.363s] Level 1:colcon.colcon_core.package_identification:_identify(src/turtlebot3_simulations/turtlebot3_simulations) by extension 'ignore'
[0.363s] Level 1:colcon.colcon_core.package_identification:_identify(src/turtlebot3_simulations/turtlebot3_simulations) by extension 'ignore_ament_install'
[0.363s] Level 1:colcon.colcon_core.package_identification:_identify(src/turtlebot3_simulations/turtlebot3_simulations) by extensions ['colcon_pkg']
[0.363s] Level 1:colcon.colcon_core.package_identification:_identify(src/turtlebot3_simulations/turtlebot3_simulations) by extension 'colcon_pkg'
[0.363s] Level 1:colcon.colcon_core.package_identification:_identify(src/turtlebot3_simulations/turtlebot3_simulations) by extensions ['colcon_meta']
[0.363s] Level 1:colcon.colcon_core.package_identification:_identify(src/turtlebot3_simulations/turtlebot3_simulations) by extension 'colcon_meta'
[0.363s] Level 1:colcon.colcon_core.package_identification:_identify(src/turtlebot3_simulations/turtlebot3_simulations) by extensions ['ros']
[0.363s] Level 1:colcon.colcon_core.package_identification:_identify(src/turtlebot3_simulations/turtlebot3_simulations) by extension 'ros'
[0.364s] DEBUG:colcon.colcon_core.package_identification:Package 'src/turtlebot3_simulations/turtlebot3_simulations' with type 'ros.ament_cmake' and name 'turtlebot3_simulations'
[0.364s] Level 1:colcon.colcon_core.package_discovery:discover_packages(recursive) using defaults
[0.364s] Level 1:colcon.colcon_core.package_discovery:discover_packages(ignore) discover
[0.364s] Level 1:colcon.colcon_core.package_discovery:discover_packages(ignore) using defaults
[0.364s] Level 1:colcon.colcon_core.package_discovery:discover_packages(path) discover
[0.364s] Level 1:colcon.colcon_core.package_discovery:discover_packages(path) using defaults
[0.382s] Level 1:colcon.colcon_core.package_discovery:discover_packages(prefix_path) check parameters
[0.382s] Level 1:colcon.colcon_core.package_discovery:discover_packages(prefix_path) discover
[0.385s] DEBUG:colcon.colcon_installed_package_information.package_discovery:Found 4 installed packages in /home/chris/Robosim/install
[0.386s] DEBUG:colcon.colcon_installed_package_information.package_discovery:Found 360 installed packages in /opt/ros/galactic
[0.388s] Level 1:colcon.colcon_core.package_discovery:discover_packages(prefix_path) using defaults
[0.465s] Level 5:colcon.colcon_core.verb:set package 'like_a_rumba_robot' build argument 'cmake_args' from command line to 'None'
[0.465s] Level 5:colcon.colcon_core.verb:set package 'like_a_rumba_robot' build argument 'cmake_target' from command line to 'None'
[0.465s] Level 5:colcon.colcon_core.verb:set package 'like_a_rumba_robot' build argument 'cmake_target_skip_unavailable' from command line to 'False'
[0.466s] Level 5:colcon.colcon_core.verb:set package 'like_a_rumba_robot' build argument 'cmake_clean_cache' from command line to 'False'
[0.466s] Level 5:colcon.colcon_core.verb:set package 'like_a_rumba_robot' build argument 'cmake_clean_first' from command line to 'False'
[0.466s] Level 5:colcon.colcon_core.verb:set package 'like_a_rumba_robot' build argument 'cmake_force_configure' from command line to 'False'
[0.466s] Level 5:colcon.colcon_core.verb:set package 'like_a_rumba_robot' build argument 'ament_cmake_args' from command line to 'None'
[0.466s] Level 5:colcon.colcon_core.verb:set package 'like_a_rumba_robot' build argument 'catkin_cmake_args' from command line to 'None'
[0.466s] Level 5:colcon.colcon_core.verb:set package 'like_a_rumba_robot' build argument 'catkin_skip_building_tests' from command line to 'False'
[0.466s] DEBUG:colcon.colcon_core.verb:Building package 'like_a_rumba_robot' with the following arguments: {'ament_cmake_args': None, 'build_base': '/home/chris/Robosim/build/like_a_rumba_robot', 'catkin_cmake_args': None, 'catkin_skip_building_tests': False, 'cmake_args': None, 'cmake_clean_cache': False, 'cmake_clean_first': False, 'cmake_force_configure': False, 'cmake_target': None, 'cmake_target_skip_unavailable': False, 'install_base': '/home/chris/Robosim/install/like_a_rumba_robot', 'merge_install': False, 'path': '/home/chris/Robosim/src/like_a_rumba_robot', 'symlink_install': False, 'test_result_base': None}
[0.467s] Level 5:colcon.colcon_core.verb:set package 'turtlebot3_fake_node' build argument 'cmake_args' from command line to 'None'
[0.467s] Level 5:colcon.colcon_core.verb:set package 'turtlebot3_fake_node' build argument 'cmake_target' from command line to 'None'
[0.467s] Level 5:colcon.colcon_core.verb:set package 'turtlebot3_fake_node' build argument 'cmake_target_skip_unavailable' from command line to 'False'
[0.467s] Level 5:colcon.colcon_core.verb:set package 'turtlebot3_fake_node' build argument 'cmake_clean_cache' from command line to 'False'
[0.467s] Level 5:colcon.colcon_core.verb:set package 'turtlebot3_fake_node' build argument 'cmake_clean_first' from command line to 'False'
[0.467s] Level 5:colcon.colcon_core.verb:set package 'turtlebot3_fake_node' build argument 'cmake_force_configure' from command line to 'False'
[0.467s] Level 5:colcon.colcon_core.verb:set package 'turtlebot3_fake_node' build argument 'ament_cmake_args' from command line to 'None'
[0.467s] Level 5:colcon.colcon_core.verb:set package 'turtlebot3_fake_node' build argument 'catkin_cmake_args' from command line to 'None'
[0.467s] Level 5:colcon.colcon_core.verb:set package 'turtlebot3_fake_node' build argument 'catkin_skip_building_tests' from command line to 'False'
[0.467s] DEBUG:colcon.colcon_core.verb:Building package 'turtlebot3_fake_node' with the following arguments: {'ament_cmake_args': None, 'build_base': '/home/chris/Robosim/build/turtlebot3_fake_node', 'catkin_cmake_args': None, 'catkin_skip_building_tests': False, 'cmake_args': None, 'cmake_clean_cache': False, 'cmake_clean_first': False, 'cmake_force_configure': False, 'cmake_target': None, 'cmake_target_skip_unavailable': False, 'install_base': '/home/chris/Robosim/install/turtlebot3_fake_node', 'merge_install': False, 'path': '/home/chris/Robosim/src/turtlebot3_simulations/turtlebot3_fake_node', 'symlink_install': False, 'test_result_base': None}
[0.468s] Level 5:colcon.colcon_core.verb:set package 'turtlebot3_gazebo' build argument 'cmake_args' from command line to 'None'
[0.468s] Level 5:colcon.colcon_core.verb:set package 'turtlebot3_gazebo' build argument 'cmake_target' from command line to 'None'
[0.468s] Level 5:colcon.colcon_core.verb:set package 'turtlebot3_gazebo' build argument 'cmake_target_skip_unavailable' from command line to 'False'
[0.468s] Level 5:colcon.colcon_core.verb:set package 'turtlebot3_gazebo' build argument 'cmake_clean_cache' from command line to 'False'
[0.468s] Level 5:colcon.colcon_core.verb:set package 'turtlebot3_gazebo' build argument 'cmake_clean_first' from command line to 'False'
[0.468s] Level 5:colcon.colcon_core.verb:set package 'turtlebot3_gazebo' build argument 'cmake_force_configure' from command line to 'False'
[0.468s] Level 5:colcon.colcon_core.verb:set package 'turtlebot3_gazebo' build argument 'ament_cmake_args' from command line to 'None'
[0.468s] Level 5:colcon.colcon_core.verb:set package 'turtlebot3_gazebo' build argument 'catkin_cmake_args' from command line to 'None'
[0.468s] Level 5:colcon.colcon_core.verb:set package 'turtlebot3_gazebo' build argument 'catkin_skip_building_tests' from command line to 'False'
[0.468s] DEBUG:colcon.colcon_core.verb:Building package 'turtlebot3_gazebo' with the following arguments: {'ament_cmake_args': None, 'build_base': '/home/chris/Robosim/build/turtlebot3_gazebo', 'catkin_cmake_args': None, 'catkin_skip_building_tests': False, 'cmake_args': None, 'cmake_clean_cache': False, 'cmake_clean_first': False, 'cmake_force_configure': False, 'cmake_target': None, 'cmake_target_skip_unavailable': False, 'install_base': '/home/chris/Robosim/install/turtlebot3_gazebo', 'merge_install': False, 'path': '/home/chris/Robosim/src/turtlebot3_simulations/turtlebot3_gazebo', 'symlink_install': False, 'test_result_base': None}
[0.469s] Level 5:colcon.colcon_core.verb:set package 'turtlebot3_simulations' build argument 'cmake_args' from command line to 'None'
[0.469s] Level 5:colcon.colcon_core.verb:set package 'turtlebot3_simulations' build argument 'cmake_target' from command line to 'None'
[0.469s] Level 5:colcon.colcon_core.verb:set package 'turtlebot3_simulations' build argument 'cmake_target_skip_unavailable' from command line to 'False'
[0.469s] Level 5:colcon.colcon_core.verb:set package 'turtlebot3_simulations' build argument 'cmake_clean_cache' from command line to 'False'
[0.469s] Level 5:colcon.colcon_core.verb:set package 'turtlebot3_simulations' build argument 'cmake_clean_first' from command line to 'False'
[0.469s] Level 5:colcon.colcon_core.verb:set package 'turtlebot3_simulations' build argument 'cmake_force_configure' from command line to 'False'
[0.469s] Level 5:colcon.colcon_core.verb:set package 'turtlebot3_simulations' build argument 'ament_cmake_args' from command line to 'None'
[0.469s] Level 5:colcon.colcon_core.verb:set package 'turtlebot3_simulations' build argument 'catkin_cmake_args' from command line to 'None'
[0.469s] Level 5:colcon.colcon_core.verb:set package 'turtlebot3_simulations' build argument 'catkin_skip_building_tests' from command line to 'False'
[0.469s] DEBUG:colcon.colcon_core.verb:Building package 'turtlebot3_simulations' with the following arguments: {'ament_cmake_args': None, 'build_base': '/home/chris/Robosim/build/turtlebot3_simulations', 'catkin_cmake_args': None, 'catkin_skip_building_tests': False, 'cmake_args': None, 'cmake_clean_cache': False, 'cmake_clean_first': False, 'cmake_force_configure': False, 'cmake_target': None, 'cmake_target_skip_unavailable': False, 'install_base': '/home/chris/Robosim/install/turtlebot3_simulations', 'merge_install': False, 'path': '/home/chris/Robosim/src/turtlebot3_simulations/turtlebot3_simulations', 'symlink_install': False, 'test_result_base': None}
[0.470s] INFO:colcon.colcon_core.executor:Executing jobs using 'parallel' executor
[0.473s] DEBUG:colcon.colcon_parallel_executor.executor.parallel:run_until_complete
[0.473s] INFO:colcon.colcon_ros.task.ament_cmake.build:Building ROS package in '/home/chris/Robosim/src/turtlebot3_simulations/turtlebot3_fake_node' with build type 'ament_cmake'
[0.473s] INFO:colcon.colcon_cmake.task.cmake.build:Building CMake package in '/home/chris/Robosim/src/turtlebot3_simulations/turtlebot3_fake_node'
[0.477s] INFO:colcon.colcon_core.plugin_system:Skipping extension 'colcon_core.shell.bat': Not used on non-Windows systems
[0.477s] INFO:colcon.colcon_core.shell:Skip shell extension 'powershell' for command environment: Not usable outside of PowerShell
[0.478s] DEBUG:colcon.colcon_core.shell:Skip shell extension 'dsv' for command environment
[0.483s] INFO:colcon.colcon_ros.task.ament_cmake.build:Building ROS package in '/home/chris/Robosim/src/turtlebot3_simulations/turtlebot3_gazebo' with build type 'ament_cmake'
[0.484s] INFO:colcon.colcon_cmake.task.cmake.build:Building CMake package in '/home/chris/Robosim/src/turtlebot3_simulations/turtlebot3_gazebo'
[0.486s] INFO:colcon.colcon_core.shell:Skip shell extension 'powershell' for command environment: Not usable outside of PowerShell
[0.486s] DEBUG:colcon.colcon_core.shell:Skip shell extension 'dsv' for command environment
[0.494s] INFO:colcon.colcon_ros.task.ament_python.build:Building ROS package in '/home/chris/Robosim/src/like_a_rumba_robot' with build type 'ament_python'
[0.494s] Level 1:colcon.colcon_core.shell:create_environment_hook('like_a_rumba_robot', 'ament_prefix_path')
[0.497s] INFO:colcon.colcon_core.shell:Creating environment hook '/home/chris/Robosim/install/like_a_rumba_robot/share/like_a_rumba_robot/hook/ament_prefix_path.ps1'
[0.498s] INFO:colcon.colcon_core.shell:Creating environment descriptor '/home/chris/Robosim/install/like_a_rumba_robot/share/like_a_rumba_robot/hook/ament_prefix_path.dsv'
[0.498s] INFO:colcon.colcon_core.shell:Creating environment hook '/home/chris/Robosim/install/like_a_rumba_robot/share/like_a_rumba_robot/hook/ament_prefix_path.sh'
[0.500s] INFO:colcon.colcon_core.shell:Skip shell extension 'powershell' for command environment: Not usable outside of PowerShell
[0.500s] DEBUG:colcon.colcon_core.shell:Skip shell extension 'dsv' for command environment
[0.515s] DEBUG:colcon.colcon_core.event_handler.log_command:Invoking command in '/home/chris/Robosim/build/turtlebot3_fake_node': CMAKE_PREFIX_PATH=${CMAKE_PREFIX_PATH}:/home/chris/Robosim/install/like_a_rumba_robot:/opt/ros/galactic /home/chris/.local/bin/cmake --build /home/chris/Robosim/build/turtlebot3_fake_node -- -j8 -l8
[0.521s] DEBUG:colcon.colcon_core.event_handler.log_command:Invoking command in '/home/chris/Robosim/build/turtlebot3_gazebo': CMAKE_PREFIX_PATH=${CMAKE_PREFIX_PATH}:/home/chris/Robosim/install/like_a_rumba_robot:/opt/ros/galactic /home/chris/.local/bin/cmake --build /home/chris/Robosim/build/turtlebot3_gazebo -- -j8 -l8
[0.811s] INFO:colcon.colcon_core.task.python.build:Building Python package in '/home/chris/Robosim/src/like_a_rumba_robot'
[0.813s] INFO:colcon.colcon_core.shell:Skip shell extension 'powershell' for command environment: Not usable outside of PowerShell
[0.813s] DEBUG:colcon.colcon_core.shell:Skip shell extension 'dsv' for command environment
[0.822s] DEBUG:colcon.colcon_core.event_handler.log_command:Invoked command in '/home/chris/Robosim/build/turtlebot3_gazebo' returned '0': CMAKE_PREFIX_PATH=${CMAKE_PREFIX_PATH}:/home/chris/Robosim/install/like_a_rumba_robot:/opt/ros/galactic /home/chris/.local/bin/cmake --build /home/chris/Robosim/build/turtlebot3_gazebo -- -j8 -l8
[0.829s] DEBUG:colcon.colcon_core.event_handler.log_command:Invoked command in '/home/chris/Robosim/build/turtlebot3_fake_node' returned '0': CMAKE_PREFIX_PATH=${CMAKE_PREFIX_PATH}:/home/chris/Robosim/install/like_a_rumba_robot:/opt/ros/galactic /home/chris/.local/bin/cmake --build /home/chris/Robosim/build/turtlebot3_fake_node -- -j8 -l8
[0.916s] DEBUG:colcon.colcon_core.event_handler.log_command:Invoking command in '/home/chris/Robosim/build/turtlebot3_gazebo': CMAKE_PREFIX_PATH=${CMAKE_PREFIX_PATH}:/home/chris/Robosim/install/like_a_rumba_robot:/opt/ros/galactic /home/chris/.local/bin/cmake --install /home/chris/Robosim/build/turtlebot3_gazebo
[0.920s] DEBUG:colcon.colcon_core.event_handler.log_command:Invoking command in '/home/chris/Robosim/build/turtlebot3_fake_node': CMAKE_PREFIX_PATH=${CMAKE_PREFIX_PATH}:/home/chris/Robosim/install/like_a_rumba_robot:/opt/ros/galactic /home/chris/.local/bin/cmake --install /home/chris/Robosim/build/turtlebot3_fake_node
[0.960s] Level 1:colcon.colcon_core.environment:create_environment_scripts_only(turtlebot3_fake_node)
[0.972s] DEBUG:colcon.colcon_core.event_handler.log_command:Invoked command in '/home/chris/Robosim/build/turtlebot3_fake_node' returned '0': CMAKE_PREFIX_PATH=${CMAKE_PREFIX_PATH}:/home/chris/Robosim/install/like_a_rumba_robot:/opt/ros/galactic /home/chris/.local/bin/cmake --install /home/chris/Robosim/build/turtlebot3_fake_node
[0.975s] Level 1:colcon.colcon_core.environment:checking '/home/chris/Robosim/install/turtlebot3_fake_node' for CMake module files
[0.976s] Level 1:colcon.colcon_core.environment:checking '/home/chris/Robosim/install/turtlebot3_fake_node' for CMake config files
[0.976s] Level 1:colcon.colcon_core.shell:create_environment_hook('turtlebot3_fake_node', 'cmake_prefix_path')
[0.978s] INFO:colcon.colcon_core.shell:Creating environment hook '/home/chris/Robosim/install/turtlebot3_fake_node/share/turtlebot3_fake_node/hook/cmake_prefix_path.ps1'
[0.978s] INFO:colcon.colcon_core.shell:Creating environment descriptor '/home/chris/Robosim/install/turtlebot3_fake_node/share/turtlebot3_fake_node/hook/cmake_prefix_path.dsv'
[0.978s] INFO:colcon.colcon_core.shell:Creating environment hook '/home/chris/Robosim/install/turtlebot3_fake_node/share/turtlebot3_fake_node/hook/cmake_prefix_path.sh'
[0.979s] Level 1:colcon.colcon_core.environment:checking '/home/chris/Robosim/install/turtlebot3_fake_node/lib'
[0.979s] Level 1:colcon.colcon_core.environment:checking '/home/chris/Robosim/install/turtlebot3_fake_node/bin'
[0.979s] Level 1:colcon.colcon_core.environment:checking '/home/chris/Robosim/install/turtlebot3_fake_node/lib/pkgconfig/turtlebot3_fake_node.pc'
[0.980s] Level 1:colcon.colcon_core.environment:checking '/home/chris/Robosim/install/turtlebot3_fake_node/lib/python3.8/site-packages'
[0.980s] Level 1:colcon.colcon_core.environment:checking '/home/chris/Robosim/install/turtlebot3_fake_node/bin'
[0.982s] INFO:colcon.colcon_core.shell:Creating package script '/home/chris/Robosim/install/turtlebot3_fake_node/share/turtlebot3_fake_node/package.ps1'
[0.982s] INFO:colcon.colcon_core.shell:Creating package descriptor '/home/chris/Robosim/install/turtlebot3_fake_node/share/turtlebot3_fake_node/package.dsv'
[0.983s] INFO:colcon.colcon_core.shell:Creating package script '/home/chris/Robosim/install/turtlebot3_fake_node/share/turtlebot3_fake_node/package.sh'
[0.983s] INFO:colcon.colcon_core.shell:Creating package script '/home/chris/Robosim/install/turtlebot3_fake_node/share/turtlebot3_fake_node/package.bash'
[0.984s] INFO:colcon.colcon_core.shell:Creating package script '/home/chris/Robosim/install/turtlebot3_fake_node/share/turtlebot3_fake_node/package.zsh'
[0.985s] Level 1:colcon.colcon_core.environment:create_file_with_runtime_dependencies(/home/chris/Robosim/install/turtlebot3_fake_node/share/colcon-core/packages/turtlebot3_fake_node)
[0.988s] Level 1:colcon.colcon_core.environment:create_environment_scripts_only(turtlebot3_gazebo)
[0.991s] Level 1:colcon.colcon_core.environment:checking '/home/chris/Robosim/install/turtlebot3_gazebo' for CMake module files
[0.991s] DEBUG:colcon.colcon_core.event_handler.log_command:Invoked command in '/home/chris/Robosim/build/turtlebot3_gazebo' returned '0': CMAKE_PREFIX_PATH=${CMAKE_PREFIX_PATH}:/home/chris/Robosim/install/like_a_rumba_robot:/opt/ros/galactic /home/chris/.local/bin/cmake --install /home/chris/Robosim/build/turtlebot3_gazebo
[0.992s] Level 1:colcon.colcon_core.environment:checking '/home/chris/Robosim/install/turtlebot3_gazebo' for CMake config files
[0.993s] Level 1:colcon.colcon_core.shell:create_environment_hook('turtlebot3_gazebo', 'cmake_prefix_path')
[0.997s] INFO:colcon.colcon_core.shell:Creating environment hook '/home/chris/Robosim/install/turtlebot3_gazebo/share/turtlebot3_gazebo/hook/cmake_prefix_path.ps1'
[0.998s] INFO:colcon.colcon_core.shell:Creating environment descriptor '/home/chris/Robosim/install/turtlebot3_gazebo/share/turtlebot3_gazebo/hook/cmake_prefix_path.dsv'
[0.998s] INFO:colcon.colcon_core.shell:Creating environment hook '/home/chris/Robosim/install/turtlebot3_gazebo/share/turtlebot3_gazebo/hook/cmake_prefix_path.sh'
[0.999s] Level 1:colcon.colcon_core.environment:checking '/home/chris/Robosim/install/turtlebot3_gazebo/lib'
[0.999s] Level 1:colcon.colcon_core.environment:checking '/home/chris/Robosim/install/turtlebot3_gazebo/bin'
[0.999s] Level 1:colcon.colcon_core.environment:checking '/home/chris/Robosim/install/turtlebot3_gazebo/lib/pkgconfig/turtlebot3_gazebo.pc'
[0.999s] Level 1:colcon.colcon_core.environment:checking '/home/chris/Robosim/install/turtlebot3_gazebo/lib/python3.8/site-packages'
[0.999s] Level 1:colcon.colcon_core.environment:checking '/home/chris/Robosim/install/turtlebot3_gazebo/bin'
[1.001s] INFO:colcon.colcon_core.shell:Creating package script '/home/chris/Robosim/install/turtlebot3_gazebo/share/turtlebot3_gazebo/package.ps1'
[1.002s] INFO:colcon.colcon_core.shell:Creating package descriptor '/home/chris/Robosim/install/turtlebot3_gazebo/share/turtlebot3_gazebo/package.dsv'
[1.003s] INFO:colcon.colcon_core.shell:Creating package script '/home/chris/Robosim/install/turtlebot3_gazebo/share/turtlebot3_gazebo/package.sh'
[1.003s] INFO:colcon.colcon_core.shell:Creating package script '/home/chris/Robosim/install/turtlebot3_gazebo/share/turtlebot3_gazebo/package.bash'
[1.003s] INFO:colcon.colcon_core.shell:Creating package script '/home/chris/Robosim/install/turtlebot3_gazebo/share/turtlebot3_gazebo/package.zsh'
[1.004s] Level 1:colcon.colcon_core.environment:create_file_with_runtime_dependencies(/home/chris/Robosim/install/turtlebot3_gazebo/share/colcon-core/packages/turtlebot3_gazebo)
[1.038s] Level 1:colcon.colcon_core.environment:create_environment_scripts_only(turtlebot3_fake_node)
[1.041s] Level 1:colcon.colcon_core.environment:checking '/home/chris/Robosim/install/turtlebot3_fake_node' for CMake module files
[1.041s] Level 1:colcon.colcon_core.environment:checking '/home/chris/Robosim/install/turtlebot3_fake_node' for CMake config files
[1.042s] Level 1:colcon.colcon_core.shell:create_environment_hook('turtlebot3_fake_node', 'cmake_prefix_path')
[1.043s] INFO:colcon.colcon_core.shell:Creating environment hook '/home/chris/Robosim/install/turtlebot3_fake_node/share/turtlebot3_fake_node/hook/cmake_prefix_path.ps1'
[1.044s] INFO:colcon.colcon_core.shell:Creating environment descriptor '/home/chris/Robosim/install/turtlebot3_fake_node/share/turtlebot3_fake_node/hook/cmake_prefix_path.dsv'
[1.044s] INFO:colcon.colcon_core.shell:Creating environment hook '/home/chris/Robosim/install/turtlebot3_fake_node/share/turtlebot3_fake_node/hook/cmake_prefix_path.sh'
[1.045s] Level 1:colcon.colcon_core.environment:checking '/home/chris/Robosim/install/turtlebot3_fake_node/lib'
[1.045s] Level 1:colcon.colcon_core.environment:checking '/home/chris/Robosim/install/turtlebot3_fake_node/bin'
[1.045s] Level 1:colcon.colcon_core.environment:checking '/home/chris/Robosim/install/turtlebot3_fake_node/lib/pkgconfig/turtlebot3_fake_node.pc'
[1.046s] Level 1:colcon.colcon_core.environment:checking '/home/chris/Robosim/install/turtlebot3_fake_node/lib/python3.8/site-packages'
[1.046s] Level 1:colcon.colcon_core.environment:checking '/home/chris/Robosim/install/turtlebot3_fake_node/bin'
[1.048s] INFO:colcon.colcon_core.shell:Creating package script '/home/chris/Robosim/install/turtlebot3_fake_node/share/turtlebot3_fake_node/package.ps1'
[1.049s] INFO:colcon.colcon_core.shell:Creating package descriptor '/home/chris/Robosim/install/turtlebot3_fake_node/share/turtlebot3_fake_node/package.dsv'
[1.049s] INFO:colcon.colcon_core.shell:Creating package script '/home/chris/Robosim/install/turtlebot3_fake_node/share/turtlebot3_fake_node/package.sh'
[1.050s] INFO:colcon.colcon_core.shell:Creating package script '/home/chris/Robosim/install/turtlebot3_fake_node/share/turtlebot3_fake_node/package.bash'
[1.050s] INFO:colcon.colcon_core.shell:Creating package script '/home/chris/Robosim/install/turtlebot3_fake_node/share/turtlebot3_fake_node/package.zsh'
[1.050s] Level 1:colcon.colcon_core.environment:create_file_with_runtime_dependencies(/home/chris/Robosim/install/turtlebot3_fake_node/share/colcon-core/packages/turtlebot3_fake_node)
[1.064s] Level 1:colcon.colcon_core.environment:create_environment_scripts_only(turtlebot3_gazebo)
[1.067s] Level 1:colcon.colcon_core.environment:checking '/home/chris/Robosim/install/turtlebot3_gazebo' for CMake module files
[1.067s] Level 1:colcon.colcon_core.environment:checking '/home/chris/Robosim/install/turtlebot3_gazebo' for CMake config files
[1.069s] Level 1:colcon.colcon_core.shell:create_environment_hook('turtlebot3_gazebo', 'cmake_prefix_path')
[1.070s] INFO:colcon.colcon_core.shell:Creating environment hook '/home/chris/Robosim/install/turtlebot3_gazebo/share/turtlebot3_gazebo/hook/cmake_prefix_path.ps1'
[1.071s] INFO:colcon.colcon_core.shell:Creating environment descriptor '/home/chris/Robosim/install/turtlebot3_gazebo/share/turtlebot3_gazebo/hook/cmake_prefix_path.dsv'
[1.071s] INFO:colcon.colcon_core.shell:Creating environment hook '/home/chris/Robosim/install/turtlebot3_gazebo/share/turtlebot3_gazebo/hook/cmake_prefix_path.sh'
[1.072s] Level 1:colcon.colcon_core.environment:checking '/home/chris/Robosim/install/turtlebot3_gazebo/lib'
[1.072s] Level 1:colcon.colcon_core.environment:checking '/home/chris/Robosim/install/turtlebot3_gazebo/bin'
[1.072s] Level 1:colcon.colcon_core.environment:checking '/home/chris/Robosim/install/turtlebot3_gazebo/lib/pkgconfig/turtlebot3_gazebo.pc'
[1.072s] Level 1:colcon.colcon_core.environment:checking '/home/chris/Robosim/install/turtlebot3_gazebo/lib/python3.8/site-packages'
[1.072s] Level 1:colcon.colcon_core.environment:checking '/home/chris/Robosim/install/turtlebot3_gazebo/bin'
[1.074s] INFO:colcon.colcon_core.shell:Creating package script '/home/chris/Robosim/install/turtlebot3_gazebo/share/turtlebot3_gazebo/package.ps1'
[1.074s] INFO:colcon.colcon_core.shell:Creating package descriptor '/home/chris/Robosim/install/turtlebot3_gazebo/share/turtlebot3_gazebo/package.dsv'
[1.075s] INFO:colcon.colcon_core.shell:Creating package script '/home/chris/Robosim/install/turtlebot3_gazebo/share/turtlebot3_gazebo/package.sh'
[1.075s] INFO:colcon.colcon_core.shell:Creating package script '/home/chris/Robosim/install/turtlebot3_gazebo/share/turtlebot3_gazebo/package.bash'
[1.076s] INFO:colcon.colcon_core.shell:Creating package script '/home/chris/Robosim/install/turtlebot3_gazebo/share/turtlebot3_gazebo/package.zsh'
[1.076s] Level 1:colcon.colcon_core.environment:create_file_with_runtime_dependencies(/home/chris/Robosim/install/turtlebot3_gazebo/share/colcon-core/packages/turtlebot3_gazebo)
[1.076s] INFO:colcon.colcon_ros.task.ament_cmake.build:Building ROS package in '/home/chris/Robosim/src/turtlebot3_simulations/turtlebot3_simulations' with build type 'ament_cmake'
[1.077s] INFO:colcon.colcon_cmake.task.cmake.build:Building CMake package in '/home/chris/Robosim/src/turtlebot3_simulations/turtlebot3_simulations'
[1.079s] INFO:colcon.colcon_core.shell:Skip shell extension 'powershell' for command environment: Not usable outside of PowerShell
[1.079s] DEBUG:colcon.colcon_core.shell:Skip shell extension 'dsv' for command environment
[1.097s] DEBUG:colcon.colcon_core.event_handler.log_command:Invoking command in '/home/chris/Robosim/build/turtlebot3_simulations': CMAKE_PREFIX_PATH=/home/chris/Robosim/install/turtlebot3_gazebo:/home/chris/Robosim/install/turtlebot3_fake_node:/home/chris/Robosim/install/turtlebot3_simulations:/home/chris/Robosim/install/like_a_rumba_robot:/opt/ros/galactic /home/chris/.local/bin/cmake --build /home/chris/Robosim/build/turtlebot3_simulations -- -j8 -l8
[1.139s] DEBUG:colcon.colcon_core.event_handler.log_command:Invoked command in '/home/chris/Robosim/build/turtlebot3_simulations' returned '0': CMAKE_PREFIX_PATH=/home/chris/Robosim/install/turtlebot3_gazebo:/home/chris/Robosim/install/turtlebot3_fake_node:/home/chris/Robosim/install/turtlebot3_simulations:/home/chris/Robosim/install/like_a_rumba_robot:/opt/ros/galactic /home/chris/.local/bin/cmake --build /home/chris/Robosim/build/turtlebot3_simulations -- -j8 -l8
[1.187s] DEBUG:colcon.colcon_core.event_handler.log_command:Invoking command in '/home/chris/Robosim/build/turtlebot3_simulations': CMAKE_PREFIX_PATH=/home/chris/Robosim/install/turtlebot3_gazebo:/home/chris/Robosim/install/turtlebot3_fake_node:/home/chris/Robosim/install/turtlebot3_simulations:/home/chris/Robosim/install/like_a_rumba_robot:/opt/ros/galactic /home/chris/.local/bin/cmake --install /home/chris/Robosim/build/turtlebot3_simulations
[1.224s] Level 1:colcon.colcon_core.environment:create_environment_scripts_only(turtlebot3_simulations)
[1.227s] Level 1:colcon.colcon_core.environment:checking '/home/chris/Robosim/install/turtlebot3_simulations' for CMake module files
[1.227s] DEBUG:colcon.colcon_core.event_handler.log_command:Invoked command in '/home/chris/Robosim/build/turtlebot3_simulations' returned '0': CMAKE_PREFIX_PATH=/home/chris/Robosim/install/turtlebot3_gazebo:/home/chris/Robosim/install/turtlebot3_fake_node:/home/chris/Robosim/install/turtlebot3_simulations:/home/chris/Robosim/install/like_a_rumba_robot:/opt/ros/galactic /home/chris/.local/bin/cmake --install /home/chris/Robosim/build/turtlebot3_simulations
[1.228s] Level 1:colcon.colcon_core.environment:checking '/home/chris/Robosim/install/turtlebot3_simulations' for CMake config files
[1.228s] Level 1:colcon.colcon_core.shell:create_environment_hook('turtlebot3_simulations', 'cmake_prefix_path')
[1.229s] INFO:colcon.colcon_core.shell:Creating environment hook '/home/chris/Robosim/install/turtlebot3_simulations/share/turtlebot3_simulations/hook/cmake_prefix_path.ps1'
[1.230s] INFO:colcon.colcon_core.shell:Creating environment descriptor '/home/chris/Robosim/install/turtlebot3_simulations/share/turtlebot3_simulations/hook/cmake_prefix_path.dsv'
[1.230s] INFO:colcon.colcon_core.shell:Creating environment hook '/home/chris/Robosim/install/turtlebot3_simulations/share/turtlebot3_simulations/hook/cmake_prefix_path.sh'
[1.231s] Level 1:colcon.colcon_core.environment:checking '/home/chris/Robosim/install/turtlebot3_simulations/bin'
[1.231s] Level 1:colcon.colcon_core.environment:checking '/home/chris/Robosim/install/turtlebot3_simulations/lib/pkgconfig/turtlebot3_simulations.pc'
[1.231s] Level 1:colcon.colcon_core.environment:checking '/home/chris/Robosim/install/turtlebot3_simulations/lib/python3.8/site-packages'
[1.231s] Level 1:colcon.colcon_core.environment:checking '/home/chris/Robosim/install/turtlebot3_simulations/bin'
[1.233s] INFO:colcon.colcon_core.shell:Creating package script '/home/chris/Robosim/install/turtlebot3_simulations/share/turtlebot3_simulations/package.ps1'
[1.233s] INFO:colcon.colcon_core.shell:Creating package descriptor '/home/chris/Robosim/install/turtlebot3_simulations/share/turtlebot3_simulations/package.dsv'
[1.234s] INFO:colcon.colcon_core.shell:Creating package script '/home/chris/Robosim/install/turtlebot3_simulations/share/turtlebot3_simulations/package.sh'
[1.234s] INFO:colcon.colcon_core.shell:Creating package script '/home/chris/Robosim/install/turtlebot3_simulations/share/turtlebot3_simulations/package.bash'
[1.234s] INFO:colcon.colcon_core.shell:Creating package script '/home/chris/Robosim/install/turtlebot3_simulations/share/turtlebot3_simulations/package.zsh'
[1.235s] Level 1:colcon.colcon_core.environment:create_file_with_runtime_dependencies(/home/chris/Robosim/install/turtlebot3_simulations/share/colcon-core/packages/turtlebot3_simulations)
[1.279s] Level 1:colcon.colcon_core.environment:create_environment_scripts_only(turtlebot3_simulations)
[1.281s] Level 1:colcon.colcon_core.environment:checking '/home/chris/Robosim/install/turtlebot3_simulations' for CMake module files
[1.282s] Level 1:colcon.colcon_core.environment:checking '/home/chris/Robosim/install/turtlebot3_simulations' for CMake config files
[1.282s] Level 1:colcon.colcon_core.shell:create_environment_hook('turtlebot3_simulations', 'cmake_prefix_path')
[1.284s] INFO:colcon.colcon_core.shell:Creating environment hook '/home/chris/Robosim/install/turtlebot3_simulations/share/turtlebot3_simulations/hook/cmake_prefix_path.ps1'
[1.284s] INFO:colcon.colcon_core.shell:Creating environment descriptor '/home/chris/Robosim/install/turtlebot3_simulations/share/turtlebot3_simulations/hook/cmake_prefix_path.dsv'
[1.284s] INFO:colcon.colcon_core.shell:Creating environment hook '/home/chris/Robosim/install/turtlebot3_simulations/share/turtlebot3_simulations/hook/cmake_prefix_path.sh'
[1.285s] Level 1:colcon.colcon_core.environment:checking '/home/chris/Robosim/install/turtlebot3_simulations/bin'
[1.285s] Level 1:colcon.colcon_core.environment:checking '/home/chris/Robosim/install/turtlebot3_simulations/lib/pkgconfig/turtlebot3_simulations.pc'
[1.285s] Level 1:colcon.colcon_core.environment:checking '/home/chris/Robosim/install/turtlebot3_simulations/lib/python3.8/site-packages'
[1.286s] Level 1:colcon.colcon_core.environment:checking '/home/chris/Robosim/install/turtlebot3_simulations/bin'
[1.287s] INFO:colcon.colcon_core.shell:Creating package script '/home/chris/Robosim/install/turtlebot3_simulations/share/turtlebot3_simulations/package.ps1'
[1.288s] INFO:colcon.colcon_core.shell:Creating package descriptor '/home/chris/Robosim/install/turtlebot3_simulations/share/turtlebot3_simulations/package.dsv'
[1.288s] INFO:colcon.colcon_core.shell:Creating package script '/home/chris/Robosim/install/turtlebot3_simulations/share/turtlebot3_simulations/package.sh'
[1.289s] INFO:colcon.colcon_core.shell:Creating package script '/home/chris/Robosim/install/turtlebot3_simulations/share/turtlebot3_simulations/package.bash'
[1.289s] INFO:colcon.colcon_core.shell:Creating package script '/home/chris/Robosim/install/turtlebot3_simulations/share/turtlebot3_simulations/package.zsh'
[1.289s] Level 1:colcon.colcon_core.environment:create_file_with_runtime_dependencies(/home/chris/Robosim/install/turtlebot3_simulations/share/colcon-core/packages/turtlebot3_simulations)
[1.379s] DEBUG:colcon.colcon_core.event_handler.log_command:Invoking command in '/home/chris/Robosim/src/like_a_rumba_robot': PYTHONPATH=/home/chris/Robosim/build/like_a_rumba_robot/prefix_override:/home/chris/Robosim/install/like_a_rumba_robot/lib/python3.8/site-packages:${PYTHONPATH} /usr/bin/python3 setup.py egg_info --egg-base ../../build/like_a_rumba_robot build --build-base /home/chris/Robosim/build/like_a_rumba_robot/build install --record /home/chris/Robosim/build/like_a_rumba_robot/install.log --single-version-externally-managed
[1.697s] Level 1:colcon.colcon_core.environment:checking '/home/chris/Robosim/install/like_a_rumba_robot' for CMake module files
[1.698s] DEBUG:colcon.colcon_core.event_handler.log_command:Invoked command in '/home/chris/Robosim/src/like_a_rumba_robot' returned '0': PYTHONPATH=/home/chris/Robosim/build/like_a_rumba_robot/prefix_override:/home/chris/Robosim/install/like_a_rumba_robot/lib/python3.8/site-packages:${PYTHONPATH} /usr/bin/python3 setup.py egg_info --egg-base ../../build/like_a_rumba_robot build --build-base /home/chris/Robosim/build/like_a_rumba_robot/build install --record /home/chris/Robosim/build/like_a_rumba_robot/install.log --single-version-externally-managed
[1.698s] Level 1:colcon.colcon_core.environment:checking '/home/chris/Robosim/install/like_a_rumba_robot' for CMake config files
[1.699s] Level 1:colcon.colcon_core.environment:checking '/home/chris/Robosim/install/like_a_rumba_robot/lib'
[1.699s] Level 1:colcon.colcon_core.environment:checking '/home/chris/Robosim/install/like_a_rumba_robot/bin'
[1.699s] Level 1:colcon.colcon_core.environment:checking '/home/chris/Robosim/install/like_a_rumba_robot/lib/pkgconfig/like_a_rumba_robot.pc'
[1.699s] Level 1:colcon.colcon_core.environment:checking '/home/chris/Robosim/install/like_a_rumba_robot/lib/python3.8/site-packages'
[1.699s] Level 1:colcon.colcon_core.shell:create_environment_hook('like_a_rumba_robot', 'pythonpath')
[1.701s] INFO:colcon.colcon_core.shell:Creating environment hook '/home/chris/Robosim/install/like_a_rumba_robot/share/like_a_rumba_robot/hook/pythonpath.ps1'
[1.701s] INFO:colcon.colcon_core.shell:Creating environment descriptor '/home/chris/Robosim/install/like_a_rumba_robot/share/like_a_rumba_robot/hook/pythonpath.dsv'
[1.702s] INFO:colcon.colcon_core.shell:Creating environment hook '/home/chris/Robosim/install/like_a_rumba_robot/share/like_a_rumba_robot/hook/pythonpath.sh'
[1.702s] Level 1:colcon.colcon_core.environment:checking '/home/chris/Robosim/install/like_a_rumba_robot/bin'
[1.702s] Level 1:colcon.colcon_core.environment:create_environment_scripts_only(like_a_rumba_robot)
[1.704s] INFO:colcon.colcon_core.shell:Creating package script '/home/chris/Robosim/install/like_a_rumba_robot/share/like_a_rumba_robot/package.ps1'
[1.705s] INFO:colcon.colcon_core.shell:Creating package descriptor '/home/chris/Robosim/install/like_a_rumba_robot/share/like_a_rumba_robot/package.dsv'
[1.705s] INFO:colcon.colcon_core.shell:Creating package script '/home/chris/Robosim/install/like_a_rumba_robot/share/like_a_rumba_robot/package.sh'
[1.706s] INFO:colcon.colcon_core.shell:Creating package script '/home/chris/Robosim/install/like_a_rumba_robot/share/like_a_rumba_robot/package.bash'
[1.706s] INFO:colcon.colcon_core.shell:Creating package script '/home/chris/Robosim/install/like_a_rumba_robot/share/like_a_rumba_robot/package.zsh'
[1.706s] Level 1:colcon.colcon_core.environment:create_file_with_runtime_dependencies(/home/chris/Robosim/install/like_a_rumba_robot/share/colcon-core/packages/like_a_rumba_robot)
[1.707s] DEBUG:colcon.colcon_parallel_executor.executor.parallel:closing loop
[1.707s] DEBUG:colcon.colcon_parallel_executor.executor.parallel:loop closed
[1.707s] DEBUG:colcon.colcon_parallel_executor.executor.parallel:run_until_complete finished with '0'
[1.707s] DEBUG:colcon.colcon_core.event_reactor:joining thread
[1.714s] INFO:colcon.colcon_core.plugin_system:Skipping extension 'colcon_notification.desktop_notification.terminal_notifier': Not used on non-Darwin systems
[1.714s] INFO:colcon.colcon_core.plugin_system:Skipping extension 'colcon_notification.desktop_notification.win32': Not used on non-Windows systems
[1.714s] INFO:colcon.colcon_notification.desktop_notification:Sending desktop notification using 'notify2'
[1.728s] DEBUG:colcon.colcon_core.event_reactor:joined thread
[1.730s] INFO:colcon.colcon_core.shell:Creating prefix script '/home/chris/Robosim/install/local_setup.ps1'
[1.732s] INFO:colcon.colcon_core.shell:Creating prefix util module '/home/chris/Robosim/install/_local_setup_util_ps1.py'
[1.733s] INFO:colcon.colcon_core.shell:Creating prefix chain script '/home/chris/Robosim/install/setup.ps1'
[1.735s] INFO:colcon.colcon_core.shell:Creating prefix script '/home/chris/Robosim/install/local_setup.sh'
[1.736s] INFO:colcon.colcon_core.shell:Creating prefix util module '/home/chris/Robosim/install/_local_setup_util_sh.py'
[1.736s] INFO:colcon.colcon_core.shell:Creating prefix chain script '/home/chris/Robosim/install/setup.sh'
[1.738s] INFO:colcon.colcon_core.shell:Creating prefix script '/home/chris/Robosim/install/local_setup.bash'
[1.738s] INFO:colcon.colcon_core.shell:Creating prefix chain script '/home/chris/Robosim/install/setup.bash'
[1.740s] INFO:colcon.colcon_core.shell:Creating prefix script '/home/chris/Robosim/install/local_setup.zsh'
[1.740s] INFO:colcon.colcon_core.shell:Creating prefix chain script '/home/chris/Robosim/install/setup.zsh'
