[0.315s] DEBUG:colcon:Command line arguments: ['/usr/bin/colcon', 'build']
[0.315s] DEBUG:colcon:Parsed command line arguments: Namespace(allow_overriding=[], ament_cmake_args=None, base_paths=['.'], build_base='build', catkin_cmake_args=None, catkin_skip_building_tests=False, cmake_args=None, cmake_clean_cache=False, cmake_clean_first=False, cmake_force_configure=False, cmake_target=None, cmake_target_skip_unavailable=False, continue_on_error=False, event_handlers=None, executor='parallel', ignore_user_meta=False, install_base='install', log_base=None, log_level=None, main=<bound method BuildVerb.main of <colcon_core.verb.build.BuildVerb object at 0x7f3cb7c9e5b0>>, merge_install=False, metas=['./colcon.meta'], packages_above=None, packages_above_and_dependencies=None, packages_above_depth=None, packages_end=None, packages_ignore=None, packages_ignore_regex=None, packages_select=None, packages_select_build_failed=False, packages_select_by_dep=None, packages_select_regex=None, packages_select_test_failures=False, packages_skip=None, packages_skip_build_finished=False, packages_skip_by_dep=None, packages_skip_regex=None, packages_skip_test_passed=False, packages_skip_up_to=None, packages_start=None, packages_up_to=None, packages_up_to_regex=None, parallel_workers=8, paths=None, symlink_install=False, test_result_base=None, verb_extension=<colcon_core.verb.build.BuildVerb object at 0x7f3cb7c9e5b0>, verb_name='build', verb_parser=<colcon_defaults.argument_parser.defaults.DefaultArgumentsDecorator object at 0x7f3cb7c9eaf0>)
[0.346s] Level 1:colcon.colcon_core.package_discovery:discover_packages(colcon_meta) check parameters
[0.346s] Level 1:colcon.colcon_core.package_discovery:discover_packages(recursive) check parameters
[0.346s] Level 1:colcon.colcon_core.package_discovery:discover_packages(ignore) check parameters
[0.346s] Level 1:colcon.colcon_core.package_discovery:discover_packages(path) check parameters
[0.346s] Level 1:colcon.colcon_core.package_discovery:discover_packages(colcon_meta) discover
[0.346s] Level 1:colcon.colcon_core.package_discovery:discover_packages(recursive) discover
[0.346s] INFO:colcon.colcon_core.package_discovery:Crawling recursively for packages in '/home/chris/Robosim'
[0.346s] Level 1:colcon.colcon_core.package_identification:_identify(.) by extensions ['ignore', 'ignore_ament_install']
[0.346s] Level 1:colcon.colcon_core.package_identification:_identify(.) by extension 'ignore'
[0.346s] Level 1:colcon.colcon_core.package_identification:_identify(.) by extension 'ignore_ament_install'
[0.346s] Level 1:colcon.colcon_core.package_identification:_identify(.) by extensions ['colcon_pkg']
[0.346s] Level 1:colcon.colcon_core.package_identification:_identify(.) by extension 'colcon_pkg'
[0.346s] Level 1:colcon.colcon_core.package_identification:_identify(.) by extensions ['colcon_meta']
[0.346s] Level 1:colcon.colcon_core.package_identification:_identify(.) by extension 'colcon_meta'
[0.346s] Level 1:colcon.colcon_core.package_identification:_identify(.) by extensions ['ros']
[0.346s] Level 1:colcon.colcon_core.package_identification:_identify(.) by extension 'ros'
[0.356s] Level 1:colcon.colcon_core.package_identification:_identify(.) by extensions ['cmake', 'python']
[0.356s] Level 1:colcon.colcon_core.package_identification:_identify(.) by extension 'cmake'
[0.356s] Level 1:colcon.colcon_core.package_identification:_identify(.) by extension 'python'
[0.356s] Level 1:colcon.colcon_core.package_identification:_identify(.) by extensions ['python_setup_py']
[0.356s] Level 1:colcon.colcon_core.package_identification:_identify(.) by extension 'python_setup_py'
[0.357s] Level 1:colcon.colcon_core.package_identification:_identify(build) by extensions ['ignore', 'ignore_ament_install']
[0.357s] Level 1:colcon.colcon_core.package_identification:_identify(build) by extension 'ignore'
[0.357s] Level 1:colcon.colcon_core.package_identification:_identify(build) ignored
[0.357s] Level 1:colcon.colcon_core.package_identification:_identify(install) by extensions ['ignore', 'ignore_ament_install']
[0.357s] Level 1:colcon.colcon_core.package_identification:_identify(install) by extension 'ignore'
[0.357s] Level 1:colcon.colcon_core.package_identification:_identify(install) ignored
[0.357s] Level 1:colcon.colcon_core.package_identification:_identify(log) by extensions ['ignore', 'ignore_ament_install']
[0.357s] Level 1:colcon.colcon_core.package_identification:_identify(log) by extension 'ignore'
[0.357s] Level 1:colcon.colcon_core.package_identification:_identify(log) ignored
[0.357s] Level 1:colcon.colcon_core.package_identification:_identify(snap) by extensions ['ignore', 'ignore_ament_install']
[0.357s] Level 1:colcon.colcon_core.package_identification:_identify(snap) by extension 'ignore'
[0.357s] Level 1:colcon.colcon_core.package_identification:_identify(snap) by extension 'ignore_ament_install'
[0.357s] Level 1:colcon.colcon_core.package_identification:_identify(snap) by extensions ['colcon_pkg']
[0.357s] Level 1:colcon.colcon_core.package_identification:_identify(snap) by extension 'colcon_pkg'
[0.357s] Level 1:colcon.colcon_core.package_identification:_identify(snap) by extensions ['colcon_meta']
[0.357s] Level 1:colcon.colcon_core.package_identification:_identify(snap) by extension 'colcon_meta'
[0.358s] Level 1:colcon.colcon_core.package_identification:_identify(snap) by extensions ['ros']
[0.358s] Level 1:colcon.colcon_core.package_identification:_identify(snap) by extension 'ros'
[0.358s] Level 1:colcon.colcon_core.package_identification:_identify(snap) by extensions ['cmake', 'python']
[0.358s] Level 1:colcon.colcon_core.package_identification:_identify(snap) by extension 'cmake'
[0.358s] Level 1:colcon.colcon_core.package_identification:_identify(snap) by extension 'python'
[0.358s] Level 1:colcon.colcon_core.package_identification:_identify(snap) by extensions ['python_setup_py']
[0.358s] Level 1:colcon.colcon_core.package_identification:_identify(snap) by extension 'python_setup_py'
[0.358s] Level 1:colcon.colcon_core.package_identification:_identify(src) by extensions ['ignore', 'ignore_ament_install']
[0.358s] Level 1:colcon.colcon_core.package_identification:_identify(src) by extension 'ignore'
[0.358s] Level 1:colcon.colcon_core.package_identification:_identify(src) by extension 'ignore_ament_install'
[0.358s] Level 1:colcon.colcon_core.package_identification:_identify(src) by extensions ['colcon_pkg']
[0.358s] Level 1:colcon.colcon_core.package_identification:_identify(src) by extension 'colcon_pkg'
[0.358s] Level 1:colcon.colcon_core.package_identification:_identify(src) by extensions ['colcon_meta']
[0.358s] Level 1:colcon.colcon_core.package_identification:_identify(src) by extension 'colcon_meta'
[0.358s] Level 1:colcon.colcon_core.package_identification:_identify(src) by extensions ['ros']
[0.358s] Level 1:colcon.colcon_core.package_identification:_identify(src) by extension 'ros'
[0.358s] Level 1:colcon.colcon_core.package_identification:_identify(src) by extensions ['cmake', 'python']
[0.358s] Level 1:colcon.colcon_core.package_identification:_identify(src) by extension 'cmake'
[0.358s] Level 1:colcon.colcon_core.package_identification:_identify(src) by extension 'python'
[0.358s] Level 1:colcon.colcon_core.package_identification:_identify(src) by extensions ['python_setup_py']
[0.358s] Level 1:colcon.colcon_core.package_identification:_identify(src) by extension 'python_setup_py'
[0.358s] Level 1:colcon.colcon_core.package_identification:_identify(src/like_a_rumba_robot) by extensions ['ignore', 'ignore_ament_install']
[0.359s] Level 1:colcon.colcon_core.package_identification:_identify(src/like_a_rumba_robot) by extension 'ignore'
[0.359s] Level 1:colcon.colcon_core.package_identification:_identify(src/like_a_rumba_robot) by extension 'ignore_ament_install'
[0.359s] Level 1:colcon.colcon_core.package_identification:_identify(src/like_a_rumba_robot) by extensions ['colcon_pkg']
[0.359s] Level 1:colcon.colcon_core.package_identification:_identify(src/like_a_rumba_robot) by extension 'colcon_pkg'
[0.359s] Level 1:colcon.colcon_core.package_identification:_identify(src/like_a_rumba_robot) by extensions ['colcon_meta']
[0.359s] Level 1:colcon.colcon_core.package_identification:_identify(src/like_a_rumba_robot) by extension 'colcon_meta'
[0.359s] Level 1:colcon.colcon_core.package_identification:_identify(src/like_a_rumba_robot) by extensions ['ros']
[0.359s] Level 1:colcon.colcon_core.package_identification:_identify(src/like_a_rumba_robot) by extension 'ros'
[0.362s] DEBUG:colcon.colcon_core.package_identification:Package 'src/like_a_rumba_robot' with type 'ros.ament_python' and name 'like_a_rumba_robot'
[0.362s] Level 1:colcon.colcon_core.package_identification:_identify(src/turtlebot3_simulations) by extensions ['ignore', 'ignore_ament_install']
[0.362s] Level 1:colcon.colcon_core.package_identification:_identify(src/turtlebot3_simulations) by extension 'ignore'
[0.362s] Level 1:colcon.colcon_core.package_identification:_identify(src/turtlebot3_simulations) by extension 'ignore_ament_install'
[0.362s] Level 1:colcon.colcon_core.package_identification:_identify(src/turtlebot3_simulations) by extensions ['colcon_pkg']
[0.362s] Level 1:colcon.colcon_core.package_identification:_identify(src/turtlebot3_simulations) by extension 'colcon_pkg'
[0.362s] Level 1:colcon.colcon_core.package_identification:_identify(src/turtlebot3_simulations) by extensions ['colcon_meta']
[0.362s] Level 1:colcon.colcon_core.package_identification:_identify(src/turtlebot3_simulations) by extension 'colcon_meta'
[0.362s] Level 1:colcon.colcon_core.package_identification:_identify(src/turtlebot3_simulations) by extensions ['ros']
[0.362s] Level 1:colcon.colcon_core.package_identification:_identify(src/turtlebot3_simulations) by extension 'ros'
[0.362s] Level 1:colcon.colcon_core.package_identification:_identify(src/turtlebot3_simulations) by extensions ['cmake', 'python']
[0.362s] Level 1:colcon.colcon_core.package_identification:_identify(src/turtlebot3_simulations) by extension 'cmake'
[0.362s] Level 1:colcon.colcon_core.package_identification:_identify(src/turtlebot3_simulations) by extension 'python'
[0.362s] Level 1:colcon.colcon_core.package_identification:_identify(src/turtlebot3_simulations) by extensions ['python_setup_py']
[0.362s] Level 1:colcon.colcon_core.package_identification:_identify(src/turtlebot3_simulations) by extension 'python_setup_py'
[0.362s] Level 1:colcon.colcon_core.package_identification:_identify(src/turtlebot3_simulations/turtlebot3_fake_node) by extensions ['ignore', 'ignore_ament_install']
[0.363s] Level 1:colcon.colcon_core.package_identification:_identify(src/turtlebot3_simulations/turtlebot3_fake_node) by extension 'ignore'
[0.363s] Level 1:colcon.colcon_core.package_identification:_identify(src/turtlebot3_simulations/turtlebot3_fake_node) by extension 'ignore_ament_install'
[0.363s] Level 1:colcon.colcon_core.package_identification:_identify(src/turtlebot3_simulations/turtlebot3_fake_node) by extensions ['colcon_pkg']
[0.363s] Level 1:colcon.colcon_core.package_identification:_identify(src/turtlebot3_simulations/turtlebot3_fake_node) by extension 'colcon_pkg'
[0.363s] Level 1:colcon.colcon_core.package_identification:_identify(src/turtlebot3_simulations/turtlebot3_fake_node) by extensions ['colcon_meta']
[0.363s] Level 1:colcon.colcon_core.package_identification:_identify(src/turtlebot3_simulations/turtlebot3_fake_node) by extension 'colcon_meta'
[0.363s] Level 1:colcon.colcon_core.package_identification:_identify(src/turtlebot3_simulations/turtlebot3_fake_node) by extensions ['ros']
[0.363s] Level 1:colcon.colcon_core.package_identification:_identify(src/turtlebot3_simulations/turtlebot3_fake_node) by extension 'ros'
[0.364s] DEBUG:colcon.colcon_core.package_identification:Package 'src/turtlebot3_simulations/turtlebot3_fake_node' with type 'ros.ament_cmake' and name 'turtlebot3_fake_node'
[0.364s] Level 1:colcon.colcon_core.package_identification:_identify(src/turtlebot3_simulations/turtlebot3_gazebo) by extensions ['ignore', 'ignore_ament_install']
[0.364s] Level 1:colcon.colcon_core.package_identification:_identify(src/turtlebot3_simulations/turtlebot3_gazebo) by extension 'ignore'
[0.364s] Level 1:colcon.colcon_core.package_identification:_identify(src/turtlebot3_simulations/turtlebot3_gazebo) by extension 'ignore_ament_install'
[0.364s] Level 1:colcon.colcon_core.package_identification:_identify(src/turtlebot3_simulations/turtlebot3_gazebo) by extensions ['colcon_pkg']
[0.364s] Level 1:colcon.colcon_core.package_identification:_identify(src/turtlebot3_simulations/turtlebot3_gazebo) by extension 'colcon_pkg'
[0.364s] Level 1:colcon.colcon_core.package_identification:_identify(src/turtlebot3_simulations/turtlebot3_gazebo) by extensions ['colcon_meta']
[0.364s] Level 1:colcon.colcon_core.package_identification:_identify(src/turtlebot3_simulations/turtlebot3_gazebo) by extension 'colcon_meta'
[0.364s] Level 1:colcon.colcon_core.package_identification:_identify(src/turtlebot3_simulations/turtlebot3_gazebo) by extensions ['ros']
[0.364s] Level 1:colcon.colcon_core.package_identification:_identify(src/turtlebot3_simulations/turtlebot3_gazebo) by extension 'ros'
[0.365s] DEBUG:colcon.colcon_core.package_identification:Package 'src/turtlebot3_simulations/turtlebot3_gazebo' with type 'ros.ament_cmake' and name 'turtlebot3_gazebo'
[0.365s] Level 1:colcon.colcon_core.package_identification:_identify(src/turtlebot3_simulations/turtlebot3_simulations) by extensions ['ignore', 'ignore_ament_install']
[0.366s] Level 1:colcon.colcon_core.package_identification:_identify(src/turtlebot3_simulations/turtlebot3_simulations) by extension 'ignore'
[0.366s] Level 1:colcon.colcon_core.package_identification:_identify(src/turtlebot3_simulations/turtlebot3_simulations) by extension 'ignore_ament_install'
[0.366s] Level 1:colcon.colcon_core.package_identification:_identify(src/turtlebot3_simulations/turtlebot3_simulations) by extensions ['colcon_pkg']
[0.366s] Level 1:colcon.colcon_core.package_identification:_identify(src/turtlebot3_simulations/turtlebot3_simulations) by extension 'colcon_pkg'
[0.366s] Level 1:colcon.colcon_core.package_identification:_identify(src/turtlebot3_simulations/turtlebot3_simulations) by extensions ['colcon_meta']
[0.366s] Level 1:colcon.colcon_core.package_identification:_identify(src/turtlebot3_simulations/turtlebot3_simulations) by extension 'colcon_meta'
[0.366s] Level 1:colcon.colcon_core.package_identification:_identify(src/turtlebot3_simulations/turtlebot3_simulations) by extensions ['ros']
[0.366s] Level 1:colcon.colcon_core.package_identification:_identify(src/turtlebot3_simulations/turtlebot3_simulations) by extension 'ros'
[0.366s] DEBUG:colcon.colcon_core.package_identification:Package 'src/turtlebot3_simulations/turtlebot3_simulations' with type 'ros.ament_cmake' and name 'turtlebot3_simulations'
[0.366s] Level 1:colcon.colcon_core.package_discovery:discover_packages(recursive) using defaults
[0.366s] Level 1:colcon.colcon_core.package_discovery:discover_packages(ignore) discover
[0.366s] Level 1:colcon.colcon_core.package_discovery:discover_packages(ignore) using defaults
[0.366s] Level 1:colcon.colcon_core.package_discovery:discover_packages(path) discover
[0.366s] Level 1:colcon.colcon_core.package_discovery:discover_packages(path) using defaults
[0.384s] Level 1:colcon.colcon_core.package_discovery:discover_packages(prefix_path) check parameters
[0.384s] Level 1:colcon.colcon_core.package_discovery:discover_packages(prefix_path) discover
[0.387s] DEBUG:colcon.colcon_installed_package_information.package_discovery:Found 4 installed packages in /home/chris/Robosim/install
[0.388s] DEBUG:colcon.colcon_installed_package_information.package_discovery:Found 360 installed packages in /opt/ros/galactic
[0.390s] Level 1:colcon.colcon_core.package_discovery:discover_packages(prefix_path) using defaults
[0.469s] Level 5:colcon.colcon_core.verb:set package 'like_a_rumba_robot' build argument 'cmake_args' from command line to 'None'
[0.469s] Level 5:colcon.colcon_core.verb:set package 'like_a_rumba_robot' build argument 'cmake_target' from command line to 'None'
[0.469s] Level 5:colcon.colcon_core.verb:set package 'like_a_rumba_robot' build argument 'cmake_target_skip_unavailable' from command line to 'False'
[0.469s] Level 5:colcon.colcon_core.verb:set package 'like_a_rumba_robot' build argument 'cmake_clean_cache' from command line to 'False'
[0.469s] Level 5:colcon.colcon_core.verb:set package 'like_a_rumba_robot' build argument 'cmake_clean_first' from command line to 'False'
[0.469s] Level 5:colcon.colcon_core.verb:set package 'like_a_rumba_robot' build argument 'cmake_force_configure' from command line to 'False'
[0.469s] Level 5:colcon.colcon_core.verb:set package 'like_a_rumba_robot' build argument 'ament_cmake_args' from command line to 'None'
[0.469s] Level 5:colcon.colcon_core.verb:set package 'like_a_rumba_robot' build argument 'catkin_cmake_args' from command line to 'None'
[0.469s] Level 5:colcon.colcon_core.verb:set package 'like_a_rumba_robot' build argument 'catkin_skip_building_tests' from command line to 'False'
[0.469s] DEBUG:colcon.colcon_core.verb:Building package 'like_a_rumba_robot' with the following arguments: {'ament_cmake_args': None, 'build_base': '/home/chris/Robosim/build/like_a_rumba_robot', 'catkin_cmake_args': None, 'catkin_skip_building_tests': False, 'cmake_args': None, 'cmake_clean_cache': False, 'cmake_clean_first': False, 'cmake_force_configure': False, 'cmake_target': None, 'cmake_target_skip_unavailable': False, 'install_base': '/home/chris/Robosim/install/like_a_rumba_robot', 'merge_install': False, 'path': '/home/chris/Robosim/src/like_a_rumba_robot', 'symlink_install': False, 'test_result_base': None}
[0.470s] Level 5:colcon.colcon_core.verb:set package 'turtlebot3_fake_node' build argument 'cmake_args' from command line to 'None'
[0.470s] Level 5:colcon.colcon_core.verb:set package 'turtlebot3_fake_node' build argument 'cmake_target' from command line to 'None'
[0.470s] Level 5:colcon.colcon_core.verb:set package 'turtlebot3_fake_node' build argument 'cmake_target_skip_unavailable' from command line to 'False'
[0.470s] Level 5:colcon.colcon_core.verb:set package 'turtlebot3_fake_node' build argument 'cmake_clean_cache' from command line to 'False'
[0.470s] Level 5:colcon.colcon_core.verb:set package 'turtlebot3_fake_node' build argument 'cmake_clean_first' from command line to 'False'
[0.470s] Level 5:colcon.colcon_core.verb:set package 'turtlebot3_fake_node' build argument 'cmake_force_configure' from command line to 'False'
[0.471s] Level 5:colcon.colcon_core.verb:set package 'turtlebot3_fake_node' build argument 'ament_cmake_args' from command line to 'None'
[0.471s] Level 5:colcon.colcon_core.verb:set package 'turtlebot3_fake_node' build argument 'catkin_cmake_args' from command line to 'None'
[0.471s] Level 5:colcon.colcon_core.verb:set package 'turtlebot3_fake_node' build argument 'catkin_skip_building_tests' from command line to 'False'
[0.471s] DEBUG:colcon.colcon_core.verb:Building package 'turtlebot3_fake_node' with the following arguments: {'ament_cmake_args': None, 'build_base': '/home/chris/Robosim/build/turtlebot3_fake_node', 'catkin_cmake_args': None, 'catkin_skip_building_tests': False, 'cmake_args': None, 'cmake_clean_cache': False, 'cmake_clean_first': False, 'cmake_force_configure': False, 'cmake_target': None, 'cmake_target_skip_unavailable': False, 'install_base': '/home/chris/Robosim/install/turtlebot3_fake_node', 'merge_install': False, 'path': '/home/chris/Robosim/src/turtlebot3_simulations/turtlebot3_fake_node', 'symlink_install': False, 'test_result_base': None}
[0.472s] Level 5:colcon.colcon_core.verb:set package 'turtlebot3_gazebo' build argument 'cmake_args' from command line to 'None'
[0.472s] Level 5:colcon.colcon_core.verb:set package 'turtlebot3_gazebo' build argument 'cmake_target' from command line to 'None'
[0.472s] Level 5:colcon.colcon_core.verb:set package 'turtlebot3_gazebo' build argument 'cmake_target_skip_unavailable' from command line to 'False'
[0.472s] Level 5:colcon.colcon_core.verb:set package 'turtlebot3_gazebo' build argument 'cmake_clean_cache' from command line to 'False'
[0.472s] Level 5:colcon.colcon_core.verb:set package 'turtlebot3_gazebo' build argument 'cmake_clean_first' from command line to 'False'
[0.472s] Level 5:colcon.colcon_core.verb:set package 'turtlebot3_gazebo' build argument 'cmake_force_configure' from command line to 'False'
[0.472s] Level 5:colcon.colcon_core.verb:set package 'turtlebot3_gazebo' build argument 'ament_cmake_args' from command line to 'None'
[0.472s] Level 5:colcon.colcon_core.verb:set package 'turtlebot3_gazebo' build argument 'catkin_cmake_args' from command line to 'None'
[0.472s] Level 5:colcon.colcon_core.verb:set package 'turtlebot3_gazebo' build argument 'catkin_skip_building_tests' from command line to 'False'
[0.472s] DEBUG:colcon.colcon_core.verb:Building package 'turtlebot3_gazebo' with the following arguments: {'ament_cmake_args': None, 'build_base': '/home/chris/Robosim/build/turtlebot3_gazebo', 'catkin_cmake_args': None, 'catkin_skip_building_tests': False, 'cmake_args': None, 'cmake_clean_cache': False, 'cmake_clean_first': False, 'cmake_force_configure': False, 'cmake_target': None, 'cmake_target_skip_unavailable': False, 'install_base': '/home/chris/Robosim/install/turtlebot3_gazebo', 'merge_install': False, 'path': '/home/chris/Robosim/src/turtlebot3_simulations/turtlebot3_gazebo', 'symlink_install': False, 'test_result_base': None}
[0.473s] Level 5:colcon.colcon_core.verb:set package 'turtlebot3_simulations' build argument 'cmake_args' from command line to 'None'
[0.473s] Level 5:colcon.colcon_core.verb:set package 'turtlebot3_simulations' build argument 'cmake_target' from command line to 'None'
[0.473s] Level 5:colcon.colcon_core.verb:set package 'turtlebot3_simulations' build argument 'cmake_target_skip_unavailable' from command line to 'False'
[0.473s] Level 5:colcon.colcon_core.verb:set package 'turtlebot3_simulations' build argument 'cmake_clean_cache' from command line to 'False'
[0.473s] Level 5:colcon.colcon_core.verb:set package 'turtlebot3_simulations' build argument 'cmake_clean_first' from command line to 'False'
[0.473s] Level 5:colcon.colcon_core.verb:set package 'turtlebot3_simulations' build argument 'cmake_force_configure' from command line to 'False'
[0.473s] Level 5:colcon.colcon_core.verb:set package 'turtlebot3_simulations' build argument 'ament_cmake_args' from command line to 'None'
[0.473s] Level 5:colcon.colcon_core.verb:set package 'turtlebot3_simulations' build argument 'catkin_cmake_args' from command line to 'None'
[0.473s] Level 5:colcon.colcon_core.verb:set package 'turtlebot3_simulations' build argument 'catkin_skip_building_tests' from command line to 'False'
[0.473s] DEBUG:colcon.colcon_core.verb:Building package 'turtlebot3_simulations' with the following arguments: {'ament_cmake_args': None, 'build_base': '/home/chris/Robosim/build/turtlebot3_simulations', 'catkin_cmake_args': None, 'catkin_skip_building_tests': False, 'cmake_args': None, 'cmake_clean_cache': False, 'cmake_clean_first': False, 'cmake_force_configure': False, 'cmake_target': None, 'cmake_target_skip_unavailable': False, 'install_base': '/home/chris/Robosim/install/turtlebot3_simulations', 'merge_install': False, 'path': '/home/chris/Robosim/src/turtlebot3_simulations/turtlebot3_simulations', 'symlink_install': False, 'test_result_base': None}
[0.474s] INFO:colcon.colcon_core.executor:Executing jobs using 'parallel' executor
[0.477s] DEBUG:colcon.colcon_parallel_executor.executor.parallel:run_until_complete
[0.478s] INFO:colcon.colcon_ros.task.ament_cmake.build:Building ROS package in '/home/chris/Robosim/src/turtlebot3_simulations/turtlebot3_fake_node' with build type 'ament_cmake'
[0.478s] INFO:colcon.colcon_cmake.task.cmake.build:Building CMake package in '/home/chris/Robosim/src/turtlebot3_simulations/turtlebot3_fake_node'
[0.482s] INFO:colcon.colcon_core.plugin_system:Skipping extension 'colcon_core.shell.bat': Not used on non-Windows systems
[0.482s] INFO:colcon.colcon_core.shell:Skip shell extension 'powershell' for command environment: Not usable outside of PowerShell
[0.482s] DEBUG:colcon.colcon_core.shell:Skip shell extension 'dsv' for command environment
[0.488s] INFO:colcon.colcon_ros.task.ament_cmake.build:Building ROS package in '/home/chris/Robosim/src/turtlebot3_simulations/turtlebot3_gazebo' with build type 'ament_cmake'
[0.488s] INFO:colcon.colcon_cmake.task.cmake.build:Building CMake package in '/home/chris/Robosim/src/turtlebot3_simulations/turtlebot3_gazebo'
[0.490s] INFO:colcon.colcon_core.shell:Skip shell extension 'powershell' for command environment: Not usable outside of PowerShell
[0.490s] DEBUG:colcon.colcon_core.shell:Skip shell extension 'dsv' for command environment
[0.498s] INFO:colcon.colcon_ros.task.ament_python.build:Building ROS package in '/home/chris/Robosim/src/like_a_rumba_robot' with build type 'ament_python'
[0.498s] Level 1:colcon.colcon_core.shell:create_environment_hook('like_a_rumba_robot', 'ament_prefix_path')
[0.500s] INFO:colcon.colcon_core.shell:Creating environment hook '/home/chris/Robosim/install/like_a_rumba_robot/share/like_a_rumba_robot/hook/ament_prefix_path.ps1'
[0.501s] INFO:colcon.colcon_core.shell:Creating environment descriptor '/home/chris/Robosim/install/like_a_rumba_robot/share/like_a_rumba_robot/hook/ament_prefix_path.dsv'
[0.502s] INFO:colcon.colcon_core.shell:Creating environment hook '/home/chris/Robosim/install/like_a_rumba_robot/share/like_a_rumba_robot/hook/ament_prefix_path.sh'
[0.504s] INFO:colcon.colcon_core.shell:Skip shell extension 'powershell' for command environment: Not usable outside of PowerShell
[0.504s] DEBUG:colcon.colcon_core.shell:Skip shell extension 'dsv' for command environment
[0.518s] DEBUG:colcon.colcon_core.event_handler.log_command:Invoking command in '/home/chris/Robosim/build/turtlebot3_fake_node': CMAKE_PREFIX_PATH=${CMAKE_PREFIX_PATH}:/home/chris/Robosim/install/like_a_rumba_robot:/opt/ros/galactic /home/chris/.local/bin/cmake --build /home/chris/Robosim/build/turtlebot3_fake_node -- -j8 -l8
[0.524s] DEBUG:colcon.colcon_core.event_handler.log_command:Invoking command in '/home/chris/Robosim/build/turtlebot3_gazebo': CMAKE_PREFIX_PATH=${CMAKE_PREFIX_PATH}:/home/chris/Robosim/install/like_a_rumba_robot:/opt/ros/galactic /home/chris/.local/bin/cmake --build /home/chris/Robosim/build/turtlebot3_gazebo -- -j8 -l8
[0.819s] INFO:colcon.colcon_core.task.python.build:Building Python package in '/home/chris/Robosim/src/like_a_rumba_robot'
[0.821s] INFO:colcon.colcon_core.shell:Skip shell extension 'powershell' for command environment: Not usable outside of PowerShell
[0.821s] DEBUG:colcon.colcon_core.shell:Skip shell extension 'dsv' for command environment
[0.831s] DEBUG:colcon.colcon_core.event_handler.log_command:Invoked command in '/home/chris/Robosim/build/turtlebot3_gazebo' returned '0': CMAKE_PREFIX_PATH=${CMAKE_PREFIX_PATH}:/home/chris/Robosim/install/like_a_rumba_robot:/opt/ros/galactic /home/chris/.local/bin/cmake --build /home/chris/Robosim/build/turtlebot3_gazebo -- -j8 -l8
[0.832s] DEBUG:colcon.colcon_core.event_handler.log_command:Invoked command in '/home/chris/Robosim/build/turtlebot3_fake_node' returned '0': CMAKE_PREFIX_PATH=${CMAKE_PREFIX_PATH}:/home/chris/Robosim/install/like_a_rumba_robot:/opt/ros/galactic /home/chris/.local/bin/cmake --build /home/chris/Robosim/build/turtlebot3_fake_node -- -j8 -l8
[0.919s] DEBUG:colcon.colcon_core.event_handler.log_command:Invoking command in '/home/chris/Robosim/build/turtlebot3_fake_node': CMAKE_PREFIX_PATH=${CMAKE_PREFIX_PATH}:/home/chris/Robosim/install/like_a_rumba_robot:/opt/ros/galactic /home/chris/.local/bin/cmake --install /home/chris/Robosim/build/turtlebot3_fake_node
[0.923s] DEBUG:colcon.colcon_core.event_handler.log_command:Invoking command in '/home/chris/Robosim/build/turtlebot3_gazebo': CMAKE_PREFIX_PATH=${CMAKE_PREFIX_PATH}:/home/chris/Robosim/install/like_a_rumba_robot:/opt/ros/galactic /home/chris/.local/bin/cmake --install /home/chris/Robosim/build/turtlebot3_gazebo
[0.958s] Level 1:colcon.colcon_core.environment:create_environment_scripts_only(turtlebot3_fake_node)
[0.958s] DEBUG:colcon.colcon_core.event_handler.log_command:Invoked command in '/home/chris/Robosim/build/turtlebot3_fake_node' returned '0': CMAKE_PREFIX_PATH=${CMAKE_PREFIX_PATH}:/home/chris/Robosim/install/like_a_rumba_robot:/opt/ros/galactic /home/chris/.local/bin/cmake --install /home/chris/Robosim/build/turtlebot3_fake_node
[0.972s] Level 1:colcon.colcon_core.environment:checking '/home/chris/Robosim/install/turtlebot3_fake_node' for CMake module files
[0.975s] Level 1:colcon.colcon_core.environment:checking '/home/chris/Robosim/install/turtlebot3_fake_node' for CMake config files
[0.982s] Level 1:colcon.colcon_core.shell:create_environment_hook('turtlebot3_fake_node', 'cmake_prefix_path')
[0.984s] INFO:colcon.colcon_core.shell:Creating environment hook '/home/chris/Robosim/install/turtlebot3_fake_node/share/turtlebot3_fake_node/hook/cmake_prefix_path.ps1'
[0.984s] INFO:colcon.colcon_core.shell:Creating environment descriptor '/home/chris/Robosim/install/turtlebot3_fake_node/share/turtlebot3_fake_node/hook/cmake_prefix_path.dsv'
[0.986s] INFO:colcon.colcon_core.shell:Creating environment hook '/home/chris/Robosim/install/turtlebot3_fake_node/share/turtlebot3_fake_node/hook/cmake_prefix_path.sh'
[0.987s] Level 1:colcon.colcon_core.environment:checking '/home/chris/Robosim/install/turtlebot3_fake_node/lib'
[0.987s] Level 1:colcon.colcon_core.environment:checking '/home/chris/Robosim/install/turtlebot3_fake_node/bin'
[0.987s] Level 1:colcon.colcon_core.environment:checking '/home/chris/Robosim/install/turtlebot3_fake_node/lib/pkgconfig/turtlebot3_fake_node.pc'
[0.988s] Level 1:colcon.colcon_core.environment:checking '/home/chris/Robosim/install/turtlebot3_fake_node/lib/python3.8/site-packages'
[0.988s] Level 1:colcon.colcon_core.environment:checking '/home/chris/Robosim/install/turtlebot3_fake_node/bin'
[0.990s] INFO:colcon.colcon_core.shell:Creating package script '/home/chris/Robosim/install/turtlebot3_fake_node/share/turtlebot3_fake_node/package.ps1'
[0.990s] INFO:colcon.colcon_core.shell:Creating package descriptor '/home/chris/Robosim/install/turtlebot3_fake_node/share/turtlebot3_fake_node/package.dsv'
[0.991s] INFO:colcon.colcon_core.shell:Creating package script '/home/chris/Robosim/install/turtlebot3_fake_node/share/turtlebot3_fake_node/package.sh'
[0.992s] INFO:colcon.colcon_core.shell:Creating package script '/home/chris/Robosim/install/turtlebot3_fake_node/share/turtlebot3_fake_node/package.bash'
[0.992s] INFO:colcon.colcon_core.shell:Creating package script '/home/chris/Robosim/install/turtlebot3_fake_node/share/turtlebot3_fake_node/package.zsh'
[0.993s] Level 1:colcon.colcon_core.environment:create_file_with_runtime_dependencies(/home/chris/Robosim/install/turtlebot3_fake_node/share/colcon-core/packages/turtlebot3_fake_node)
[0.997s] Level 1:colcon.colcon_core.environment:create_environment_scripts_only(turtlebot3_gazebo)
[1.000s] Level 1:colcon.colcon_core.environment:checking '/home/chris/Robosim/install/turtlebot3_gazebo' for CMake module files
[1.001s] DEBUG:colcon.colcon_core.event_handler.log_command:Invoked command in '/home/chris/Robosim/build/turtlebot3_gazebo' returned '0': CMAKE_PREFIX_PATH=${CMAKE_PREFIX_PATH}:/home/chris/Robosim/install/like_a_rumba_robot:/opt/ros/galactic /home/chris/.local/bin/cmake --install /home/chris/Robosim/build/turtlebot3_gazebo
[1.001s] Level 1:colcon.colcon_core.environment:checking '/home/chris/Robosim/install/turtlebot3_gazebo' for CMake config files
[1.002s] Level 1:colcon.colcon_core.shell:create_environment_hook('turtlebot3_gazebo', 'cmake_prefix_path')
[1.005s] INFO:colcon.colcon_core.shell:Creating environment hook '/home/chris/Robosim/install/turtlebot3_gazebo/share/turtlebot3_gazebo/hook/cmake_prefix_path.ps1'
[1.006s] INFO:colcon.colcon_core.shell:Creating environment descriptor '/home/chris/Robosim/install/turtlebot3_gazebo/share/turtlebot3_gazebo/hook/cmake_prefix_path.dsv'
[1.006s] INFO:colcon.colcon_core.shell:Creating environment hook '/home/chris/Robosim/install/turtlebot3_gazebo/share/turtlebot3_gazebo/hook/cmake_prefix_path.sh'
[1.007s] Level 1:colcon.colcon_core.environment:checking '/home/chris/Robosim/install/turtlebot3_gazebo/lib'
[1.007s] Level 1:colcon.colcon_core.environment:checking '/home/chris/Robosim/install/turtlebot3_gazebo/bin'
[1.007s] Level 1:colcon.colcon_core.environment:checking '/home/chris/Robosim/install/turtlebot3_gazebo/lib/pkgconfig/turtlebot3_gazebo.pc'
[1.007s] Level 1:colcon.colcon_core.environment:checking '/home/chris/Robosim/install/turtlebot3_gazebo/lib/python3.8/site-packages'
[1.008s] Level 1:colcon.colcon_core.environment:checking '/home/chris/Robosim/install/turtlebot3_gazebo/bin'
[1.009s] INFO:colcon.colcon_core.shell:Creating package script '/home/chris/Robosim/install/turtlebot3_gazebo/share/turtlebot3_gazebo/package.ps1'
[1.010s] INFO:colcon.colcon_core.shell:Creating package descriptor '/home/chris/Robosim/install/turtlebot3_gazebo/share/turtlebot3_gazebo/package.dsv'
[1.010s] INFO:colcon.colcon_core.shell:Creating package script '/home/chris/Robosim/install/turtlebot3_gazebo/share/turtlebot3_gazebo/package.sh'
[1.011s] INFO:colcon.colcon_core.shell:Creating package script '/home/chris/Robosim/install/turtlebot3_gazebo/share/turtlebot3_gazebo/package.bash'
[1.011s] INFO:colcon.colcon_core.shell:Creating package script '/home/chris/Robosim/install/turtlebot3_gazebo/share/turtlebot3_gazebo/package.zsh'
[1.012s] Level 1:colcon.colcon_core.environment:create_file_with_runtime_dependencies(/home/chris/Robosim/install/turtlebot3_gazebo/share/colcon-core/packages/turtlebot3_gazebo)
[1.046s] Level 1:colcon.colcon_core.environment:create_environment_scripts_only(turtlebot3_fake_node)
[1.049s] Level 1:colcon.colcon_core.environment:checking '/home/chris/Robosim/install/turtlebot3_fake_node' for CMake module files
[1.050s] Level 1:colcon.colcon_core.environment:checking '/home/chris/Robosim/install/turtlebot3_fake_node' for CMake config files
[1.050s] Level 1:colcon.colcon_core.shell:create_environment_hook('turtlebot3_fake_node', 'cmake_prefix_path')
[1.052s] INFO:colcon.colcon_core.shell:Creating environment hook '/home/chris/Robosim/install/turtlebot3_fake_node/share/turtlebot3_fake_node/hook/cmake_prefix_path.ps1'
[1.052s] INFO:colcon.colcon_core.shell:Creating environment descriptor '/home/chris/Robosim/install/turtlebot3_fake_node/share/turtlebot3_fake_node/hook/cmake_prefix_path.dsv'
[1.053s] INFO:colcon.colcon_core.shell:Creating environment hook '/home/chris/Robosim/install/turtlebot3_fake_node/share/turtlebot3_fake_node/hook/cmake_prefix_path.sh'
[1.053s] Level 1:colcon.colcon_core.environment:checking '/home/chris/Robosim/install/turtlebot3_fake_node/lib'
[1.053s] Level 1:colcon.colcon_core.environment:checking '/home/chris/Robosim/install/turtlebot3_fake_node/bin'
[1.053s] Level 1:colcon.colcon_core.environment:checking '/home/chris/Robosim/install/turtlebot3_fake_node/lib/pkgconfig/turtlebot3_fake_node.pc'
[1.054s] Level 1:colcon.colcon_core.environment:checking '/home/chris/Robosim/install/turtlebot3_fake_node/lib/python3.8/site-packages'
[1.054s] Level 1:colcon.colcon_core.environment:checking '/home/chris/Robosim/install/turtlebot3_fake_node/bin'
[1.056s] INFO:colcon.colcon_core.shell:Creating package script '/home/chris/Robosim/install/turtlebot3_fake_node/share/turtlebot3_fake_node/package.ps1'
[1.056s] INFO:colcon.colcon_core.shell:Creating package descriptor '/home/chris/Robosim/install/turtlebot3_fake_node/share/turtlebot3_fake_node/package.dsv'
[1.057s] INFO:colcon.colcon_core.shell:Creating package script '/home/chris/Robosim/install/turtlebot3_fake_node/share/turtlebot3_fake_node/package.sh'
[1.057s] INFO:colcon.colcon_core.shell:Creating package script '/home/chris/Robosim/install/turtlebot3_fake_node/share/turtlebot3_fake_node/package.bash'
[1.058s] INFO:colcon.colcon_core.shell:Creating package script '/home/chris/Robosim/install/turtlebot3_fake_node/share/turtlebot3_fake_node/package.zsh'
[1.058s] Level 1:colcon.colcon_core.environment:create_file_with_runtime_dependencies(/home/chris/Robosim/install/turtlebot3_fake_node/share/colcon-core/packages/turtlebot3_fake_node)
[1.071s] Level 1:colcon.colcon_core.environment:create_environment_scripts_only(turtlebot3_gazebo)
[1.075s] Level 1:colcon.colcon_core.environment:checking '/home/chris/Robosim/install/turtlebot3_gazebo' for CMake module files
[1.075s] Level 1:colcon.colcon_core.environment:checking '/home/chris/Robosim/install/turtlebot3_gazebo' for CMake config files
[1.077s] Level 1:colcon.colcon_core.shell:create_environment_hook('turtlebot3_gazebo', 'cmake_prefix_path')
[1.078s] INFO:colcon.colcon_core.shell:Creating environment hook '/home/chris/Robosim/install/turtlebot3_gazebo/share/turtlebot3_gazebo/hook/cmake_prefix_path.ps1'
[1.079s] INFO:colcon.colcon_core.shell:Creating environment descriptor '/home/chris/Robosim/install/turtlebot3_gazebo/share/turtlebot3_gazebo/hook/cmake_prefix_path.dsv'
[1.080s] INFO:colcon.colcon_core.shell:Creating environment hook '/home/chris/Robosim/install/turtlebot3_gazebo/share/turtlebot3_gazebo/hook/cmake_prefix_path.sh'
[1.080s] Level 1:colcon.colcon_core.environment:checking '/home/chris/Robosim/install/turtlebot3_gazebo/lib'
[1.080s] Level 1:colcon.colcon_core.environment:checking '/home/chris/Robosim/install/turtlebot3_gazebo/bin'
[1.080s] Level 1:colcon.colcon_core.environment:checking '/home/chris/Robosim/install/turtlebot3_gazebo/lib/pkgconfig/turtlebot3_gazebo.pc'
[1.080s] Level 1:colcon.colcon_core.environment:checking '/home/chris/Robosim/install/turtlebot3_gazebo/lib/python3.8/site-packages'
[1.081s] Level 1:colcon.colcon_core.environment:checking '/home/chris/Robosim/install/turtlebot3_gazebo/bin'
[1.082s] INFO:colcon.colcon_core.shell:Creating package script '/home/chris/Robosim/install/turtlebot3_gazebo/share/turtlebot3_gazebo/package.ps1'
[1.083s] INFO:colcon.colcon_core.shell:Creating package descriptor '/home/chris/Robosim/install/turtlebot3_gazebo/share/turtlebot3_gazebo/package.dsv'
[1.083s] INFO:colcon.colcon_core.shell:Creating package script '/home/chris/Robosim/install/turtlebot3_gazebo/share/turtlebot3_gazebo/package.sh'
[1.084s] INFO:colcon.colcon_core.shell:Creating package script '/home/chris/Robosim/install/turtlebot3_gazebo/share/turtlebot3_gazebo/package.bash'
[1.084s] INFO:colcon.colcon_core.shell:Creating package script '/home/chris/Robosim/install/turtlebot3_gazebo/share/turtlebot3_gazebo/package.zsh'
[1.084s] Level 1:colcon.colcon_core.environment:create_file_with_runtime_dependencies(/home/chris/Robosim/install/turtlebot3_gazebo/share/colcon-core/packages/turtlebot3_gazebo)
[1.085s] INFO:colcon.colcon_ros.task.ament_cmake.build:Building ROS package in '/home/chris/Robosim/src/turtlebot3_simulations/turtlebot3_simulations' with build type 'ament_cmake'
[1.085s] INFO:colcon.colcon_cmake.task.cmake.build:Building CMake package in '/home/chris/Robosim/src/turtlebot3_simulations/turtlebot3_simulations'
[1.087s] INFO:colcon.colcon_core.shell:Skip shell extension 'powershell' for command environment: Not usable outside of PowerShell
[1.087s] DEBUG:colcon.colcon_core.shell:Skip shell extension 'dsv' for command environment
[1.103s] DEBUG:colcon.colcon_core.event_handler.log_command:Invoking command in '/home/chris/Robosim/build/turtlebot3_simulations': CMAKE_PREFIX_PATH=/home/chris/Robosim/install/turtlebot3_gazebo:/home/chris/Robosim/install/turtlebot3_fake_node:/home/chris/Robosim/install/turtlebot3_simulations:/home/chris/Robosim/install/like_a_rumba_robot:/opt/ros/galactic /home/chris/.local/bin/cmake --build /home/chris/Robosim/build/turtlebot3_simulations -- -j8 -l8
[1.146s] DEBUG:colcon.colcon_core.event_handler.log_command:Invoked command in '/home/chris/Robosim/build/turtlebot3_simulations' returned '0': CMAKE_PREFIX_PATH=/home/chris/Robosim/install/turtlebot3_gazebo:/home/chris/Robosim/install/turtlebot3_fake_node:/home/chris/Robosim/install/turtlebot3_simulations:/home/chris/Robosim/install/like_a_rumba_robot:/opt/ros/galactic /home/chris/.local/bin/cmake --build /home/chris/Robosim/build/turtlebot3_simulations -- -j8 -l8
[1.193s] DEBUG:colcon.colcon_core.event_handler.log_command:Invoking command in '/home/chris/Robosim/build/turtlebot3_simulations': CMAKE_PREFIX_PATH=/home/chris/Robosim/install/turtlebot3_gazebo:/home/chris/Robosim/install/turtlebot3_fake_node:/home/chris/Robosim/install/turtlebot3_simulations:/home/chris/Robosim/install/like_a_rumba_robot:/opt/ros/galactic /home/chris/.local/bin/cmake --install /home/chris/Robosim/build/turtlebot3_simulations
[1.233s] Level 1:colcon.colcon_core.environment:create_environment_scripts_only(turtlebot3_simulations)
[1.236s] Level 1:colcon.colcon_core.environment:checking '/home/chris/Robosim/install/turtlebot3_simulations' for CMake module files
[1.236s] DEBUG:colcon.colcon_core.event_handler.log_command:Invoked command in '/home/chris/Robosim/build/turtlebot3_simulations' returned '0': CMAKE_PREFIX_PATH=/home/chris/Robosim/install/turtlebot3_gazebo:/home/chris/Robosim/install/turtlebot3_fake_node:/home/chris/Robosim/install/turtlebot3_simulations:/home/chris/Robosim/install/like_a_rumba_robot:/opt/ros/galactic /home/chris/.local/bin/cmake --install /home/chris/Robosim/build/turtlebot3_simulations
[1.236s] Level 1:colcon.colcon_core.environment:checking '/home/chris/Robosim/install/turtlebot3_simulations' for CMake config files
[1.237s] Level 1:colcon.colcon_core.shell:create_environment_hook('turtlebot3_simulations', 'cmake_prefix_path')
[1.238s] INFO:colcon.colcon_core.shell:Creating environment hook '/home/chris/Robosim/install/turtlebot3_simulations/share/turtlebot3_simulations/hook/cmake_prefix_path.ps1'
[1.239s] INFO:colcon.colcon_core.shell:Creating environment descriptor '/home/chris/Robosim/install/turtlebot3_simulations/share/turtlebot3_simulations/hook/cmake_prefix_path.dsv'
[1.239s] INFO:colcon.colcon_core.shell:Creating environment hook '/home/chris/Robosim/install/turtlebot3_simulations/share/turtlebot3_simulations/hook/cmake_prefix_path.sh'
[1.240s] Level 1:colcon.colcon_core.environment:checking '/home/chris/Robosim/install/turtlebot3_simulations/bin'
[1.240s] Level 1:colcon.colcon_core.environment:checking '/home/chris/Robosim/install/turtlebot3_simulations/lib/pkgconfig/turtlebot3_simulations.pc'
[1.240s] Level 1:colcon.colcon_core.environment:checking '/home/chris/Robosim/install/turtlebot3_simulations/lib/python3.8/site-packages'
[1.240s] Level 1:colcon.colcon_core.environment:checking '/home/chris/Robosim/install/turtlebot3_simulations/bin'
[1.242s] INFO:colcon.colcon_core.shell:Creating package script '/home/chris/Robosim/install/turtlebot3_simulations/share/turtlebot3_simulations/package.ps1'
[1.242s] INFO:colcon.colcon_core.shell:Creating package descriptor '/home/chris/Robosim/install/turtlebot3_simulations/share/turtlebot3_simulations/package.dsv'
[1.242s] INFO:colcon.colcon_core.shell:Creating package script '/home/chris/Robosim/install/turtlebot3_simulations/share/turtlebot3_simulations/package.sh'
[1.243s] INFO:colcon.colcon_core.shell:Creating package script '/home/chris/Robosim/install/turtlebot3_simulations/share/turtlebot3_simulations/package.bash'
[1.243s] INFO:colcon.colcon_core.shell:Creating package script '/home/chris/Robosim/install/turtlebot3_simulations/share/turtlebot3_simulations/package.zsh'
[1.244s] Level 1:colcon.colcon_core.environment:create_file_with_runtime_dependencies(/home/chris/Robosim/install/turtlebot3_simulations/share/colcon-core/packages/turtlebot3_simulations)
[1.288s] Level 1:colcon.colcon_core.environment:create_environment_scripts_only(turtlebot3_simulations)
[1.290s] Level 1:colcon.colcon_core.environment:checking '/home/chris/Robosim/install/turtlebot3_simulations' for CMake module files
[1.291s] Level 1:colcon.colcon_core.environment:checking '/home/chris/Robosim/install/turtlebot3_simulations' for CMake config files
[1.291s] Level 1:colcon.colcon_core.shell:create_environment_hook('turtlebot3_simulations', 'cmake_prefix_path')
[1.293s] INFO:colcon.colcon_core.shell:Creating environment hook '/home/chris/Robosim/install/turtlebot3_simulations/share/turtlebot3_simulations/hook/cmake_prefix_path.ps1'
[1.293s] INFO:colcon.colcon_core.shell:Creating environment descriptor '/home/chris/Robosim/install/turtlebot3_simulations/share/turtlebot3_simulations/hook/cmake_prefix_path.dsv'
[1.294s] INFO:colcon.colcon_core.shell:Creating environment hook '/home/chris/Robosim/install/turtlebot3_simulations/share/turtlebot3_simulations/hook/cmake_prefix_path.sh'
[1.295s] Level 1:colcon.colcon_core.environment:checking '/home/chris/Robosim/install/turtlebot3_simulations/bin'
[1.295s] Level 1:colcon.colcon_core.environment:checking '/home/chris/Robosim/install/turtlebot3_simulations/lib/pkgconfig/turtlebot3_simulations.pc'
[1.295s] Level 1:colcon.colcon_core.environment:checking '/home/chris/Robosim/install/turtlebot3_simulations/lib/python3.8/site-packages'
[1.296s] Level 1:colcon.colcon_core.environment:checking '/home/chris/Robosim/install/turtlebot3_simulations/bin'
[1.297s] INFO:colcon.colcon_core.shell:Creating package script '/home/chris/Robosim/install/turtlebot3_simulations/share/turtlebot3_simulations/package.ps1'
[1.298s] INFO:colcon.colcon_core.shell:Creating package descriptor '/home/chris/Robosim/install/turtlebot3_simulations/share/turtlebot3_simulations/package.dsv'
[1.298s] INFO:colcon.colcon_core.shell:Creating package script '/home/chris/Robosim/install/turtlebot3_simulations/share/turtlebot3_simulations/package.sh'
[1.299s] INFO:colcon.colcon_core.shell:Creating package script '/home/chris/Robosim/install/turtlebot3_simulations/share/turtlebot3_simulations/package.bash'
[1.299s] INFO:colcon.colcon_core.shell:Creating package script '/home/chris/Robosim/install/turtlebot3_simulations/share/turtlebot3_simulations/package.zsh'
[1.300s] Level 1:colcon.colcon_core.environment:create_file_with_runtime_dependencies(/home/chris/Robosim/install/turtlebot3_simulations/share/colcon-core/packages/turtlebot3_simulations)
[1.399s] DEBUG:colcon.colcon_core.event_handler.log_command:Invoking command in '/home/chris/Robosim/src/like_a_rumba_robot': PYTHONPATH=/home/chris/Robosim/build/like_a_rumba_robot/prefix_override:/home/chris/Robosim/install/like_a_rumba_robot/lib/python3.8/site-packages:${PYTHONPATH} /usr/bin/python3 setup.py egg_info --egg-base ../../build/like_a_rumba_robot build --build-base /home/chris/Robosim/build/like_a_rumba_robot/build install --record /home/chris/Robosim/build/like_a_rumba_robot/install.log --single-version-externally-managed
[1.717s] Level 1:colcon.colcon_core.environment:checking '/home/chris/Robosim/install/like_a_rumba_robot' for CMake module files
[1.718s] DEBUG:colcon.colcon_core.event_handler.log_command:Invoked command in '/home/chris/Robosim/src/like_a_rumba_robot' returned '0': PYTHONPATH=/home/chris/Robosim/build/like_a_rumba_robot/prefix_override:/home/chris/Robosim/install/like_a_rumba_robot/lib/python3.8/site-packages:${PYTHONPATH} /usr/bin/python3 setup.py egg_info --egg-base ../../build/like_a_rumba_robot build --build-base /home/chris/Robosim/build/like_a_rumba_robot/build install --record /home/chris/Robosim/build/like_a_rumba_robot/install.log --single-version-externally-managed
[1.718s] Level 1:colcon.colcon_core.environment:checking '/home/chris/Robosim/install/like_a_rumba_robot' for CMake config files
[1.719s] Level 1:colcon.colcon_core.environment:checking '/home/chris/Robosim/install/like_a_rumba_robot/lib'
[1.719s] Level 1:colcon.colcon_core.environment:checking '/home/chris/Robosim/install/like_a_rumba_robot/bin'
[1.719s] Level 1:colcon.colcon_core.environment:checking '/home/chris/Robosim/install/like_a_rumba_robot/lib/pkgconfig/like_a_rumba_robot.pc'
[1.719s] Level 1:colcon.colcon_core.environment:checking '/home/chris/Robosim/install/like_a_rumba_robot/lib/python3.8/site-packages'
[1.719s] Level 1:colcon.colcon_core.shell:create_environment_hook('like_a_rumba_robot', 'pythonpath')
[1.721s] INFO:colcon.colcon_core.shell:Creating environment hook '/home/chris/Robosim/install/like_a_rumba_robot/share/like_a_rumba_robot/hook/pythonpath.ps1'
[1.721s] INFO:colcon.colcon_core.shell:Creating environment descriptor '/home/chris/Robosim/install/like_a_rumba_robot/share/like_a_rumba_robot/hook/pythonpath.dsv'
[1.722s] INFO:colcon.colcon_core.shell:Creating environment hook '/home/chris/Robosim/install/like_a_rumba_robot/share/like_a_rumba_robot/hook/pythonpath.sh'
[1.722s] Level 1:colcon.colcon_core.environment:checking '/home/chris/Robosim/install/like_a_rumba_robot/bin'
[1.722s] Level 1:colcon.colcon_core.environment:create_environment_scripts_only(like_a_rumba_robot)
[1.724s] INFO:colcon.colcon_core.shell:Creating package script '/home/chris/Robosim/install/like_a_rumba_robot/share/like_a_rumba_robot/package.ps1'
[1.724s] INFO:colcon.colcon_core.shell:Creating package descriptor '/home/chris/Robosim/install/like_a_rumba_robot/share/like_a_rumba_robot/package.dsv'
[1.725s] INFO:colcon.colcon_core.shell:Creating package script '/home/chris/Robosim/install/like_a_rumba_robot/share/like_a_rumba_robot/package.sh'
[1.726s] INFO:colcon.colcon_core.shell:Creating package script '/home/chris/Robosim/install/like_a_rumba_robot/share/like_a_rumba_robot/package.bash'
[1.726s] INFO:colcon.colcon_core.shell:Creating package script '/home/chris/Robosim/install/like_a_rumba_robot/share/like_a_rumba_robot/package.zsh'
[1.726s] Level 1:colcon.colcon_core.environment:create_file_with_runtime_dependencies(/home/chris/Robosim/install/like_a_rumba_robot/share/colcon-core/packages/like_a_rumba_robot)
[1.726s] DEBUG:colcon.colcon_parallel_executor.executor.parallel:closing loop
[1.727s] DEBUG:colcon.colcon_parallel_executor.executor.parallel:loop closed
[1.727s] DEBUG:colcon.colcon_parallel_executor.executor.parallel:run_until_complete finished with '0'
[1.727s] DEBUG:colcon.colcon_core.event_reactor:joining thread
[1.733s] INFO:colcon.colcon_core.plugin_system:Skipping extension 'colcon_notification.desktop_notification.terminal_notifier': Not used on non-Darwin systems
[1.733s] INFO:colcon.colcon_core.plugin_system:Skipping extension 'colcon_notification.desktop_notification.win32': Not used on non-Windows systems
[1.733s] INFO:colcon.colcon_notification.desktop_notification:Sending desktop notification using 'notify2'
[1.749s] DEBUG:colcon.colcon_core.event_reactor:joined thread
[1.751s] INFO:colcon.colcon_core.shell:Creating prefix script '/home/chris/Robosim/install/local_setup.ps1'
[1.752s] INFO:colcon.colcon_core.shell:Creating prefix util module '/home/chris/Robosim/install/_local_setup_util_ps1.py'
[1.754s] INFO:colcon.colcon_core.shell:Creating prefix chain script '/home/chris/Robosim/install/setup.ps1'
[1.755s] INFO:colcon.colcon_core.shell:Creating prefix script '/home/chris/Robosim/install/local_setup.sh'
[1.756s] INFO:colcon.colcon_core.shell:Creating prefix util module '/home/chris/Robosim/install/_local_setup_util_sh.py'
[1.756s] INFO:colcon.colcon_core.shell:Creating prefix chain script '/home/chris/Robosim/install/setup.sh'
[1.758s] INFO:colcon.colcon_core.shell:Creating prefix script '/home/chris/Robosim/install/local_setup.bash'
[1.758s] INFO:colcon.colcon_core.shell:Creating prefix chain script '/home/chris/Robosim/install/setup.bash'
[1.759s] INFO:colcon.colcon_core.shell:Creating prefix script '/home/chris/Robosim/install/local_setup.zsh'
[1.760s] INFO:colcon.colcon_core.shell:Creating prefix chain script '/home/chris/Robosim/install/setup.zsh'
