[0.311s] DEBUG:colcon:Command line arguments: ['/usr/bin/colcon', 'build']
[0.312s] DEBUG:colcon:Parsed command line arguments: Namespace(allow_overriding=[], ament_cmake_args=None, base_paths=['.'], build_base='build', catkin_cmake_args=None, catkin_skip_building_tests=False, cmake_args=None, cmake_clean_cache=False, cmake_clean_first=False, cmake_force_configure=False, cmake_target=None, cmake_target_skip_unavailable=False, continue_on_error=False, event_handlers=None, executor='parallel', ignore_user_meta=False, install_base='install', log_base=None, log_level=None, main=<bound method BuildVerb.main of <colcon_core.verb.build.BuildVerb object at 0x7f83c3476970>>, merge_install=False, metas=['./colcon.meta'], packages_above=None, packages_above_and_dependencies=None, packages_above_depth=None, packages_end=None, packages_ignore=None, packages_ignore_regex=None, packages_select=None, packages_select_build_failed=False, packages_select_by_dep=None, packages_select_regex=None, packages_select_test_failures=False, packages_skip=None, packages_skip_build_finished=False, packages_skip_by_dep=None, packages_skip_regex=None, packages_skip_test_passed=False, packages_skip_up_to=None, packages_start=None, packages_up_to=None, packages_up_to_regex=None, parallel_workers=8, paths=None, symlink_install=False, test_result_base=None, verb_extension=<colcon_core.verb.build.BuildVerb object at 0x7f83c3476970>, verb_name='build', verb_parser=<colcon_defaults.argument_parser.defaults.DefaultArgumentsDecorator object at 0x7f83c3476ee0>)
[0.344s] Level 1:colcon.colcon_core.package_discovery:discover_packages(colcon_meta) check parameters
[0.344s] Level 1:colcon.colcon_core.package_discovery:discover_packages(recursive) check parameters
[0.344s] Level 1:colcon.colcon_core.package_discovery:discover_packages(ignore) check parameters
[0.344s] Level 1:colcon.colcon_core.package_discovery:discover_packages(path) check parameters
[0.344s] Level 1:colcon.colcon_core.package_discovery:discover_packages(colcon_meta) discover
[0.344s] Level 1:colcon.colcon_core.package_discovery:discover_packages(recursive) discover
[0.345s] INFO:colcon.colcon_core.package_discovery:Crawling recursively for packages in '/home/chris/Robosim'
[0.345s] Level 1:colcon.colcon_core.package_identification:_identify(.) by extensions ['ignore', 'ignore_ament_install']
[0.345s] Level 1:colcon.colcon_core.package_identification:_identify(.) by extension 'ignore'
[0.345s] Level 1:colcon.colcon_core.package_identification:_identify(.) by extension 'ignore_ament_install'
[0.345s] Level 1:colcon.colcon_core.package_identification:_identify(.) by extensions ['colcon_pkg']
[0.345s] Level 1:colcon.colcon_core.package_identification:_identify(.) by extension 'colcon_pkg'
[0.345s] Level 1:colcon.colcon_core.package_identification:_identify(.) by extensions ['colcon_meta']
[0.345s] Level 1:colcon.colcon_core.package_identification:_identify(.) by extension 'colcon_meta'
[0.345s] Level 1:colcon.colcon_core.package_identification:_identify(.) by extensions ['ros']
[0.345s] Level 1:colcon.colcon_core.package_identification:_identify(.) by extension 'ros'
[0.355s] Level 1:colcon.colcon_core.package_identification:_identify(.) by extensions ['cmake', 'python']
[0.355s] Level 1:colcon.colcon_core.package_identification:_identify(.) by extension 'cmake'
[0.355s] Level 1:colcon.colcon_core.package_identification:_identify(.) by extension 'python'
[0.355s] Level 1:colcon.colcon_core.package_identification:_identify(.) by extensions ['python_setup_py']
[0.355s] Level 1:colcon.colcon_core.package_identification:_identify(.) by extension 'python_setup_py'
[0.355s] Level 1:colcon.colcon_core.package_identification:_identify(build) by extensions ['ignore', 'ignore_ament_install']
[0.355s] Level 1:colcon.colcon_core.package_identification:_identify(build) by extension 'ignore'
[0.355s] Level 1:colcon.colcon_core.package_identification:_identify(build) ignored
[0.356s] Level 1:colcon.colcon_core.package_identification:_identify(install) by extensions ['ignore', 'ignore_ament_install']
[0.356s] Level 1:colcon.colcon_core.package_identification:_identify(install) by extension 'ignore'
[0.356s] Level 1:colcon.colcon_core.package_identification:_identify(install) ignored
[0.356s] Level 1:colcon.colcon_core.package_identification:_identify(log) by extensions ['ignore', 'ignore_ament_install']
[0.356s] Level 1:colcon.colcon_core.package_identification:_identify(log) by extension 'ignore'
[0.356s] Level 1:colcon.colcon_core.package_identification:_identify(log) ignored
[0.356s] Level 1:colcon.colcon_core.package_identification:_identify(snap) by extensions ['ignore', 'ignore_ament_install']
[0.356s] Level 1:colcon.colcon_core.package_identification:_identify(snap) by extension 'ignore'
[0.356s] Level 1:colcon.colcon_core.package_identification:_identify(snap) by extension 'ignore_ament_install'
[0.356s] Level 1:colcon.colcon_core.package_identification:_identify(snap) by extensions ['colcon_pkg']
[0.356s] Level 1:colcon.colcon_core.package_identification:_identify(snap) by extension 'colcon_pkg'
[0.356s] Level 1:colcon.colcon_core.package_identification:_identify(snap) by extensions ['colcon_meta']
[0.356s] Level 1:colcon.colcon_core.package_identification:_identify(snap) by extension 'colcon_meta'
[0.356s] Level 1:colcon.colcon_core.package_identification:_identify(snap) by extensions ['ros']
[0.356s] Level 1:colcon.colcon_core.package_identification:_identify(snap) by extension 'ros'
[0.356s] Level 1:colcon.colcon_core.package_identification:_identify(snap) by extensions ['cmake', 'python']
[0.356s] Level 1:colcon.colcon_core.package_identification:_identify(snap) by extension 'cmake'
[0.356s] Level 1:colcon.colcon_core.package_identification:_identify(snap) by extension 'python'
[0.356s] Level 1:colcon.colcon_core.package_identification:_identify(snap) by extensions ['python_setup_py']
[0.357s] Level 1:colcon.colcon_core.package_identification:_identify(snap) by extension 'python_setup_py'
[0.357s] Level 1:colcon.colcon_core.package_identification:_identify(src) by extensions ['ignore', 'ignore_ament_install']
[0.357s] Level 1:colcon.colcon_core.package_identification:_identify(src) by extension 'ignore'
[0.357s] Level 1:colcon.colcon_core.package_identification:_identify(src) by extension 'ignore_ament_install'
[0.357s] Level 1:colcon.colcon_core.package_identification:_identify(src) by extensions ['colcon_pkg']
[0.357s] Level 1:colcon.colcon_core.package_identification:_identify(src) by extension 'colcon_pkg'
[0.357s] Level 1:colcon.colcon_core.package_identification:_identify(src) by extensions ['colcon_meta']
[0.357s] Level 1:colcon.colcon_core.package_identification:_identify(src) by extension 'colcon_meta'
[0.357s] Level 1:colcon.colcon_core.package_identification:_identify(src) by extensions ['ros']
[0.357s] Level 1:colcon.colcon_core.package_identification:_identify(src) by extension 'ros'
[0.357s] Level 1:colcon.colcon_core.package_identification:_identify(src) by extensions ['cmake', 'python']
[0.357s] Level 1:colcon.colcon_core.package_identification:_identify(src) by extension 'cmake'
[0.357s] Level 1:colcon.colcon_core.package_identification:_identify(src) by extension 'python'
[0.357s] Level 1:colcon.colcon_core.package_identification:_identify(src) by extensions ['python_setup_py']
[0.357s] Level 1:colcon.colcon_core.package_identification:_identify(src) by extension 'python_setup_py'
[0.357s] Level 1:colcon.colcon_core.package_identification:_identify(src/like_a_rumba_robot) by extensions ['ignore', 'ignore_ament_install']
[0.357s] Level 1:colcon.colcon_core.package_identification:_identify(src/like_a_rumba_robot) by extension 'ignore'
[0.357s] Level 1:colcon.colcon_core.package_identification:_identify(src/like_a_rumba_robot) by extension 'ignore_ament_install'
[0.357s] Level 1:colcon.colcon_core.package_identification:_identify(src/like_a_rumba_robot) by extensions ['colcon_pkg']
[0.357s] Level 1:colcon.colcon_core.package_identification:_identify(src/like_a_rumba_robot) by extension 'colcon_pkg'
[0.358s] Level 1:colcon.colcon_core.package_identification:_identify(src/like_a_rumba_robot) by extensions ['colcon_meta']
[0.358s] Level 1:colcon.colcon_core.package_identification:_identify(src/like_a_rumba_robot) by extension 'colcon_meta'
[0.358s] Level 1:colcon.colcon_core.package_identification:_identify(src/like_a_rumba_robot) by extensions ['ros']
[0.358s] Level 1:colcon.colcon_core.package_identification:_identify(src/like_a_rumba_robot) by extension 'ros'
[0.360s] DEBUG:colcon.colcon_core.package_identification:Package 'src/like_a_rumba_robot' with type 'ros.ament_python' and name 'like_a_rumba_robot'
[0.361s] Level 1:colcon.colcon_core.package_identification:_identify(src/turtlebot3_simulations) by extensions ['ignore', 'ignore_ament_install']
[0.361s] Level 1:colcon.colcon_core.package_identification:_identify(src/turtlebot3_simulations) by extension 'ignore'
[0.361s] Level 1:colcon.colcon_core.package_identification:_identify(src/turtlebot3_simulations) by extension 'ignore_ament_install'
[0.361s] Level 1:colcon.colcon_core.package_identification:_identify(src/turtlebot3_simulations) by extensions ['colcon_pkg']
[0.361s] Level 1:colcon.colcon_core.package_identification:_identify(src/turtlebot3_simulations) by extension 'colcon_pkg'
[0.361s] Level 1:colcon.colcon_core.package_identification:_identify(src/turtlebot3_simulations) by extensions ['colcon_meta']
[0.361s] Level 1:colcon.colcon_core.package_identification:_identify(src/turtlebot3_simulations) by extension 'colcon_meta'
[0.361s] Level 1:colcon.colcon_core.package_identification:_identify(src/turtlebot3_simulations) by extensions ['ros']
[0.361s] Level 1:colcon.colcon_core.package_identification:_identify(src/turtlebot3_simulations) by extension 'ros'
[0.361s] Level 1:colcon.colcon_core.package_identification:_identify(src/turtlebot3_simulations) by extensions ['cmake', 'python']
[0.361s] Level 1:colcon.colcon_core.package_identification:_identify(src/turtlebot3_simulations) by extension 'cmake'
[0.361s] Level 1:colcon.colcon_core.package_identification:_identify(src/turtlebot3_simulations) by extension 'python'
[0.361s] Level 1:colcon.colcon_core.package_identification:_identify(src/turtlebot3_simulations) by extensions ['python_setup_py']
[0.361s] Level 1:colcon.colcon_core.package_identification:_identify(src/turtlebot3_simulations) by extension 'python_setup_py'
[0.361s] Level 1:colcon.colcon_core.package_identification:_identify(src/turtlebot3_simulations/turtlebot3_fake_node) by extensions ['ignore', 'ignore_ament_install']
[0.361s] Level 1:colcon.colcon_core.package_identification:_identify(src/turtlebot3_simulations/turtlebot3_fake_node) by extension 'ignore'
[0.361s] Level 1:colcon.colcon_core.package_identification:_identify(src/turtlebot3_simulations/turtlebot3_fake_node) by extension 'ignore_ament_install'
[0.361s] Level 1:colcon.colcon_core.package_identification:_identify(src/turtlebot3_simulations/turtlebot3_fake_node) by extensions ['colcon_pkg']
[0.361s] Level 1:colcon.colcon_core.package_identification:_identify(src/turtlebot3_simulations/turtlebot3_fake_node) by extension 'colcon_pkg'
[0.362s] Level 1:colcon.colcon_core.package_identification:_identify(src/turtlebot3_simulations/turtlebot3_fake_node) by extensions ['colcon_meta']
[0.362s] Level 1:colcon.colcon_core.package_identification:_identify(src/turtlebot3_simulations/turtlebot3_fake_node) by extension 'colcon_meta'
[0.362s] Level 1:colcon.colcon_core.package_identification:_identify(src/turtlebot3_simulations/turtlebot3_fake_node) by extensions ['ros']
[0.362s] Level 1:colcon.colcon_core.package_identification:_identify(src/turtlebot3_simulations/turtlebot3_fake_node) by extension 'ros'
[0.363s] DEBUG:colcon.colcon_core.package_identification:Package 'src/turtlebot3_simulations/turtlebot3_fake_node' with type 'ros.ament_cmake' and name 'turtlebot3_fake_node'
[0.363s] Level 1:colcon.colcon_core.package_identification:_identify(src/turtlebot3_simulations/turtlebot3_gazebo) by extensions ['ignore', 'ignore_ament_install']
[0.363s] Level 1:colcon.colcon_core.package_identification:_identify(src/turtlebot3_simulations/turtlebot3_gazebo) by extension 'ignore'
[0.363s] Level 1:colcon.colcon_core.package_identification:_identify(src/turtlebot3_simulations/turtlebot3_gazebo) by extension 'ignore_ament_install'
[0.363s] Level 1:colcon.colcon_core.package_identification:_identify(src/turtlebot3_simulations/turtlebot3_gazebo) by extensions ['colcon_pkg']
[0.363s] Level 1:colcon.colcon_core.package_identification:_identify(src/turtlebot3_simulations/turtlebot3_gazebo) by extension 'colcon_pkg'
[0.363s] Level 1:colcon.colcon_core.package_identification:_identify(src/turtlebot3_simulations/turtlebot3_gazebo) by extensions ['colcon_meta']
[0.363s] Level 1:colcon.colcon_core.package_identification:_identify(src/turtlebot3_simulations/turtlebot3_gazebo) by extension 'colcon_meta'
[0.363s] Level 1:colcon.colcon_core.package_identification:_identify(src/turtlebot3_simulations/turtlebot3_gazebo) by extensions ['ros']
[0.363s] Level 1:colcon.colcon_core.package_identification:_identify(src/turtlebot3_simulations/turtlebot3_gazebo) by extension 'ros'
[0.364s] DEBUG:colcon.colcon_core.package_identification:Package 'src/turtlebot3_simulations/turtlebot3_gazebo' with type 'ros.ament_cmake' and name 'turtlebot3_gazebo'
[0.364s] Level 1:colcon.colcon_core.package_identification:_identify(src/turtlebot3_simulations/turtlebot3_simulations) by extensions ['ignore', 'ignore_ament_install']
[0.364s] Level 1:colcon.colcon_core.package_identification:_identify(src/turtlebot3_simulations/turtlebot3_simulations) by extension 'ignore'
[0.364s] Level 1:colcon.colcon_core.package_identification:_identify(src/turtlebot3_simulations/turtlebot3_simulations) by extension 'ignore_ament_install'
[0.364s] Level 1:colcon.colcon_core.package_identification:_identify(src/turtlebot3_simulations/turtlebot3_simulations) by extensions ['colcon_pkg']
[0.364s] Level 1:colcon.colcon_core.package_identification:_identify(src/turtlebot3_simulations/turtlebot3_simulations) by extension 'colcon_pkg'
[0.364s] Level 1:colcon.colcon_core.package_identification:_identify(src/turtlebot3_simulations/turtlebot3_simulations) by extensions ['colcon_meta']
[0.364s] Level 1:colcon.colcon_core.package_identification:_identify(src/turtlebot3_simulations/turtlebot3_simulations) by extension 'colcon_meta'
[0.364s] Level 1:colcon.colcon_core.package_identification:_identify(src/turtlebot3_simulations/turtlebot3_simulations) by extensions ['ros']
[0.365s] Level 1:colcon.colcon_core.package_identification:_identify(src/turtlebot3_simulations/turtlebot3_simulations) by extension 'ros'
[0.365s] DEBUG:colcon.colcon_core.package_identification:Package 'src/turtlebot3_simulations/turtlebot3_simulations' with type 'ros.ament_cmake' and name 'turtlebot3_simulations'
[0.365s] Level 1:colcon.colcon_core.package_discovery:discover_packages(recursive) using defaults
[0.365s] Level 1:colcon.colcon_core.package_discovery:discover_packages(ignore) discover
[0.365s] Level 1:colcon.colcon_core.package_discovery:discover_packages(ignore) using defaults
[0.365s] Level 1:colcon.colcon_core.package_discovery:discover_packages(path) discover
[0.365s] Level 1:colcon.colcon_core.package_discovery:discover_packages(path) using defaults
[0.383s] Level 1:colcon.colcon_core.package_discovery:discover_packages(prefix_path) check parameters
[0.383s] Level 1:colcon.colcon_core.package_discovery:discover_packages(prefix_path) discover
[0.384s] WARNING:colcon.colcon_ros.prefix_path.ament:The path '/home/chris/Robosim/install/turtlebot3_simulations' in the environment variable AMENT_PREFIX_PATH doesn't exist
[0.384s] WARNING:colcon.colcon_ros.prefix_path.ament:The path '/home/chris/Robosim/install/turtlebot3_gazebo' in the environment variable AMENT_PREFIX_PATH doesn't exist
[0.384s] WARNING:colcon.colcon_ros.prefix_path.ament:The path '/home/chris/Robosim/install/turtlebot3_fake_node' in the environment variable AMENT_PREFIX_PATH doesn't exist
[0.384s] WARNING:colcon.colcon_ros.prefix_path.ament:The path '/home/chris/Robosim/install/like_a_rumba_robot' in the environment variable AMENT_PREFIX_PATH doesn't exist
[0.384s] WARNING:colcon.colcon_ros.prefix_path.catkin:The path '/home/chris/Robosim/install/turtlebot3_simulations' in the environment variable CMAKE_PREFIX_PATH doesn't exist
[0.385s] WARNING:colcon.colcon_ros.prefix_path.catkin:The path '/home/chris/Robosim/install/turtlebot3_gazebo' in the environment variable CMAKE_PREFIX_PATH doesn't exist
[0.385s] WARNING:colcon.colcon_ros.prefix_path.catkin:The path '/home/chris/Robosim/install/turtlebot3_fake_node' in the environment variable CMAKE_PREFIX_PATH doesn't exist
[0.386s] DEBUG:colcon.colcon_installed_package_information.package_discovery:Found 0 installed packages in /home/chris/Robosim/install
[0.388s] DEBUG:colcon.colcon_installed_package_information.package_discovery:Found 360 installed packages in /opt/ros/galactic
[0.389s] Level 1:colcon.colcon_core.package_discovery:discover_packages(prefix_path) using defaults
[0.480s] Level 5:colcon.colcon_core.verb:set package 'like_a_rumba_robot' build argument 'cmake_args' from command line to 'None'
[0.480s] Level 5:colcon.colcon_core.verb:set package 'like_a_rumba_robot' build argument 'cmake_target' from command line to 'None'
[0.480s] Level 5:colcon.colcon_core.verb:set package 'like_a_rumba_robot' build argument 'cmake_target_skip_unavailable' from command line to 'False'
[0.480s] Level 5:colcon.colcon_core.verb:set package 'like_a_rumba_robot' build argument 'cmake_clean_cache' from command line to 'False'
[0.480s] Level 5:colcon.colcon_core.verb:set package 'like_a_rumba_robot' build argument 'cmake_clean_first' from command line to 'False'
[0.480s] Level 5:colcon.colcon_core.verb:set package 'like_a_rumba_robot' build argument 'cmake_force_configure' from command line to 'False'
[0.480s] Level 5:colcon.colcon_core.verb:set package 'like_a_rumba_robot' build argument 'ament_cmake_args' from command line to 'None'
[0.480s] Level 5:colcon.colcon_core.verb:set package 'like_a_rumba_robot' build argument 'catkin_cmake_args' from command line to 'None'
[0.480s] Level 5:colcon.colcon_core.verb:set package 'like_a_rumba_robot' build argument 'catkin_skip_building_tests' from command line to 'False'
[0.480s] DEBUG:colcon.colcon_core.verb:Building package 'like_a_rumba_robot' with the following arguments: {'ament_cmake_args': None, 'build_base': '/home/chris/Robosim/build/like_a_rumba_robot', 'catkin_cmake_args': None, 'catkin_skip_building_tests': False, 'cmake_args': None, 'cmake_clean_cache': False, 'cmake_clean_first': False, 'cmake_force_configure': False, 'cmake_target': None, 'cmake_target_skip_unavailable': False, 'install_base': '/home/chris/Robosim/install/like_a_rumba_robot', 'merge_install': False, 'path': '/home/chris/Robosim/src/like_a_rumba_robot', 'symlink_install': False, 'test_result_base': None}
[0.481s] Level 5:colcon.colcon_core.verb:set package 'turtlebot3_fake_node' build argument 'cmake_args' from command line to 'None'
[0.481s] Level 5:colcon.colcon_core.verb:set package 'turtlebot3_fake_node' build argument 'cmake_target' from command line to 'None'
[0.481s] Level 5:colcon.colcon_core.verb:set package 'turtlebot3_fake_node' build argument 'cmake_target_skip_unavailable' from command line to 'False'
[0.481s] Level 5:colcon.colcon_core.verb:set package 'turtlebot3_fake_node' build argument 'cmake_clean_cache' from command line to 'False'
[0.482s] Level 5:colcon.colcon_core.verb:set package 'turtlebot3_fake_node' build argument 'cmake_clean_first' from command line to 'False'
[0.482s] Level 5:colcon.colcon_core.verb:set package 'turtlebot3_fake_node' build argument 'cmake_force_configure' from command line to 'False'
[0.482s] Level 5:colcon.colcon_core.verb:set package 'turtlebot3_fake_node' build argument 'ament_cmake_args' from command line to 'None'
[0.482s] Level 5:colcon.colcon_core.verb:set package 'turtlebot3_fake_node' build argument 'catkin_cmake_args' from command line to 'None'
[0.482s] Level 5:colcon.colcon_core.verb:set package 'turtlebot3_fake_node' build argument 'catkin_skip_building_tests' from command line to 'False'
[0.482s] DEBUG:colcon.colcon_core.verb:Building package 'turtlebot3_fake_node' with the following arguments: {'ament_cmake_args': None, 'build_base': '/home/chris/Robosim/build/turtlebot3_fake_node', 'catkin_cmake_args': None, 'catkin_skip_building_tests': False, 'cmake_args': None, 'cmake_clean_cache': False, 'cmake_clean_first': False, 'cmake_force_configure': False, 'cmake_target': None, 'cmake_target_skip_unavailable': False, 'install_base': '/home/chris/Robosim/install/turtlebot3_fake_node', 'merge_install': False, 'path': '/home/chris/Robosim/src/turtlebot3_simulations/turtlebot3_fake_node', 'symlink_install': False, 'test_result_base': None}
[0.483s] Level 5:colcon.colcon_core.verb:set package 'turtlebot3_gazebo' build argument 'cmake_args' from command line to 'None'
[0.483s] Level 5:colcon.colcon_core.verb:set package 'turtlebot3_gazebo' build argument 'cmake_target' from command line to 'None'
[0.483s] Level 5:colcon.colcon_core.verb:set package 'turtlebot3_gazebo' build argument 'cmake_target_skip_unavailable' from command line to 'False'
[0.483s] Level 5:colcon.colcon_core.verb:set package 'turtlebot3_gazebo' build argument 'cmake_clean_cache' from command line to 'False'
[0.483s] Level 5:colcon.colcon_core.verb:set package 'turtlebot3_gazebo' build argument 'cmake_clean_first' from command line to 'False'
[0.483s] Level 5:colcon.colcon_core.verb:set package 'turtlebot3_gazebo' build argument 'cmake_force_configure' from command line to 'False'
[0.483s] Level 5:colcon.colcon_core.verb:set package 'turtlebot3_gazebo' build argument 'ament_cmake_args' from command line to 'None'
[0.483s] Level 5:colcon.colcon_core.verb:set package 'turtlebot3_gazebo' build argument 'catkin_cmake_args' from command line to 'None'
[0.483s] Level 5:colcon.colcon_core.verb:set package 'turtlebot3_gazebo' build argument 'catkin_skip_building_tests' from command line to 'False'
[0.483s] DEBUG:colcon.colcon_core.verb:Building package 'turtlebot3_gazebo' with the following arguments: {'ament_cmake_args': None, 'build_base': '/home/chris/Robosim/build/turtlebot3_gazebo', 'catkin_cmake_args': None, 'catkin_skip_building_tests': False, 'cmake_args': None, 'cmake_clean_cache': False, 'cmake_clean_first': False, 'cmake_force_configure': False, 'cmake_target': None, 'cmake_target_skip_unavailable': False, 'install_base': '/home/chris/Robosim/install/turtlebot3_gazebo', 'merge_install': False, 'path': '/home/chris/Robosim/src/turtlebot3_simulations/turtlebot3_gazebo', 'symlink_install': False, 'test_result_base': None}
[0.484s] Level 5:colcon.colcon_core.verb:set package 'turtlebot3_simulations' build argument 'cmake_args' from command line to 'None'
[0.484s] Level 5:colcon.colcon_core.verb:set package 'turtlebot3_simulations' build argument 'cmake_target' from command line to 'None'
[0.484s] Level 5:colcon.colcon_core.verb:set package 'turtlebot3_simulations' build argument 'cmake_target_skip_unavailable' from command line to 'False'
[0.484s] Level 5:colcon.colcon_core.verb:set package 'turtlebot3_simulations' build argument 'cmake_clean_cache' from command line to 'False'
[0.484s] Level 5:colcon.colcon_core.verb:set package 'turtlebot3_simulations' build argument 'cmake_clean_first' from command line to 'False'
[0.484s] Level 5:colcon.colcon_core.verb:set package 'turtlebot3_simulations' build argument 'cmake_force_configure' from command line to 'False'
[0.484s] Level 5:colcon.colcon_core.verb:set package 'turtlebot3_simulations' build argument 'ament_cmake_args' from command line to 'None'
[0.484s] Level 5:colcon.colcon_core.verb:set package 'turtlebot3_simulations' build argument 'catkin_cmake_args' from command line to 'None'
[0.484s] Level 5:colcon.colcon_core.verb:set package 'turtlebot3_simulations' build argument 'catkin_skip_building_tests' from command line to 'False'
[0.484s] DEBUG:colcon.colcon_core.verb:Building package 'turtlebot3_simulations' with the following arguments: {'ament_cmake_args': None, 'build_base': '/home/chris/Robosim/build/turtlebot3_simulations', 'catkin_cmake_args': None, 'catkin_skip_building_tests': False, 'cmake_args': None, 'cmake_clean_cache': False, 'cmake_clean_first': False, 'cmake_force_configure': False, 'cmake_target': None, 'cmake_target_skip_unavailable': False, 'install_base': '/home/chris/Robosim/install/turtlebot3_simulations', 'merge_install': False, 'path': '/home/chris/Robosim/src/turtlebot3_simulations/turtlebot3_simulations', 'symlink_install': False, 'test_result_base': None}
[0.485s] INFO:colcon.colcon_core.executor:Executing jobs using 'parallel' executor
[0.488s] DEBUG:colcon.colcon_parallel_executor.executor.parallel:run_until_complete
[0.488s] INFO:colcon.colcon_ros.task.ament_cmake.build:Building ROS package in '/home/chris/Robosim/src/turtlebot3_simulations/turtlebot3_fake_node' with build type 'ament_cmake'
[0.488s] INFO:colcon.colcon_cmake.task.cmake.build:Building CMake package in '/home/chris/Robosim/src/turtlebot3_simulations/turtlebot3_fake_node'
[0.492s] INFO:colcon.colcon_core.plugin_system:Skipping extension 'colcon_core.shell.bat': Not used on non-Windows systems
[0.492s] INFO:colcon.colcon_core.shell:Skip shell extension 'powershell' for command environment: Not usable outside of PowerShell
[0.492s] DEBUG:colcon.colcon_core.shell:Skip shell extension 'dsv' for command environment
[0.498s] INFO:colcon.colcon_ros.task.ament_cmake.build:Building ROS package in '/home/chris/Robosim/src/turtlebot3_simulations/turtlebot3_gazebo' with build type 'ament_cmake'
[0.498s] INFO:colcon.colcon_cmake.task.cmake.build:Building CMake package in '/home/chris/Robosim/src/turtlebot3_simulations/turtlebot3_gazebo'
[0.500s] INFO:colcon.colcon_core.shell:Skip shell extension 'powershell' for command environment: Not usable outside of PowerShell
[0.500s] DEBUG:colcon.colcon_core.shell:Skip shell extension 'dsv' for command environment
[0.508s] INFO:colcon.colcon_ros.task.ament_python.build:Building ROS package in '/home/chris/Robosim/src/like_a_rumba_robot' with build type 'ament_python'
[0.508s] Level 1:colcon.colcon_core.shell:create_environment_hook('like_a_rumba_robot', 'ament_prefix_path')
[0.510s] INFO:colcon.colcon_core.shell:Creating environment hook '/home/chris/Robosim/install/like_a_rumba_robot/share/like_a_rumba_robot/hook/ament_prefix_path.ps1'
[0.512s] INFO:colcon.colcon_core.shell:Creating environment descriptor '/home/chris/Robosim/install/like_a_rumba_robot/share/like_a_rumba_robot/hook/ament_prefix_path.dsv'
[0.512s] INFO:colcon.colcon_core.shell:Creating environment hook '/home/chris/Robosim/install/like_a_rumba_robot/share/like_a_rumba_robot/hook/ament_prefix_path.sh'
[0.514s] INFO:colcon.colcon_core.shell:Skip shell extension 'powershell' for command environment: Not usable outside of PowerShell
[0.515s] DEBUG:colcon.colcon_core.shell:Skip shell extension 'dsv' for command environment
[0.528s] DEBUG:colcon.colcon_core.event_handler.log_command:Invoking command in '/home/chris/Robosim/build/turtlebot3_fake_node': CMAKE_PREFIX_PATH=${CMAKE_PREFIX_PATH}:/home/chris/Robosim/install/like_a_rumba_robot:/opt/ros/galactic /home/chris/.local/bin/cmake /home/chris/Robosim/src/turtlebot3_simulations/turtlebot3_fake_node -DCMAKE_INSTALL_PREFIX=/home/chris/Robosim/install/turtlebot3_fake_node
[0.532s] DEBUG:colcon.colcon_core.event_handler.log_command:Invoking command in '/home/chris/Robosim/build/turtlebot3_gazebo': CMAKE_PREFIX_PATH=${CMAKE_PREFIX_PATH}:/home/chris/Robosim/install/like_a_rumba_robot:/opt/ros/galactic /home/chris/.local/bin/cmake /home/chris/Robosim/src/turtlebot3_simulations/turtlebot3_gazebo -DCMAKE_INSTALL_PREFIX=/home/chris/Robosim/install/turtlebot3_gazebo
[0.894s] INFO:colcon.colcon_core.task.python.build:Building Python package in '/home/chris/Robosim/src/like_a_rumba_robot'
[0.897s] INFO:colcon.colcon_core.shell:Skip shell extension 'powershell' for command environment: Not usable outside of PowerShell
[0.897s] DEBUG:colcon.colcon_core.shell:Skip shell extension 'dsv' for command environment
[1.483s] DEBUG:colcon.colcon_core.event_handler.log_command:Invoking command in '/home/chris/Robosim/src/like_a_rumba_robot': PYTHONPATH=/home/chris/Robosim/build/like_a_rumba_robot/prefix_override:/home/chris/Robosim/install/like_a_rumba_robot/lib/python3.8/site-packages:${PYTHONPATH} /usr/bin/python3 setup.py egg_info --egg-base ../../build/like_a_rumba_robot build --build-base /home/chris/Robosim/build/like_a_rumba_robot/build install --record /home/chris/Robosim/build/like_a_rumba_robot/install.log --single-version-externally-managed
[1.906s] DEBUG:colcon.colcon_core.event_handler.log_command:Invoked command in '/home/chris/Robosim/src/like_a_rumba_robot' returned '0': PYTHONPATH=/home/chris/Robosim/build/like_a_rumba_robot/prefix_override:/home/chris/Robosim/install/like_a_rumba_robot/lib/python3.8/site-packages:${PYTHONPATH} /usr/bin/python3 setup.py egg_info --egg-base ../../build/like_a_rumba_robot build --build-base /home/chris/Robosim/build/like_a_rumba_robot/build install --record /home/chris/Robosim/build/like_a_rumba_robot/install.log --single-version-externally-managed
[1.914s] Level 1:colcon.colcon_core.environment:checking '/home/chris/Robosim/install/like_a_rumba_robot' for CMake module files
[1.915s] Level 1:colcon.colcon_core.environment:checking '/home/chris/Robosim/install/like_a_rumba_robot' for CMake config files
[1.916s] Level 1:colcon.colcon_core.environment:checking '/home/chris/Robosim/install/like_a_rumba_robot/lib'
[1.916s] Level 1:colcon.colcon_core.environment:checking '/home/chris/Robosim/install/like_a_rumba_robot/bin'
[1.917s] Level 1:colcon.colcon_core.environment:checking '/home/chris/Robosim/install/like_a_rumba_robot/lib/pkgconfig/like_a_rumba_robot.pc'
[1.917s] Level 1:colcon.colcon_core.environment:checking '/home/chris/Robosim/install/like_a_rumba_robot/lib/python3.8/site-packages'
[1.917s] Level 1:colcon.colcon_core.shell:create_environment_hook('like_a_rumba_robot', 'pythonpath')
[1.920s] INFO:colcon.colcon_core.shell:Creating environment hook '/home/chris/Robosim/install/like_a_rumba_robot/share/like_a_rumba_robot/hook/pythonpath.ps1'
[1.921s] INFO:colcon.colcon_core.shell:Creating environment descriptor '/home/chris/Robosim/install/like_a_rumba_robot/share/like_a_rumba_robot/hook/pythonpath.dsv'
[1.921s] INFO:colcon.colcon_core.shell:Creating environment hook '/home/chris/Robosim/install/like_a_rumba_robot/share/like_a_rumba_robot/hook/pythonpath.sh'
[1.922s] Level 1:colcon.colcon_core.environment:checking '/home/chris/Robosim/install/like_a_rumba_robot/bin'
[1.922s] Level 1:colcon.colcon_core.environment:create_environment_scripts_only(like_a_rumba_robot)
[1.925s] INFO:colcon.colcon_core.shell:Creating package script '/home/chris/Robosim/install/like_a_rumba_robot/share/like_a_rumba_robot/package.ps1'
[1.927s] INFO:colcon.colcon_core.shell:Creating package descriptor '/home/chris/Robosim/install/like_a_rumba_robot/share/like_a_rumba_robot/package.dsv'
[1.928s] INFO:colcon.colcon_core.shell:Creating package script '/home/chris/Robosim/install/like_a_rumba_robot/share/like_a_rumba_robot/package.sh'
[1.929s] INFO:colcon.colcon_core.shell:Creating package script '/home/chris/Robosim/install/like_a_rumba_robot/share/like_a_rumba_robot/package.bash'
[1.930s] INFO:colcon.colcon_core.shell:Creating package script '/home/chris/Robosim/install/like_a_rumba_robot/share/like_a_rumba_robot/package.zsh'
[1.931s] Level 1:colcon.colcon_core.environment:create_file_with_runtime_dependencies(/home/chris/Robosim/install/like_a_rumba_robot/share/colcon-core/packages/like_a_rumba_robot)
[2.573s] DEBUG:colcon.colcon_core.event_handler.log_command:Invoked command in '/home/chris/Robosim/build/turtlebot3_fake_node' returned '0': CMAKE_PREFIX_PATH=${CMAKE_PREFIX_PATH}:/home/chris/Robosim/install/like_a_rumba_robot:/opt/ros/galactic /home/chris/.local/bin/cmake /home/chris/Robosim/src/turtlebot3_simulations/turtlebot3_fake_node -DCMAKE_INSTALL_PREFIX=/home/chris/Robosim/install/turtlebot3_fake_node
[2.577s] DEBUG:colcon.colcon_core.event_handler.log_command:Invoking command in '/home/chris/Robosim/build/turtlebot3_fake_node': CMAKE_PREFIX_PATH=${CMAKE_PREFIX_PATH}:/home/chris/Robosim/install/like_a_rumba_robot:/opt/ros/galactic /home/chris/.local/bin/cmake --build /home/chris/Robosim/build/turtlebot3_fake_node -- -j8 -l8
[3.406s] DEBUG:colcon.colcon_core.event_handler.log_command:Invoked command in '/home/chris/Robosim/build/turtlebot3_gazebo' returned '0': CMAKE_PREFIX_PATH=${CMAKE_PREFIX_PATH}:/home/chris/Robosim/install/like_a_rumba_robot:/opt/ros/galactic /home/chris/.local/bin/cmake /home/chris/Robosim/src/turtlebot3_simulations/turtlebot3_gazebo -DCMAKE_INSTALL_PREFIX=/home/chris/Robosim/install/turtlebot3_gazebo
[3.409s] DEBUG:colcon.colcon_core.event_handler.log_command:Invoking command in '/home/chris/Robosim/build/turtlebot3_gazebo': CMAKE_PREFIX_PATH=${CMAKE_PREFIX_PATH}:/home/chris/Robosim/install/like_a_rumba_robot:/opt/ros/galactic /home/chris/.local/bin/cmake --build /home/chris/Robosim/build/turtlebot3_gazebo -- -j8 -l8
[19.269s] DEBUG:colcon.colcon_core.event_handler.log_command:Invoked command in '/home/chris/Robosim/build/turtlebot3_fake_node' returned '0': CMAKE_PREFIX_PATH=${CMAKE_PREFIX_PATH}:/home/chris/Robosim/install/like_a_rumba_robot:/opt/ros/galactic /home/chris/.local/bin/cmake --build /home/chris/Robosim/build/turtlebot3_fake_node -- -j8 -l8
[19.353s] DEBUG:colcon.colcon_core.event_handler.log_command:Invoking command in '/home/chris/Robosim/build/turtlebot3_fake_node': CMAKE_PREFIX_PATH=${CMAKE_PREFIX_PATH}:/home/chris/Robosim/install/like_a_rumba_robot:/opt/ros/galactic /home/chris/.local/bin/cmake --install /home/chris/Robosim/build/turtlebot3_fake_node
[19.393s] Level 1:colcon.colcon_core.environment:create_environment_scripts_only(turtlebot3_fake_node)
[19.396s] Level 1:colcon.colcon_core.environment:checking '/home/chris/Robosim/install/turtlebot3_fake_node' for CMake module files
[19.396s] DEBUG:colcon.colcon_core.event_handler.log_command:Invoked command in '/home/chris/Robosim/build/turtlebot3_fake_node' returned '0': CMAKE_PREFIX_PATH=${CMAKE_PREFIX_PATH}:/home/chris/Robosim/install/like_a_rumba_robot:/opt/ros/galactic /home/chris/.local/bin/cmake --install /home/chris/Robosim/build/turtlebot3_fake_node
[19.397s] Level 1:colcon.colcon_core.environment:checking '/home/chris/Robosim/install/turtlebot3_fake_node' for CMake config files
[19.397s] Level 1:colcon.colcon_core.shell:create_environment_hook('turtlebot3_fake_node', 'cmake_prefix_path')
[19.398s] INFO:colcon.colcon_core.shell:Creating environment hook '/home/chris/Robosim/install/turtlebot3_fake_node/share/turtlebot3_fake_node/hook/cmake_prefix_path.ps1'
[19.399s] INFO:colcon.colcon_core.shell:Creating environment descriptor '/home/chris/Robosim/install/turtlebot3_fake_node/share/turtlebot3_fake_node/hook/cmake_prefix_path.dsv'
[19.399s] INFO:colcon.colcon_core.shell:Creating environment hook '/home/chris/Robosim/install/turtlebot3_fake_node/share/turtlebot3_fake_node/hook/cmake_prefix_path.sh'
[19.400s] Level 1:colcon.colcon_core.environment:checking '/home/chris/Robosim/install/turtlebot3_fake_node/lib'
[19.400s] Level 1:colcon.colcon_core.environment:checking '/home/chris/Robosim/install/turtlebot3_fake_node/bin'
[19.400s] Level 1:colcon.colcon_core.environment:checking '/home/chris/Robosim/install/turtlebot3_fake_node/lib/pkgconfig/turtlebot3_fake_node.pc'
[19.400s] Level 1:colcon.colcon_core.environment:checking '/home/chris/Robosim/install/turtlebot3_fake_node/lib/python3.8/site-packages'
[19.400s] Level 1:colcon.colcon_core.environment:checking '/home/chris/Robosim/install/turtlebot3_fake_node/bin'
[19.402s] INFO:colcon.colcon_core.shell:Creating package script '/home/chris/Robosim/install/turtlebot3_fake_node/share/turtlebot3_fake_node/package.ps1'
[19.403s] INFO:colcon.colcon_core.shell:Creating package descriptor '/home/chris/Robosim/install/turtlebot3_fake_node/share/turtlebot3_fake_node/package.dsv'
[19.403s] INFO:colcon.colcon_core.shell:Creating package script '/home/chris/Robosim/install/turtlebot3_fake_node/share/turtlebot3_fake_node/package.sh'
[19.403s] INFO:colcon.colcon_core.shell:Creating package script '/home/chris/Robosim/install/turtlebot3_fake_node/share/turtlebot3_fake_node/package.bash'
[19.404s] INFO:colcon.colcon_core.shell:Creating package script '/home/chris/Robosim/install/turtlebot3_fake_node/share/turtlebot3_fake_node/package.zsh'
[19.404s] Level 1:colcon.colcon_core.environment:create_file_with_runtime_dependencies(/home/chris/Robosim/install/turtlebot3_fake_node/share/colcon-core/packages/turtlebot3_fake_node)
[19.452s] Level 1:colcon.colcon_core.environment:create_environment_scripts_only(turtlebot3_fake_node)
[19.456s] Level 1:colcon.colcon_core.environment:checking '/home/chris/Robosim/install/turtlebot3_fake_node' for CMake module files
[19.456s] Level 1:colcon.colcon_core.environment:checking '/home/chris/Robosim/install/turtlebot3_fake_node' for CMake config files
[19.457s] Level 1:colcon.colcon_core.shell:create_environment_hook('turtlebot3_fake_node', 'cmake_prefix_path')
[19.459s] INFO:colcon.colcon_core.shell:Creating environment hook '/home/chris/Robosim/install/turtlebot3_fake_node/share/turtlebot3_fake_node/hook/cmake_prefix_path.ps1'
[19.460s] INFO:colcon.colcon_core.shell:Creating environment descriptor '/home/chris/Robosim/install/turtlebot3_fake_node/share/turtlebot3_fake_node/hook/cmake_prefix_path.dsv'
[19.460s] INFO:colcon.colcon_core.shell:Creating environment hook '/home/chris/Robosim/install/turtlebot3_fake_node/share/turtlebot3_fake_node/hook/cmake_prefix_path.sh'
[19.461s] Level 1:colcon.colcon_core.environment:checking '/home/chris/Robosim/install/turtlebot3_fake_node/lib'
[19.461s] Level 1:colcon.colcon_core.environment:checking '/home/chris/Robosim/install/turtlebot3_fake_node/bin'
[19.461s] Level 1:colcon.colcon_core.environment:checking '/home/chris/Robosim/install/turtlebot3_fake_node/lib/pkgconfig/turtlebot3_fake_node.pc'
[19.462s] Level 1:colcon.colcon_core.environment:checking '/home/chris/Robosim/install/turtlebot3_fake_node/lib/python3.8/site-packages'
[19.462s] Level 1:colcon.colcon_core.environment:checking '/home/chris/Robosim/install/turtlebot3_fake_node/bin'
[19.464s] INFO:colcon.colcon_core.shell:Creating package script '/home/chris/Robosim/install/turtlebot3_fake_node/share/turtlebot3_fake_node/package.ps1'
[19.465s] INFO:colcon.colcon_core.shell:Creating package descriptor '/home/chris/Robosim/install/turtlebot3_fake_node/share/turtlebot3_fake_node/package.dsv'
[19.466s] INFO:colcon.colcon_core.shell:Creating package script '/home/chris/Robosim/install/turtlebot3_fake_node/share/turtlebot3_fake_node/package.sh'
[19.466s] INFO:colcon.colcon_core.shell:Creating package script '/home/chris/Robosim/install/turtlebot3_fake_node/share/turtlebot3_fake_node/package.bash'
[19.467s] INFO:colcon.colcon_core.shell:Creating package script '/home/chris/Robosim/install/turtlebot3_fake_node/share/turtlebot3_fake_node/package.zsh'
[19.467s] Level 1:colcon.colcon_core.environment:create_file_with_runtime_dependencies(/home/chris/Robosim/install/turtlebot3_fake_node/share/colcon-core/packages/turtlebot3_fake_node)
[20.090s] DEBUG:colcon.colcon_core.event_handler.log_command:Invoked command in '/home/chris/Robosim/build/turtlebot3_gazebo' returned '0': CMAKE_PREFIX_PATH=${CMAKE_PREFIX_PATH}:/home/chris/Robosim/install/like_a_rumba_robot:/opt/ros/galactic /home/chris/.local/bin/cmake --build /home/chris/Robosim/build/turtlebot3_gazebo -- -j8 -l8
[20.150s] DEBUG:colcon.colcon_core.event_handler.log_command:Invoking command in '/home/chris/Robosim/build/turtlebot3_gazebo': CMAKE_PREFIX_PATH=${CMAKE_PREFIX_PATH}:/home/chris/Robosim/install/like_a_rumba_robot:/opt/ros/galactic /home/chris/.local/bin/cmake --install /home/chris/Robosim/build/turtlebot3_gazebo
[20.209s] Level 1:colcon.colcon_core.environment:create_environment_scripts_only(turtlebot3_gazebo)
[20.209s] DEBUG:colcon.colcon_core.event_handler.log_command:Invoked command in '/home/chris/Robosim/build/turtlebot3_gazebo' returned '0': CMAKE_PREFIX_PATH=${CMAKE_PREFIX_PATH}:/home/chris/Robosim/install/like_a_rumba_robot:/opt/ros/galactic /home/chris/.local/bin/cmake --install /home/chris/Robosim/build/turtlebot3_gazebo
[20.211s] Level 1:colcon.colcon_core.environment:checking '/home/chris/Robosim/install/turtlebot3_gazebo' for CMake module files
[20.212s] Level 1:colcon.colcon_core.environment:checking '/home/chris/Robosim/install/turtlebot3_gazebo' for CMake config files
[20.213s] Level 1:colcon.colcon_core.shell:create_environment_hook('turtlebot3_gazebo', 'cmake_prefix_path')
[20.214s] INFO:colcon.colcon_core.shell:Creating environment hook '/home/chris/Robosim/install/turtlebot3_gazebo/share/turtlebot3_gazebo/hook/cmake_prefix_path.ps1'
[20.215s] INFO:colcon.colcon_core.shell:Creating environment descriptor '/home/chris/Robosim/install/turtlebot3_gazebo/share/turtlebot3_gazebo/hook/cmake_prefix_path.dsv'
[20.215s] INFO:colcon.colcon_core.shell:Creating environment hook '/home/chris/Robosim/install/turtlebot3_gazebo/share/turtlebot3_gazebo/hook/cmake_prefix_path.sh'
[20.215s] Level 1:colcon.colcon_core.environment:checking '/home/chris/Robosim/install/turtlebot3_gazebo/lib'
[20.215s] Level 1:colcon.colcon_core.environment:checking '/home/chris/Robosim/install/turtlebot3_gazebo/bin'
[20.215s] Level 1:colcon.colcon_core.environment:checking '/home/chris/Robosim/install/turtlebot3_gazebo/lib/pkgconfig/turtlebot3_gazebo.pc'
[20.216s] Level 1:colcon.colcon_core.environment:checking '/home/chris/Robosim/install/turtlebot3_gazebo/lib/python3.8/site-packages'
[20.216s] Level 1:colcon.colcon_core.environment:checking '/home/chris/Robosim/install/turtlebot3_gazebo/bin'
[20.217s] INFO:colcon.colcon_core.shell:Creating package script '/home/chris/Robosim/install/turtlebot3_gazebo/share/turtlebot3_gazebo/package.ps1'
[20.217s] INFO:colcon.colcon_core.shell:Creating package descriptor '/home/chris/Robosim/install/turtlebot3_gazebo/share/turtlebot3_gazebo/package.dsv'
[20.218s] INFO:colcon.colcon_core.shell:Creating package script '/home/chris/Robosim/install/turtlebot3_gazebo/share/turtlebot3_gazebo/package.sh'
[20.218s] INFO:colcon.colcon_core.shell:Creating package script '/home/chris/Robosim/install/turtlebot3_gazebo/share/turtlebot3_gazebo/package.bash'
[20.218s] INFO:colcon.colcon_core.shell:Creating package script '/home/chris/Robosim/install/turtlebot3_gazebo/share/turtlebot3_gazebo/package.zsh'
[20.219s] Level 1:colcon.colcon_core.environment:create_file_with_runtime_dependencies(/home/chris/Robosim/install/turtlebot3_gazebo/share/colcon-core/packages/turtlebot3_gazebo)
[20.266s] Level 1:colcon.colcon_core.environment:create_environment_scripts_only(turtlebot3_gazebo)
[20.268s] Level 1:colcon.colcon_core.environment:checking '/home/chris/Robosim/install/turtlebot3_gazebo' for CMake module files
[20.269s] Level 1:colcon.colcon_core.environment:checking '/home/chris/Robosim/install/turtlebot3_gazebo' for CMake config files
[20.270s] Level 1:colcon.colcon_core.shell:create_environment_hook('turtlebot3_gazebo', 'cmake_prefix_path')
[20.271s] INFO:colcon.colcon_core.shell:Creating environment hook '/home/chris/Robosim/install/turtlebot3_gazebo/share/turtlebot3_gazebo/hook/cmake_prefix_path.ps1'
[20.272s] INFO:colcon.colcon_core.shell:Creating environment descriptor '/home/chris/Robosim/install/turtlebot3_gazebo/share/turtlebot3_gazebo/hook/cmake_prefix_path.dsv'
[20.272s] INFO:colcon.colcon_core.shell:Creating environment hook '/home/chris/Robosim/install/turtlebot3_gazebo/share/turtlebot3_gazebo/hook/cmake_prefix_path.sh'
[20.273s] Level 1:colcon.colcon_core.environment:checking '/home/chris/Robosim/install/turtlebot3_gazebo/lib'
[20.273s] Level 1:colcon.colcon_core.environment:checking '/home/chris/Robosim/install/turtlebot3_gazebo/bin'
[20.273s] Level 1:colcon.colcon_core.environment:checking '/home/chris/Robosim/install/turtlebot3_gazebo/lib/pkgconfig/turtlebot3_gazebo.pc'
[20.273s] Level 1:colcon.colcon_core.environment:checking '/home/chris/Robosim/install/turtlebot3_gazebo/lib/python3.8/site-packages'
[20.273s] Level 1:colcon.colcon_core.environment:checking '/home/chris/Robosim/install/turtlebot3_gazebo/bin'
[20.275s] INFO:colcon.colcon_core.shell:Creating package script '/home/chris/Robosim/install/turtlebot3_gazebo/share/turtlebot3_gazebo/package.ps1'
[20.275s] INFO:colcon.colcon_core.shell:Creating package descriptor '/home/chris/Robosim/install/turtlebot3_gazebo/share/turtlebot3_gazebo/package.dsv'
[20.275s] INFO:colcon.colcon_core.shell:Creating package script '/home/chris/Robosim/install/turtlebot3_gazebo/share/turtlebot3_gazebo/package.sh'
[20.276s] INFO:colcon.colcon_core.shell:Creating package script '/home/chris/Robosim/install/turtlebot3_gazebo/share/turtlebot3_gazebo/package.bash'
[20.276s] INFO:colcon.colcon_core.shell:Creating package script '/home/chris/Robosim/install/turtlebot3_gazebo/share/turtlebot3_gazebo/package.zsh'
[20.276s] Level 1:colcon.colcon_core.environment:create_file_with_runtime_dependencies(/home/chris/Robosim/install/turtlebot3_gazebo/share/colcon-core/packages/turtlebot3_gazebo)
[20.277s] INFO:colcon.colcon_ros.task.ament_cmake.build:Building ROS package in '/home/chris/Robosim/src/turtlebot3_simulations/turtlebot3_simulations' with build type 'ament_cmake'
[20.277s] INFO:colcon.colcon_cmake.task.cmake.build:Building CMake package in '/home/chris/Robosim/src/turtlebot3_simulations/turtlebot3_simulations'
[20.278s] INFO:colcon.colcon_core.shell:Skip shell extension 'powershell' for command environment: Not usable outside of PowerShell
[20.278s] DEBUG:colcon.colcon_core.shell:Skip shell extension 'dsv' for command environment
[20.291s] DEBUG:colcon.colcon_core.event_handler.log_command:Invoking command in '/home/chris/Robosim/build/turtlebot3_simulations': CMAKE_PREFIX_PATH=/home/chris/Robosim/install/turtlebot3_gazebo:/home/chris/Robosim/install/turtlebot3_fake_node:/home/chris/Robosim/install/turtlebot3_simulations:/home/chris/Robosim/install/like_a_rumba_robot:/opt/ros/galactic /home/chris/.local/bin/cmake /home/chris/Robosim/src/turtlebot3_simulations/turtlebot3_simulations -DCMAKE_INSTALL_PREFIX=/home/chris/Robosim/install/turtlebot3_simulations
[20.716s] DEBUG:colcon.colcon_core.event_handler.log_command:Invoked command in '/home/chris/Robosim/build/turtlebot3_simulations' returned '0': CMAKE_PREFIX_PATH=/home/chris/Robosim/install/turtlebot3_gazebo:/home/chris/Robosim/install/turtlebot3_fake_node:/home/chris/Robosim/install/turtlebot3_simulations:/home/chris/Robosim/install/like_a_rumba_robot:/opt/ros/galactic /home/chris/.local/bin/cmake /home/chris/Robosim/src/turtlebot3_simulations/turtlebot3_simulations -DCMAKE_INSTALL_PREFIX=/home/chris/Robosim/install/turtlebot3_simulations
[20.719s] DEBUG:colcon.colcon_core.event_handler.log_command:Invoking command in '/home/chris/Robosim/build/turtlebot3_simulations': CMAKE_PREFIX_PATH=/home/chris/Robosim/install/turtlebot3_gazebo:/home/chris/Robosim/install/turtlebot3_fake_node:/home/chris/Robosim/install/turtlebot3_simulations:/home/chris/Robosim/install/like_a_rumba_robot:/opt/ros/galactic /home/chris/.local/bin/cmake --build /home/chris/Robosim/build/turtlebot3_simulations -- -j8 -l8
[20.757s] DEBUG:colcon.colcon_core.event_handler.log_command:Invoked command in '/home/chris/Robosim/build/turtlebot3_simulations' returned '0': CMAKE_PREFIX_PATH=/home/chris/Robosim/install/turtlebot3_gazebo:/home/chris/Robosim/install/turtlebot3_fake_node:/home/chris/Robosim/install/turtlebot3_simulations:/home/chris/Robosim/install/like_a_rumba_robot:/opt/ros/galactic /home/chris/.local/bin/cmake --build /home/chris/Robosim/build/turtlebot3_simulations -- -j8 -l8
[20.798s] DEBUG:colcon.colcon_core.event_handler.log_command:Invoking command in '/home/chris/Robosim/build/turtlebot3_simulations': CMAKE_PREFIX_PATH=/home/chris/Robosim/install/turtlebot3_gazebo:/home/chris/Robosim/install/turtlebot3_fake_node:/home/chris/Robosim/install/turtlebot3_simulations:/home/chris/Robosim/install/like_a_rumba_robot:/opt/ros/galactic /home/chris/.local/bin/cmake --install /home/chris/Robosim/build/turtlebot3_simulations
[20.830s] Level 1:colcon.colcon_core.environment:create_environment_scripts_only(turtlebot3_simulations)
[20.833s] Level 1:colcon.colcon_core.environment:checking '/home/chris/Robosim/install/turtlebot3_simulations' for CMake module files
[20.833s] DEBUG:colcon.colcon_core.event_handler.log_command:Invoked command in '/home/chris/Robosim/build/turtlebot3_simulations' returned '0': CMAKE_PREFIX_PATH=/home/chris/Robosim/install/turtlebot3_gazebo:/home/chris/Robosim/install/turtlebot3_fake_node:/home/chris/Robosim/install/turtlebot3_simulations:/home/chris/Robosim/install/like_a_rumba_robot:/opt/ros/galactic /home/chris/.local/bin/cmake --install /home/chris/Robosim/build/turtlebot3_simulations
[20.833s] Level 1:colcon.colcon_core.environment:checking '/home/chris/Robosim/install/turtlebot3_simulations' for CMake config files
[20.834s] Level 1:colcon.colcon_core.shell:create_environment_hook('turtlebot3_simulations', 'cmake_prefix_path')
[20.835s] INFO:colcon.colcon_core.shell:Creating environment hook '/home/chris/Robosim/install/turtlebot3_simulations/share/turtlebot3_simulations/hook/cmake_prefix_path.ps1'
[20.835s] INFO:colcon.colcon_core.shell:Creating environment descriptor '/home/chris/Robosim/install/turtlebot3_simulations/share/turtlebot3_simulations/hook/cmake_prefix_path.dsv'
[20.836s] INFO:colcon.colcon_core.shell:Creating environment hook '/home/chris/Robosim/install/turtlebot3_simulations/share/turtlebot3_simulations/hook/cmake_prefix_path.sh'
[20.836s] Level 1:colcon.colcon_core.environment:checking '/home/chris/Robosim/install/turtlebot3_simulations/bin'
[20.836s] Level 1:colcon.colcon_core.environment:checking '/home/chris/Robosim/install/turtlebot3_simulations/lib/pkgconfig/turtlebot3_simulations.pc'
[20.836s] Level 1:colcon.colcon_core.environment:checking '/home/chris/Robosim/install/turtlebot3_simulations/lib/python3.8/site-packages'
[20.837s] Level 1:colcon.colcon_core.environment:checking '/home/chris/Robosim/install/turtlebot3_simulations/bin'
[20.838s] INFO:colcon.colcon_core.shell:Creating package script '/home/chris/Robosim/install/turtlebot3_simulations/share/turtlebot3_simulations/package.ps1'
[20.838s] INFO:colcon.colcon_core.shell:Creating package descriptor '/home/chris/Robosim/install/turtlebot3_simulations/share/turtlebot3_simulations/package.dsv'
[20.839s] INFO:colcon.colcon_core.shell:Creating package script '/home/chris/Robosim/install/turtlebot3_simulations/share/turtlebot3_simulations/package.sh'
[20.839s] INFO:colcon.colcon_core.shell:Creating package script '/home/chris/Robosim/install/turtlebot3_simulations/share/turtlebot3_simulations/package.bash'
[20.839s] INFO:colcon.colcon_core.shell:Creating package script '/home/chris/Robosim/install/turtlebot3_simulations/share/turtlebot3_simulations/package.zsh'
[20.839s] Level 1:colcon.colcon_core.environment:create_file_with_runtime_dependencies(/home/chris/Robosim/install/turtlebot3_simulations/share/colcon-core/packages/turtlebot3_simulations)
[20.878s] Level 1:colcon.colcon_core.environment:create_environment_scripts_only(turtlebot3_simulations)
[20.881s] Level 1:colcon.colcon_core.environment:checking '/home/chris/Robosim/install/turtlebot3_simulations' for CMake module files
[20.881s] Level 1:colcon.colcon_core.environment:checking '/home/chris/Robosim/install/turtlebot3_simulations' for CMake config files
[20.881s] Level 1:colcon.colcon_core.shell:create_environment_hook('turtlebot3_simulations', 'cmake_prefix_path')
[20.883s] INFO:colcon.colcon_core.shell:Creating environment hook '/home/chris/Robosim/install/turtlebot3_simulations/share/turtlebot3_simulations/hook/cmake_prefix_path.ps1'
[20.883s] INFO:colcon.colcon_core.shell:Creating environment descriptor '/home/chris/Robosim/install/turtlebot3_simulations/share/turtlebot3_simulations/hook/cmake_prefix_path.dsv'
[20.883s] INFO:colcon.colcon_core.shell:Creating environment hook '/home/chris/Robosim/install/turtlebot3_simulations/share/turtlebot3_simulations/hook/cmake_prefix_path.sh'
[20.884s] Level 1:colcon.colcon_core.environment:checking '/home/chris/Robosim/install/turtlebot3_simulations/bin'
[20.884s] Level 1:colcon.colcon_core.environment:checking '/home/chris/Robosim/install/turtlebot3_simulations/lib/pkgconfig/turtlebot3_simulations.pc'
[20.884s] Level 1:colcon.colcon_core.environment:checking '/home/chris/Robosim/install/turtlebot3_simulations/lib/python3.8/site-packages'
[20.884s] Level 1:colcon.colcon_core.environment:checking '/home/chris/Robosim/install/turtlebot3_simulations/bin'
[20.886s] INFO:colcon.colcon_core.shell:Creating package script '/home/chris/Robosim/install/turtlebot3_simulations/share/turtlebot3_simulations/package.ps1'
[20.886s] INFO:colcon.colcon_core.shell:Creating package descriptor '/home/chris/Robosim/install/turtlebot3_simulations/share/turtlebot3_simulations/package.dsv'
[20.886s] INFO:colcon.colcon_core.shell:Creating package script '/home/chris/Robosim/install/turtlebot3_simulations/share/turtlebot3_simulations/package.sh'
[20.887s] INFO:colcon.colcon_core.shell:Creating package script '/home/chris/Robosim/install/turtlebot3_simulations/share/turtlebot3_simulations/package.bash'
[20.887s] INFO:colcon.colcon_core.shell:Creating package script '/home/chris/Robosim/install/turtlebot3_simulations/share/turtlebot3_simulations/package.zsh'
[20.887s] Level 1:colcon.colcon_core.environment:create_file_with_runtime_dependencies(/home/chris/Robosim/install/turtlebot3_simulations/share/colcon-core/packages/turtlebot3_simulations)
[20.888s] DEBUG:colcon.colcon_parallel_executor.executor.parallel:closing loop
[20.888s] DEBUG:colcon.colcon_parallel_executor.executor.parallel:loop closed
[20.888s] DEBUG:colcon.colcon_parallel_executor.executor.parallel:run_until_complete finished with '0'
[20.888s] DEBUG:colcon.colcon_core.event_reactor:joining thread
[20.895s] INFO:colcon.colcon_core.plugin_system:Skipping extension 'colcon_notification.desktop_notification.terminal_notifier': Not used on non-Darwin systems
[20.895s] INFO:colcon.colcon_core.plugin_system:Skipping extension 'colcon_notification.desktop_notification.win32': Not used on non-Windows systems
[20.895s] INFO:colcon.colcon_notification.desktop_notification:Sending desktop notification using 'notify2'
[20.912s] DEBUG:colcon.colcon_core.event_reactor:joined thread
[20.914s] INFO:colcon.colcon_core.shell:Creating prefix script '/home/chris/Robosim/install/local_setup.ps1'
[20.915s] INFO:colcon.colcon_core.shell:Creating prefix util module '/home/chris/Robosim/install/_local_setup_util_ps1.py'
[20.917s] INFO:colcon.colcon_core.shell:Creating prefix chain script '/home/chris/Robosim/install/setup.ps1'
[20.919s] INFO:colcon.colcon_core.shell:Creating prefix script '/home/chris/Robosim/install/local_setup.sh'
[20.919s] INFO:colcon.colcon_core.shell:Creating prefix util module '/home/chris/Robosim/install/_local_setup_util_sh.py'
[20.920s] INFO:colcon.colcon_core.shell:Creating prefix chain script '/home/chris/Robosim/install/setup.sh'
[20.921s] INFO:colcon.colcon_core.shell:Creating prefix script '/home/chris/Robosim/install/local_setup.bash'
[20.922s] INFO:colcon.colcon_core.shell:Creating prefix chain script '/home/chris/Robosim/install/setup.bash'
[20.923s] INFO:colcon.colcon_core.shell:Creating prefix script '/home/chris/Robosim/install/local_setup.zsh'
[20.924s] INFO:colcon.colcon_core.shell:Creating prefix chain script '/home/chris/Robosim/install/setup.zsh'
