[0.010s] Invoking command in '/home/chris/Robosim/build/turtlebot3_simulations': CMAKE_PREFIX_PATH=/home/chris/Robosim/install/turtlebot3_gazebo:/home/chris/Robosim/install/turtlebot3_fake_node:/home/chris/Robosim/install/turtlebot3_simulations:/home/chris/Robosim/install/like_a_rumba_robot:/opt/ros/galactic /home/chris/.local/bin/cmake /home/chris/Robosim/src/turtlebot3_simulations/turtlebot3_simulations -DCMAKE_INSTALL_PREFIX=/home/chris/Robosim/install/turtlebot3_simulations
[0.077s] -- The C compiler identification is GNU 9.4.0
[0.129s] -- The CXX compiler identification is GNU 9.4.0
[0.138s] -- Detecting C compiler ABI info
[0.185s] -- Detecting C compiler ABI info - done
[0.196s] -- Check for working C compiler: /usr/bin/cc - skipped
[0.196s] -- Detecting C compile features
[0.197s] -- Detecting C compile features - done
[0.200s] -- Detecting CXX compiler ABI info
[0.259s] -- Detecting CXX compiler ABI info - done
[0.272s] -- Check for working CXX compiler: /usr/bin/c++ - skipped
[0.272s] -- Detecting CXX compile features
[0.273s] -- Detecting CXX compile features - done
[0.276s] -- Found ament_cmake: 1.1.6 (/opt/ros/galactic/share/ament_cmake/cmake)
[0.301s] -- Found PythonInterp: /usr/bin/python3 (found suitable version "3.8.10", minimum required is "3") 
[0.302s] -- Using PYTHON_EXECUTABLE: /usr/bin/python3
[0.426s] -- Configuring done (0.4s)
[0.428s] -- Generating done (0.0s)
[0.429s] -- Build files have been written to: /home/chris/Robosim/build/turtlebot3_simulations
[0.436s] Invoked command in '/home/chris/Robosim/build/turtlebot3_simulations' returned '0': CMAKE_PREFIX_PATH=/home/chris/Robosim/install/turtlebot3_gazebo:/home/chris/Robosim/install/turtlebot3_fake_node:/home/chris/Robosim/install/turtlebot3_simulations:/home/chris/Robosim/install/like_a_rumba_robot:/opt/ros/galactic /home/chris/.local/bin/cmake /home/chris/Robosim/src/turtlebot3_simulations/turtlebot3_simulations -DCMAKE_INSTALL_PREFIX=/home/chris/Robosim/install/turtlebot3_simulations
[0.438s] Invoking command in '/home/chris/Robosim/build/turtlebot3_simulations': CMAKE_PREFIX_PATH=/home/chris/Robosim/install/turtlebot3_gazebo:/home/chris/Robosim/install/turtlebot3_fake_node:/home/chris/Robosim/install/turtlebot3_simulations:/home/chris/Robosim/install/like_a_rumba_robot:/opt/ros/galactic /home/chris/.local/bin/cmake --build /home/chris/Robosim/build/turtlebot3_simulations -- -j8 -l8
[0.477s] Invoked command in '/home/chris/Robosim/build/turtlebot3_simulations' returned '0': CMAKE_PREFIX_PATH=/home/chris/Robosim/install/turtlebot3_gazebo:/home/chris/Robosim/install/turtlebot3_fake_node:/home/chris/Robosim/install/turtlebot3_simulations:/home/chris/Robosim/install/like_a_rumba_robot:/opt/ros/galactic /home/chris/.local/bin/cmake --build /home/chris/Robosim/build/turtlebot3_simulations -- -j8 -l8
[0.517s] Invoking command in '/home/chris/Robosim/build/turtlebot3_simulations': CMAKE_PREFIX_PATH=/home/chris/Robosim/install/turtlebot3_gazebo:/home/chris/Robosim/install/turtlebot3_fake_node:/home/chris/Robosim/install/turtlebot3_simulations:/home/chris/Robosim/install/like_a_rumba_robot:/opt/ros/galactic /home/chris/.local/bin/cmake --install /home/chris/Robosim/build/turtlebot3_simulations
[0.543s] -- Install configuration: ""
[0.543s] -- Installing: /home/chris/Robosim/install/turtlebot3_simulations/share/ament_index/resource_index/package_run_dependencies/turtlebot3_simulations
[0.543s] -- Installing: /home/chris/Robosim/install/turtlebot3_simulations/share/ament_index/resource_index/parent_prefix_path/turtlebot3_simulations
[0.543s] -- Installing: /home/chris/Robosim/install/turtlebot3_simulations/share/turtlebot3_simulations/environment/ament_prefix_path.sh
[0.544s] -- Installing: /home/chris/Robosim/install/turtlebot3_simulations/share/turtlebot3_simulations/environment/ament_prefix_path.dsv
[0.544s] -- Installing: /home/chris/Robosim/install/turtlebot3_simulations/share/turtlebot3_simulations/environment/path.sh
[0.544s] -- Installing: /home/chris/Robosim/install/turtlebot3_simulations/share/turtlebot3_simulations/environment/path.dsv
[0.544s] -- Installing: /home/chris/Robosim/install/turtlebot3_simulations/share/turtlebot3_simulations/local_setup.bash
[0.544s] -- Installing: /home/chris/Robosim/install/turtlebot3_simulations/share/turtlebot3_simulations/local_setup.sh
[0.545s] -- Installing: /home/chris/Robosim/install/turtlebot3_simulations/share/turtlebot3_simulations/local_setup.zsh
[0.545s] -- Installing: /home/chris/Robosim/install/turtlebot3_simulations/share/turtlebot3_simulations/local_setup.dsv
[0.545s] -- Installing: /home/chris/Robosim/install/turtlebot3_simulations/share/turtlebot3_simulations/package.dsv
[0.545s] -- Installing: /home/chris/Robosim/install/turtlebot3_simulations/share/ament_index/resource_index/packages/turtlebot3_simulations
[0.545s] -- Installing: /home/chris/Robosim/install/turtlebot3_simulations/share/turtlebot3_simulations/cmake/turtlebot3_simulationsConfig.cmake
[0.545s] -- Installing: /home/chris/Robosim/install/turtlebot3_simulations/share/turtlebot3_simulations/cmake/turtlebot3_simulationsConfig-version.cmake
[0.545s] -- Installing: /home/chris/Robosim/install/turtlebot3_simulations/share/turtlebot3_simulations/package.xml
[0.553s] Invoked command in '/home/chris/Robosim/build/turtlebot3_simulations' returned '0': CMAKE_PREFIX_PATH=/home/chris/Robosim/install/turtlebot3_gazebo:/home/chris/Robosim/install/turtlebot3_fake_node:/home/chris/Robosim/install/turtlebot3_simulations:/home/chris/Robosim/install/like_a_rumba_robot:/opt/ros/galactic /home/chris/.local/bin/cmake --install /home/chris/Robosim/build/turtlebot3_simulations
