[0.031s] Invoking command in '/home/chris/Robosim/build/turtlebot3_gazebo': CMAKE_PREFIX_PATH=${CMAKE_PREFIX_PATH}:/home/chris/Robosim/install/like_a_rumba_robot:/opt/ros/galactic /home/chris/.local/bin/cmake /home/chris/Robosim/src/turtlebot3_simulations/turtlebot3_gazebo -DCMAKE_INSTALL_PREFIX=/home/chris/Robosim/install/turtlebot3_gazebo
[0.113s] -- The C compiler identification is GNU 9.4.0
[0.177s] -- The CXX compiler identification is GNU 9.4.0
[0.188s] -- Detecting C compiler ABI info
[0.247s] -- Detecting C compiler ABI info - done
[0.261s] -- Check for working C compiler: /usr/bin/cc - skipped
[0.261s] -- Detecting C compile features
[0.262s] -- Detecting C compile features - done
[0.266s] -- Detecting CXX compiler ABI info
[0.337s] -- Detecting CXX compiler ABI info - done
[0.352s] -- Check for working CXX compiler: /usr/bin/c++ - skipped
[0.352s] -- Detecting CXX compile features
[0.353s] -- Detecting CXX compile features - done
[0.356s] -- Found ament_cmake: 1.1.6 (/opt/ros/galactic/share/ament_cmake/cmake)
[0.385s] -- Found PythonInterp: /usr/bin/python3 (found suitable version "3.8.10", minimum required is "3") 
[0.385s] -- Using PYTHON_EXECUTABLE: /usr/bin/python3
[0.484s] [33mCMake Warning (dev) at /home/chris/.local/lib/python3.8/site-packages/cmake/data/share/cmake-3.26/Modules/FindPackageHandleStandardArgs.cmake:438 (message):
[0.484s]   The package name passed to `find_package_handle_standard_args` (PkgConfig)
[0.484s]   does not match the name of the calling package (gazebo).  This can lead to
[0.484s]   problems in calling code that expects `find_package` result variables
[0.484s]   (e.g., `_FOUND`) to follow a certain pattern.
[0.484s] Call Stack (most recent call first):
[0.484s]   /home/chris/.local/lib/python3.8/site-packages/cmake/data/share/cmake-3.26/Modules/FindPkgConfig.cmake:99 (find_package_handle_standard_args)
[0.484s]   /usr/lib/x86_64-linux-gnu/cmake/gazebo/gazebo-config.cmake:72 (include)
[0.484s]   CMakeLists.txt:23 (find_package)
[0.484s] This warning is for project developers.  Use -Wno-dev to suppress it.
[0.485s] [0m
[0.485s] -- Found PkgConfig: /usr/bin/pkg-config (found version "0.29.1") 
[0.489s] -- Checking for module 'bullet>=2.82'
[0.504s] --   Found bullet, version 2.88
[0.619s] -- Found ccd: /usr/include (found suitable version "2.0", minimum required is "2.0") 
[0.678s] -- Found fcl: /usr/include (found suitable version "0.5.0", minimum required is "0.3.2") 
[0.735s] -- Found assimp: /usr/include (found version "5.0.0") 
[0.762s] -- Found DART: /usr/include (Required is at least version "6.6") found components: dart 
[0.982s] -- Found Boost: /usr/lib/x86_64-linux-gnu/cmake/Boost-1.71.0/BoostConfig.cmake (found suitable version "1.71.0", minimum required is "1.40.0") found components: thread system filesystem program_options regex iostreams date_time 
[1.013s] -- Found Protobuf: /usr/lib/x86_64-linux-gnu/libprotobuf.so;-lpthread (found version "3.6.1") 
[1.019s] -- Looking for ignition-math6 -- found version 6.13.0
[1.027s] -- Searching for dependencies of ignition-math6
[1.028s] -- Looking for OGRE...
[1.029s] -- OGRE_PREFIX_WATCH changed.
[1.034s] -- Checking for module 'OGRE'
[1.050s] --   Found OGRE, version 1.9.0
[1.088s] -- Found Ogre Ghadamon (1.9.0)
[1.110s] -- Found OGRE: optimized;/usr/lib/x86_64-linux-gnu/libOgreMain.so;debug;/usr/lib/x86_64-linux-gnu/libOgreMain.so
[1.124s] -- Looking for OGRE_Paging...
[1.139s] -- Found OGRE_Paging: optimized;/usr/lib/x86_64-linux-gnu/libOgrePaging.so;debug;/usr/lib/x86_64-linux-gnu/libOgrePaging.so
[1.140s] -- Looking for OGRE_Terrain...
[1.154s] -- Found OGRE_Terrain: optimized;/usr/lib/x86_64-linux-gnu/libOgreTerrain.so;debug;/usr/lib/x86_64-linux-gnu/libOgreTerrain.so
[1.154s] -- Looking for OGRE_Property...
[1.168s] -- Found OGRE_Property: optimized;/usr/lib/x86_64-linux-gnu/libOgreProperty.so;debug;/usr/lib/x86_64-linux-gnu/libOgreProperty.so
[1.168s] -- Looking for OGRE_RTShaderSystem...
[1.182s] -- Found OGRE_RTShaderSystem: optimized;/usr/lib/x86_64-linux-gnu/libOgreRTShaderSystem.so;debug;/usr/lib/x86_64-linux-gnu/libOgreRTShaderSystem.so
[1.183s] -- Looking for OGRE_Volume...
[1.197s] -- Found OGRE_Volume: optimized;/usr/lib/x86_64-linux-gnu/libOgreVolume.so;debug;/usr/lib/x86_64-linux-gnu/libOgreVolume.so
[1.197s] -- Looking for OGRE_Overlay...
[1.211s] -- Found OGRE_Overlay: optimized;/usr/lib/x86_64-linux-gnu/libOgreOverlay.so;debug;/usr/lib/x86_64-linux-gnu/libOgreOverlay.so
[1.476s] -- Looking for ignition-math6 -- found version 6.13.0
[1.478s] -- Looking for ignition-transport8 -- found version 8.3.0
[1.478s] -- Searching for dependencies of ignition-transport8
[1.498s] -- Found Protobuf: /usr/lib/x86_64-linux-gnu/libprotobuf.so;-lpthread (found suitable version "3.6.1", minimum required is "3") 
[1.513s] -- Config-file not installed for ZeroMQ -- checking for pkg-config
[1.518s] -- Checking for module 'libzmq >= 4'
[1.532s] --   Found libzmq , version 4.3.2
[1.570s] -- Found ZeroMQ: TRUE (Required is at least version "4") 
[1.578s] -- Checking for module 'uuid'
[1.595s] --   Found uuid, version 2.34.0
[1.635s] -- Found UUID: TRUE  
[1.637s] -- Looking for ignition-msgs5 -- found version 5.10.0
[1.637s] -- Searching for dependencies of ignition-msgs5
[1.658s] -- Looking for ignition-math6 -- found version 6.13.0
[1.665s] -- Checking for module 'tinyxml2'
[1.682s] --   Found tinyxml2, version 6.2.0
[1.732s] -- Looking for ignition-msgs5 -- found version 5.10.0
[1.734s] -- Looking for ignition-common3 -- found version 3.14.2
[1.735s] -- Searching for dependencies of ignition-common3
[1.735s] -- Looking for dlfcn.h - found
[1.738s] -- Looking for libdl - found
[1.741s] -- Found DL: TRUE  
[1.756s] -- Searching for <ignition-common3> component [graphics]
[1.759s] -- Looking for ignition-common3-graphics -- found version 3.14.2
[1.759s] -- Searching for dependencies of ignition-common3-graphics
[1.760s] -- Looking for ignition-math6 -- found version 6.13.0
[1.764s] -- Looking for ignition-fuel_tools4 -- found version 4.6.0
[1.765s] -- Searching for dependencies of ignition-fuel_tools4
[1.876s] -- Found CURL: /usr/lib/x86_64-linux-gnu/libcurl.so (found version "7.68.0")  
[1.886s] -- Checking for module 'jsoncpp'
[1.903s] --   Found jsoncpp, version 1.7.4
[1.943s] -- Found JSONCPP: TRUE  
[1.952s] -- Checking for module 'libzip'
[1.969s] --   Found libzip, version 1.5.1
[2.013s] -- Found ZIP: TRUE  
[2.014s] -- Looking for ignition-common3 -- found version 3.14.2
[2.014s] -- Looking for ignition-math6 -- found version 6.13.0
[2.015s] -- Looking for ignition-msgs5 -- found version 5.10.0
[2.020s] -- Found gazebo_ros_pkgs: 3.5.2 (/opt/ros/galactic/share/gazebo_ros_pkgs/cmake)
[2.022s] -- Found geometry_msgs: 2.2.4 (/opt/ros/galactic/share/geometry_msgs/cmake)
[2.055s] -- Using all available rosidl_typesupport_c: rosidl_typesupport_fastrtps_c;rosidl_typesupport_introspection_c
[2.064s] -- Found rosidl_adapter: 2.2.3 (/opt/ros/galactic/share/rosidl_adapter/cmake)
[2.148s] -- Found OpenSSL: /usr/lib/x86_64-linux-gnu/libcrypto.so (found version "1.1.1f")  
[2.179s] -- Found FastRTPS: /opt/ros/galactic/include  
[2.267s] -- Using all available rosidl_typesupport_cpp: rosidl_typesupport_fastrtps_cpp;rosidl_typesupport_introspection_cpp
[2.361s] -- Found nav_msgs: 2.2.4 (/opt/ros/galactic/share/nav_msgs/cmake)
[2.442s] -- Found rclcpp: 9.2.2 (/opt/ros/galactic/share/rclcpp/cmake)
[2.500s] -- Found rmw_implementation_cmake: 3.3.1 (/opt/ros/galactic/share/rmw_implementation_cmake/cmake)
[2.503s] -- Found rmw_cyclonedds_cpp: 0.22.6 (/opt/ros/galactic/share/rmw_cyclonedds_cpp/cmake)
[2.525s] -- Using RMW implementation 'rmw_cyclonedds_cpp' as default
[2.528s] -- Found Threads: TRUE  
[2.686s] -- Found sensor_msgs: 2.2.4 (/opt/ros/galactic/share/sensor_msgs/cmake)
[2.768s] -- Found tf2: 0.17.5 (/opt/ros/galactic/share/tf2/cmake)
[2.848s] -- Configuring done (2.8s)
[2.882s] -- Generating done (0.0s)
[2.885s] -- Build files have been written to: /home/chris/Robosim/build/turtlebot3_gazebo
[2.904s] Invoked command in '/home/chris/Robosim/build/turtlebot3_gazebo' returned '0': CMAKE_PREFIX_PATH=${CMAKE_PREFIX_PATH}:/home/chris/Robosim/install/like_a_rumba_robot:/opt/ros/galactic /home/chris/.local/bin/cmake /home/chris/Robosim/src/turtlebot3_simulations/turtlebot3_gazebo -DCMAKE_INSTALL_PREFIX=/home/chris/Robosim/install/turtlebot3_gazebo
[2.907s] Invoking command in '/home/chris/Robosim/build/turtlebot3_gazebo': CMAKE_PREFIX_PATH=${CMAKE_PREFIX_PATH}:/home/chris/Robosim/install/like_a_rumba_robot:/opt/ros/galactic /home/chris/.local/bin/cmake --build /home/chris/Robosim/build/turtlebot3_gazebo -- -j8 -l8
[2.959s] [ 12%] [32mBuilding CXX object CMakeFiles/turtlebot3_drive.dir/src/turtlebot3_drive.cpp.o[0m
[2.959s] [ 25%] [32mBuilding CXX object CMakeFiles/obstacle2.dir/models/turtlebot3_dqn_world/obstacle_plugin/obstacle2.cc.o[0m
[2.960s] [ 37%] [32mBuilding CXX object CMakeFiles/obstacle1.dir/models/turtlebot3_dqn_world/obstacle_plugin/obstacle1.cc.o[0m
[2.962s] [ 50%] [32mBuilding CXX object CMakeFiles/obstacles.dir/models/turtlebot3_dqn_world/obstacle_plugin/obstacles.cc.o[0m
[16.194s] [ 62%] [32m[1mLinking CXX shared library libobstacle2.so[0m
[16.686s] [ 62%] Built target obstacle2
[16.926s] [ 75%] [32m[1mLinking CXX executable turtlebot3_drive[0m
[17.036s] [ 87%] [32m[1mLinking CXX shared library libobstacles.so[0m
[17.507s] [ 87%] Built target obstacles
[17.652s] [ 87%] Built target turtlebot3_drive
[19.321s] [100%] [32m[1mLinking CXX shared library libobstacle1.so[0m
[19.580s] [100%] Built target obstacle1
[19.589s] Invoked command in '/home/chris/Robosim/build/turtlebot3_gazebo' returned '0': CMAKE_PREFIX_PATH=${CMAKE_PREFIX_PATH}:/home/chris/Robosim/install/like_a_rumba_robot:/opt/ros/galactic /home/chris/.local/bin/cmake --build /home/chris/Robosim/build/turtlebot3_gazebo -- -j8 -l8
[19.648s] Invoking command in '/home/chris/Robosim/build/turtlebot3_gazebo': CMAKE_PREFIX_PATH=${CMAKE_PREFIX_PATH}:/home/chris/Robosim/install/like_a_rumba_robot:/opt/ros/galactic /home/chris/.local/bin/cmake --install /home/chris/Robosim/build/turtlebot3_gazebo
[19.674s] -- Install configuration: ""
[19.674s] -- Installing: /home/chris/Robosim/install/turtlebot3_gazebo/lib/turtlebot3_gazebo/turtlebot3_drive
[19.677s] -- Set runtime path of "/home/chris/Robosim/install/turtlebot3_gazebo/lib/turtlebot3_gazebo/turtlebot3_drive" to ""
[19.677s] -- Installing: /home/chris/Robosim/install/turtlebot3_gazebo/share/turtlebot3_gazebo//launch
[19.677s] -- Installing: /home/chris/Robosim/install/turtlebot3_gazebo/share/turtlebot3_gazebo//launch/turtlebot3_autorace.launch.py
[19.678s] -- Installing: /home/chris/Robosim/install/turtlebot3_gazebo/share/turtlebot3_gazebo//launch/empty_world.launch.py
[19.678s] -- Installing: /home/chris/Robosim/install/turtlebot3_gazebo/share/turtlebot3_gazebo//launch/turtlebot3_world.launch.py
[19.678s] -- Installing: /home/chris/Robosim/install/turtlebot3_gazebo/share/turtlebot3_gazebo//launch/turtlebot3_dqn_stage3.launch.py
[19.678s] -- Installing: /home/chris/Robosim/install/turtlebot3_gazebo/share/turtlebot3_gazebo//launch/turtlebot3_dqn_stage2.launch.py
[19.678s] -- Installing: /home/chris/Robosim/install/turtlebot3_gazebo/share/turtlebot3_gazebo//launch/turtlebot3_dqn_stage1.launch.py
[19.678s] -- Installing: /home/chris/Robosim/install/turtlebot3_gazebo/share/turtlebot3_gazebo//launch/turtlebot3_dqn_stage4.launch.py
[19.679s] -- Installing: /home/chris/Robosim/install/turtlebot3_gazebo/share/turtlebot3_gazebo//launch/turtlebot3_house.launch.py
[19.679s] -- Installing: /home/chris/Robosim/install/turtlebot3_gazebo/share/turtlebot3_gazebo//launch/robot_state_publisher.launch.py
[19.679s] -- Installing: /home/chris/Robosim/install/turtlebot3_gazebo/share/turtlebot3_gazebo//models
[19.679s] -- Installing: /home/chris/Robosim/install/turtlebot3_gazebo/share/turtlebot3_gazebo//models/turtlebot3_autorace
[19.679s] -- Installing: /home/chris/Robosim/install/turtlebot3_gazebo/share/turtlebot3_gazebo//models/turtlebot3_autorace/traffic_light_green
[19.679s] -- Installing: /home/chris/Robosim/install/turtlebot3_gazebo/share/turtlebot3_gazebo//models/turtlebot3_autorace/traffic_light_green/model.sdf
[19.679s] -- Installing: /home/chris/Robosim/install/turtlebot3_gazebo/share/turtlebot3_gazebo//models/turtlebot3_autorace/traffic_light_green/model.config
[19.679s] -- Installing: /home/chris/Robosim/install/turtlebot3_gazebo/share/turtlebot3_gazebo//models/turtlebot3_autorace/course
[19.680s] -- Installing: /home/chris/Robosim/install/turtlebot3_gazebo/share/turtlebot3_gazebo//models/turtlebot3_autorace/course/materials
[19.680s] -- Installing: /home/chris/Robosim/install/turtlebot3_gazebo/share/turtlebot3_gazebo//models/turtlebot3_autorace/course/materials/textures
[19.680s] -- Installing: /home/chris/Robosim/install/turtlebot3_gazebo/share/turtlebot3_gazebo//models/turtlebot3_autorace/course/materials/textures/course.png
[19.680s] -- Installing: /home/chris/Robosim/install/turtlebot3_gazebo/share/turtlebot3_gazebo//models/turtlebot3_autorace/course/materials/scripts
[19.680s] -- Installing: /home/chris/Robosim/install/turtlebot3_gazebo/share/turtlebot3_gazebo//models/turtlebot3_autorace/course/materials/scripts/course.material
[19.680s] -- Installing: /home/chris/Robosim/install/turtlebot3_gazebo/share/turtlebot3_gazebo//models/turtlebot3_autorace/course/model.sdf
[19.680s] -- Installing: /home/chris/Robosim/install/turtlebot3_gazebo/share/turtlebot3_gazebo//models/turtlebot3_autorace/course/model.config
[19.681s] -- Installing: /home/chris/Robosim/install/turtlebot3_gazebo/share/turtlebot3_gazebo//models/turtlebot3_autorace/traffic_stop
[19.681s] -- Installing: /home/chris/Robosim/install/turtlebot3_gazebo/share/turtlebot3_gazebo//models/turtlebot3_autorace/traffic_stop/materials
[19.681s] -- Installing: /home/chris/Robosim/install/turtlebot3_gazebo/share/turtlebot3_gazebo//models/turtlebot3_autorace/traffic_stop/materials/textures
[19.681s] -- Installing: /home/chris/Robosim/install/turtlebot3_gazebo/share/turtlebot3_gazebo//models/turtlebot3_autorace/traffic_stop/materials/textures/traffic_stop.png
[19.681s] -- Installing: /home/chris/Robosim/install/turtlebot3_gazebo/share/turtlebot3_gazebo//models/turtlebot3_autorace/traffic_stop/materials/scripts
[19.681s] -- Installing: /home/chris/Robosim/install/turtlebot3_gazebo/share/turtlebot3_gazebo//models/turtlebot3_autorace/traffic_stop/materials/scripts/traffic_stop.material
[19.681s] -- Installing: /home/chris/Robosim/install/turtlebot3_gazebo/share/turtlebot3_gazebo//models/turtlebot3_autorace/traffic_stop/model.sdf
[19.682s] -- Installing: /home/chris/Robosim/install/turtlebot3_gazebo/share/turtlebot3_gazebo//models/turtlebot3_autorace/traffic_stop/model.config
[19.682s] -- Installing: /home/chris/Robosim/install/turtlebot3_gazebo/share/turtlebot3_gazebo//models/turtlebot3_autorace/ground
[19.682s] -- Installing: /home/chris/Robosim/install/turtlebot3_gazebo/share/turtlebot3_gazebo//models/turtlebot3_autorace/ground/model.sdf
[19.682s] -- Installing: /home/chris/Robosim/install/turtlebot3_gazebo/share/turtlebot3_gazebo//models/turtlebot3_autorace/ground/model.config
[19.682s] -- Installing: /home/chris/Robosim/install/turtlebot3_gazebo/share/turtlebot3_gazebo//models/turtlebot3_autorace/traffic_light_yellow
[19.682s] -- Installing: /home/chris/Robosim/install/turtlebot3_gazebo/share/turtlebot3_gazebo//models/turtlebot3_autorace/traffic_light_yellow/model.sdf
[19.682s] -- Installing: /home/chris/Robosim/install/turtlebot3_gazebo/share/turtlebot3_gazebo//models/turtlebot3_autorace/traffic_light_yellow/model.config
[19.683s] -- Installing: /home/chris/Robosim/install/turtlebot3_gazebo/share/turtlebot3_gazebo//models/turtlebot3_autorace/lights
[19.683s] -- Installing: /home/chris/Robosim/install/turtlebot3_gazebo/share/turtlebot3_gazebo//models/turtlebot3_autorace/lights/model.sdf
[19.683s] -- Installing: /home/chris/Robosim/install/turtlebot3_gazebo/share/turtlebot3_gazebo//models/turtlebot3_autorace/lights/model.config
[19.683s] -- Installing: /home/chris/Robosim/install/turtlebot3_gazebo/share/turtlebot3_gazebo//models/turtlebot3_autorace/tunnel_obstacles
[19.683s] -- Installing: /home/chris/Robosim/install/turtlebot3_gazebo/share/turtlebot3_gazebo//models/turtlebot3_autorace/tunnel_obstacles/model.sdf
[19.683s] -- Installing: /home/chris/Robosim/install/turtlebot3_gazebo/share/turtlebot3_gazebo//models/turtlebot3_autorace/tunnel_obstacles/model.config
[19.683s] -- Installing: /home/chris/Robosim/install/turtlebot3_gazebo/share/turtlebot3_gazebo//models/turtlebot3_autorace/traffic_bar_down
[19.684s] -- Installing: /home/chris/Robosim/install/turtlebot3_gazebo/share/turtlebot3_gazebo//models/turtlebot3_autorace/traffic_bar_down/materials
[19.684s] -- Installing: /home/chris/Robosim/install/turtlebot3_gazebo/share/turtlebot3_gazebo//models/turtlebot3_autorace/traffic_bar_down/materials/textures
[19.684s] -- Installing: /home/chris/Robosim/install/turtlebot3_gazebo/share/turtlebot3_gazebo//models/turtlebot3_autorace/traffic_bar_down/materials/textures/traffic_bar.png
[19.684s] -- Installing: /home/chris/Robosim/install/turtlebot3_gazebo/share/turtlebot3_gazebo//models/turtlebot3_autorace/traffic_bar_down/materials/scripts
[19.684s] -- Installing: /home/chris/Robosim/install/turtlebot3_gazebo/share/turtlebot3_gazebo//models/turtlebot3_autorace/traffic_bar_down/materials/scripts/traffic_bar.material
[19.684s] -- Installing: /home/chris/Robosim/install/turtlebot3_gazebo/share/turtlebot3_gazebo//models/turtlebot3_autorace/traffic_bar_down/model.sdf
[19.684s] -- Installing: /home/chris/Robosim/install/turtlebot3_gazebo/share/turtlebot3_gazebo//models/turtlebot3_autorace/traffic_bar_down/model.config
[19.685s] -- Installing: /home/chris/Robosim/install/turtlebot3_gazebo/share/turtlebot3_gazebo//models/turtlebot3_autorace/traffic_parking
[19.685s] -- Installing: /home/chris/Robosim/install/turtlebot3_gazebo/share/turtlebot3_gazebo//models/turtlebot3_autorace/traffic_parking/materials
[19.685s] -- Installing: /home/chris/Robosim/install/turtlebot3_gazebo/share/turtlebot3_gazebo//models/turtlebot3_autorace/traffic_parking/materials/textures
[19.685s] -- Installing: /home/chris/Robosim/install/turtlebot3_gazebo/share/turtlebot3_gazebo//models/turtlebot3_autorace/traffic_parking/materials/textures/traffic_parking.png
[19.685s] -- Installing: /home/chris/Robosim/install/turtlebot3_gazebo/share/turtlebot3_gazebo//models/turtlebot3_autorace/traffic_parking/materials/scripts
[19.685s] -- Installing: /home/chris/Robosim/install/turtlebot3_gazebo/share/turtlebot3_gazebo//models/turtlebot3_autorace/traffic_parking/materials/scripts/traffic_parking.material
[19.685s] -- Installing: /home/chris/Robosim/install/turtlebot3_gazebo/share/turtlebot3_gazebo//models/turtlebot3_autorace/traffic_parking/model.sdf
[19.686s] -- Installing: /home/chris/Robosim/install/turtlebot3_gazebo/share/turtlebot3_gazebo//models/turtlebot3_autorace/traffic_parking/model.config
[19.686s] -- Installing: /home/chris/Robosim/install/turtlebot3_gazebo/share/turtlebot3_gazebo//models/turtlebot3_autorace/traffic_light_red
[19.686s] -- Installing: /home/chris/Robosim/install/turtlebot3_gazebo/share/turtlebot3_gazebo//models/turtlebot3_autorace/traffic_light_red/model.sdf
[19.686s] -- Installing: /home/chris/Robosim/install/turtlebot3_gazebo/share/turtlebot3_gazebo//models/turtlebot3_autorace/traffic_light_red/model.config
[19.686s] -- Installing: /home/chris/Robosim/install/turtlebot3_gazebo/share/turtlebot3_gazebo//models/turtlebot3_autorace/traffic_bar_up
[19.686s] -- Installing: /home/chris/Robosim/install/turtlebot3_gazebo/share/turtlebot3_gazebo//models/turtlebot3_autorace/traffic_bar_up/materials
[19.686s] -- Installing: /home/chris/Robosim/install/turtlebot3_gazebo/share/turtlebot3_gazebo//models/turtlebot3_autorace/traffic_bar_up/materials/textures
[19.686s] -- Installing: /home/chris/Robosim/install/turtlebot3_gazebo/share/turtlebot3_gazebo//models/turtlebot3_autorace/traffic_bar_up/materials/textures/traffic_bar.png
[19.687s] -- Installing: /home/chris/Robosim/install/turtlebot3_gazebo/share/turtlebot3_gazebo//models/turtlebot3_autorace/traffic_bar_up/materials/scripts
[19.687s] -- Installing: /home/chris/Robosim/install/turtlebot3_gazebo/share/turtlebot3_gazebo//models/turtlebot3_autorace/traffic_bar_up/materials/scripts/traffic_bar.material
[19.687s] -- Installing: /home/chris/Robosim/install/turtlebot3_gazebo/share/turtlebot3_gazebo//models/turtlebot3_autorace/traffic_bar_up/model.sdf
[19.687s] -- Installing: /home/chris/Robosim/install/turtlebot3_gazebo/share/turtlebot3_gazebo//models/turtlebot3_autorace/traffic_bar_up/model.config
[19.687s] -- Installing: /home/chris/Robosim/install/turtlebot3_gazebo/share/turtlebot3_gazebo//models/turtlebot3_autorace/traffic_tunnel
[19.687s] -- Installing: /home/chris/Robosim/install/turtlebot3_gazebo/share/turtlebot3_gazebo//models/turtlebot3_autorace/traffic_tunnel/materials
[19.687s] -- Installing: /home/chris/Robosim/install/turtlebot3_gazebo/share/turtlebot3_gazebo//models/turtlebot3_autorace/traffic_tunnel/materials/textures
[19.688s] -- Installing: /home/chris/Robosim/install/turtlebot3_gazebo/share/turtlebot3_gazebo//models/turtlebot3_autorace/traffic_tunnel/materials/textures/tunnel.png
[19.688s] -- Installing: /home/chris/Robosim/install/turtlebot3_gazebo/share/turtlebot3_gazebo//models/turtlebot3_autorace/traffic_tunnel/materials/scripts
[19.688s] -- Installing: /home/chris/Robosim/install/turtlebot3_gazebo/share/turtlebot3_gazebo//models/turtlebot3_autorace/traffic_tunnel/materials/scripts/tunnel.material
[19.688s] -- Installing: /home/chris/Robosim/install/turtlebot3_gazebo/share/turtlebot3_gazebo//models/turtlebot3_autorace/traffic_tunnel/model.sdf
[19.688s] -- Installing: /home/chris/Robosim/install/turtlebot3_gazebo/share/turtlebot3_gazebo//models/turtlebot3_autorace/traffic_tunnel/model.config
[19.688s] -- Installing: /home/chris/Robosim/install/turtlebot3_gazebo/share/turtlebot3_gazebo//models/turtlebot3_autorace/model.config
[19.688s] -- Installing: /home/chris/Robosim/install/turtlebot3_gazebo/share/turtlebot3_gazebo//models/turtlebot3_autorace/tunnel_wall
[19.688s] -- Installing: /home/chris/Robosim/install/turtlebot3_gazebo/share/turtlebot3_gazebo//models/turtlebot3_autorace/tunnel_wall/model.sdf
[19.689s] -- Installing: /home/chris/Robosim/install/turtlebot3_gazebo/share/turtlebot3_gazebo//models/turtlebot3_autorace/tunnel_wall/model.config
[19.689s] -- Installing: /home/chris/Robosim/install/turtlebot3_gazebo/share/turtlebot3_gazebo//models/wall2
[19.689s] -- Installing: /home/chris/Robosim/install/turtlebot3_gazebo/share/turtlebot3_gazebo//models/wall2/model.sdf
[19.689s] -- Installing: /home/chris/Robosim/install/turtlebot3_gazebo/share/turtlebot3_gazebo//models/wall2/model.config
[19.689s] -- Installing: /home/chris/Robosim/install/turtlebot3_gazebo/share/turtlebot3_gazebo//models/turtlebot3_burger
[19.689s] -- Installing: /home/chris/Robosim/install/turtlebot3_gazebo/share/turtlebot3_gazebo//models/turtlebot3_burger/model.sdf
[19.689s] -- Installing: /home/chris/Robosim/install/turtlebot3_gazebo/share/turtlebot3_gazebo//models/turtlebot3_burger/model.config
[19.690s] -- Installing: /home/chris/Robosim/install/turtlebot3_gazebo/share/turtlebot3_gazebo//models/turtlebot3_burger/model-1_4.sdf
[19.690s] -- Installing: /home/chris/Robosim/install/turtlebot3_gazebo/share/turtlebot3_gazebo//models/turtlebot3_burger/meshes
[19.690s] -- Installing: /home/chris/Robosim/install/turtlebot3_gazebo/share/turtlebot3_gazebo//models/turtlebot3_burger/meshes/tire.dae
[19.690s] -- Installing: /home/chris/Robosim/install/turtlebot3_gazebo/share/turtlebot3_gazebo//models/turtlebot3_burger/meshes/burger_base.dae
[19.690s] -- Installing: /home/chris/Robosim/install/turtlebot3_gazebo/share/turtlebot3_gazebo//models/turtlebot3_burger/meshes/lds.dae
[19.690s] -- Installing: /home/chris/Robosim/install/turtlebot3_gazebo/share/turtlebot3_gazebo//models/turtlebot3_waffle
[19.690s] -- Installing: /home/chris/Robosim/install/turtlebot3_gazebo/share/turtlebot3_gazebo//models/turtlebot3_waffle/model.sdf
[19.691s] -- Installing: /home/chris/Robosim/install/turtlebot3_gazebo/share/turtlebot3_gazebo//models/turtlebot3_waffle/model.config
[19.691s] -- Installing: /home/chris/Robosim/install/turtlebot3_gazebo/share/turtlebot3_gazebo//models/turtlebot3_waffle/model-1_4.sdf
[19.691s] -- Installing: /home/chris/Robosim/install/turtlebot3_gazebo/share/turtlebot3_gazebo//models/turtlebot3_waffle/meshes
[19.691s] -- Installing: /home/chris/Robosim/install/turtlebot3_gazebo/share/turtlebot3_gazebo//models/turtlebot3_waffle/meshes/waffle_base.dae
[19.691s] -- Installing: /home/chris/Robosim/install/turtlebot3_gazebo/share/turtlebot3_gazebo//models/turtlebot3_waffle/meshes/r200.dae
[19.691s] -- Installing: /home/chris/Robosim/install/turtlebot3_gazebo/share/turtlebot3_gazebo//models/turtlebot3_waffle/meshes/tire.dae
[19.691s] -- Installing: /home/chris/Robosim/install/turtlebot3_gazebo/share/turtlebot3_gazebo//models/turtlebot3_waffle/meshes/lds.dae
[19.691s] -- Installing: /home/chris/Robosim/install/turtlebot3_gazebo/share/turtlebot3_gazebo//models/turtlebot3_dqn_world
[19.692s] -- Installing: /home/chris/Robosim/install/turtlebot3_gazebo/share/turtlebot3_gazebo//models/turtlebot3_dqn_world/goal_box
[19.692s] -- Installing: /home/chris/Robosim/install/turtlebot3_gazebo/share/turtlebot3_gazebo//models/turtlebot3_dqn_world/goal_box/model.sdf
[19.692s] -- Installing: /home/chris/Robosim/install/turtlebot3_gazebo/share/turtlebot3_gazebo//models/turtlebot3_dqn_world/goal_box/model.config
[19.692s] -- Installing: /home/chris/Robosim/install/turtlebot3_gazebo/share/turtlebot3_gazebo//models/turtlebot3_dqn_world/obstacle_plugin
[19.692s] -- Installing: /home/chris/Robosim/install/turtlebot3_gazebo/share/turtlebot3_gazebo//models/turtlebot3_dqn_world/obstacle_plugin/obstacle1.cc
[19.692s] -- Installing: /home/chris/Robosim/install/turtlebot3_gazebo/share/turtlebot3_gazebo//models/turtlebot3_dqn_world/obstacle_plugin/obstacles.cc
[19.692s] -- Installing: /home/chris/Robosim/install/turtlebot3_gazebo/share/turtlebot3_gazebo//models/turtlebot3_dqn_world/obstacle_plugin/CMakeLists.txt
[19.693s] -- Installing: /home/chris/Robosim/install/turtlebot3_gazebo/share/turtlebot3_gazebo//models/turtlebot3_dqn_world/obstacle_plugin/obstacle2.cc
[19.693s] -- Installing: /home/chris/Robosim/install/turtlebot3_gazebo/share/turtlebot3_gazebo//models/turtlebot3_dqn_world/obstacle1
[19.693s] -- Installing: /home/chris/Robosim/install/turtlebot3_gazebo/share/turtlebot3_gazebo//models/turtlebot3_dqn_world/obstacle1/model.sdf
[19.693s] -- Installing: /home/chris/Robosim/install/turtlebot3_gazebo/share/turtlebot3_gazebo//models/turtlebot3_dqn_world/obstacle1/model.config
[19.693s] -- Installing: /home/chris/Robosim/install/turtlebot3_gazebo/share/turtlebot3_gazebo//models/turtlebot3_dqn_world/obstacles
[19.693s] -- Installing: /home/chris/Robosim/install/turtlebot3_gazebo/share/turtlebot3_gazebo//models/turtlebot3_dqn_world/obstacles/model.sdf
[19.694s] -- Installing: /home/chris/Robosim/install/turtlebot3_gazebo/share/turtlebot3_gazebo//models/turtlebot3_dqn_world/obstacles/model.config
[19.694s] -- Installing: /home/chris/Robosim/install/turtlebot3_gazebo/share/turtlebot3_gazebo//models/turtlebot3_dqn_world/obstacle2
[19.694s] -- Installing: /home/chris/Robosim/install/turtlebot3_gazebo/share/turtlebot3_gazebo//models/turtlebot3_dqn_world/obstacle2/model.sdf
[19.694s] -- Installing: /home/chris/Robosim/install/turtlebot3_gazebo/share/turtlebot3_gazebo//models/turtlebot3_dqn_world/obstacle2/model.config
[19.694s] -- Installing: /home/chris/Robosim/install/turtlebot3_gazebo/share/turtlebot3_gazebo//models/turtlebot3_dqn_world/model.sdf
[19.695s] -- Installing: /home/chris/Robosim/install/turtlebot3_gazebo/share/turtlebot3_gazebo//models/turtlebot3_dqn_world/inner_walls
[19.695s] -- Installing: /home/chris/Robosim/install/turtlebot3_gazebo/share/turtlebot3_gazebo//models/turtlebot3_dqn_world/inner_walls/model.sdf
[19.695s] -- Installing: /home/chris/Robosim/install/turtlebot3_gazebo/share/turtlebot3_gazebo//models/turtlebot3_dqn_world/inner_walls/model.config
[19.695s] -- Installing: /home/chris/Robosim/install/turtlebot3_gazebo/share/turtlebot3_gazebo//models/turtlebot3_dqn_world/model.config
[19.695s] -- Installing: /home/chris/Robosim/install/turtlebot3_gazebo/share/turtlebot3_gazebo//models/turtlebot3_house
[19.695s] -- Installing: /home/chris/Robosim/install/turtlebot3_gazebo/share/turtlebot3_gazebo//models/turtlebot3_house/model.sdf
[19.695s] -- Installing: /home/chris/Robosim/install/turtlebot3_gazebo/share/turtlebot3_gazebo//models/turtlebot3_house/model.config
[19.696s] -- Installing: /home/chris/Robosim/install/turtlebot3_gazebo/share/turtlebot3_gazebo//models/cube_20k
[19.696s] -- Installing: /home/chris/Robosim/install/turtlebot3_gazebo/share/turtlebot3_gazebo//models/cube_20k/model.sdf
[19.696s] -- Installing: /home/chris/Robosim/install/turtlebot3_gazebo/share/turtlebot3_gazebo//models/cube_20k/model.config
[19.696s] -- Installing: /home/chris/Robosim/install/turtlebot3_gazebo/share/turtlebot3_gazebo//models/cube_20k/meshes
[19.696s] -- Installing: /home/chris/Robosim/install/turtlebot3_gazebo/share/turtlebot3_gazebo//models/cube_20k/meshes/cube_20k.stl
[19.696s] -- Installing: /home/chris/Robosim/install/turtlebot3_gazebo/share/turtlebot3_gazebo//models/turtlebot3_waffle_pi
[19.696s] -- Installing: /home/chris/Robosim/install/turtlebot3_gazebo/share/turtlebot3_gazebo//models/turtlebot3_waffle_pi/model-1_4_.sdf
[19.696s] -- Installing: /home/chris/Robosim/install/turtlebot3_gazebo/share/turtlebot3_gazebo//models/turtlebot3_waffle_pi/model.sdf
[19.697s] -- Installing: /home/chris/Robosim/install/turtlebot3_gazebo/share/turtlebot3_gazebo//models/turtlebot3_waffle_pi/model.config
[19.697s] -- Installing: /home/chris/Robosim/install/turtlebot3_gazebo/share/turtlebot3_gazebo//models/turtlebot3_waffle_pi/meshes
[19.697s] -- Installing: /home/chris/Robosim/install/turtlebot3_gazebo/share/turtlebot3_gazebo//models/turtlebot3_waffle_pi/meshes/tire.dae
[19.697s] -- Installing: /home/chris/Robosim/install/turtlebot3_gazebo/share/turtlebot3_gazebo//models/turtlebot3_waffle_pi/meshes/waffle_pi_base.dae
[19.697s] -- Installing: /home/chris/Robosim/install/turtlebot3_gazebo/share/turtlebot3_gazebo//models/turtlebot3_waffle_pi/meshes/lds.dae
[19.697s] -- Installing: /home/chris/Robosim/install/turtlebot3_gazebo/share/turtlebot3_gazebo//models/turtlebot3_world
[19.698s] -- Installing: /home/chris/Robosim/install/turtlebot3_gazebo/share/turtlebot3_gazebo//models/turtlebot3_world/model.sdf
[19.698s] -- Installing: /home/chris/Robosim/install/turtlebot3_gazebo/share/turtlebot3_gazebo//models/turtlebot3_world/model.config
[19.698s] -- Installing: /home/chris/Robosim/install/turtlebot3_gazebo/share/turtlebot3_gazebo//models/turtlebot3_world/meshes
[19.698s] -- Installing: /home/chris/Robosim/install/turtlebot3_gazebo/share/turtlebot3_gazebo//models/turtlebot3_world/meshes/wall.dae
[19.698s] -- Installing: /home/chris/Robosim/install/turtlebot3_gazebo/share/turtlebot3_gazebo//rviz
[19.698s] -- Installing: /home/chris/Robosim/install/turtlebot3_gazebo/share/turtlebot3_gazebo//rviz/tb3_gazebo.rviz
[19.698s] -- Installing: /home/chris/Robosim/install/turtlebot3_gazebo/share/turtlebot3_gazebo//worlds
[19.698s] -- Installing: /home/chris/Robosim/install/turtlebot3_gazebo/share/turtlebot3_gazebo//worlds/turtlebot3_dqn_stage4
[19.699s] -- Installing: /home/chris/Robosim/install/turtlebot3_gazebo/share/turtlebot3_gazebo//worlds/turtlebot3_dqn_stage4/burger.model
[19.699s] -- Installing: /home/chris/Robosim/install/turtlebot3_gazebo/share/turtlebot3_gazebo//worlds/turtlebot3_dqn_stage4/waffle_pi.model
[19.699s] -- Installing: /home/chris/Robosim/install/turtlebot3_gazebo/share/turtlebot3_gazebo//worlds/turtlebot3_dqn_stage4/waffle.model
[19.699s] -- Installing: /home/chris/Robosim/install/turtlebot3_gazebo/share/turtlebot3_gazebo//worlds/turtlebot3_dqn_stage2
[19.699s] -- Installing: /home/chris/Robosim/install/turtlebot3_gazebo/share/turtlebot3_gazebo//worlds/turtlebot3_dqn_stage2/burger.model
[19.699s] -- Installing: /home/chris/Robosim/install/turtlebot3_gazebo/share/turtlebot3_gazebo//worlds/turtlebot3_dqn_stage2/waffle_pi.model
[19.699s] -- Installing: /home/chris/Robosim/install/turtlebot3_gazebo/share/turtlebot3_gazebo//worlds/turtlebot3_dqn_stage2/waffle.model
[19.699s] -- Installing: /home/chris/Robosim/install/turtlebot3_gazebo/share/turtlebot3_gazebo//worlds/turtlebot3_autoraces
[19.700s] -- Installing: /home/chris/Robosim/install/turtlebot3_gazebo/share/turtlebot3_gazebo//worlds/turtlebot3_autoraces/burger.model
[19.700s] -- Installing: /home/chris/Robosim/install/turtlebot3_gazebo/share/turtlebot3_gazebo//worlds/turtlebot3_autoraces/waffle_pi.model
[19.700s] -- Installing: /home/chris/Robosim/install/turtlebot3_gazebo/share/turtlebot3_gazebo//worlds/turtlebot3_autoraces/waffle.model
[19.700s] -- Installing: /home/chris/Robosim/install/turtlebot3_gazebo/share/turtlebot3_gazebo//worlds/turtlebot3_dqn_stage3
[19.700s] -- Installing: /home/chris/Robosim/install/turtlebot3_gazebo/share/turtlebot3_gazebo//worlds/turtlebot3_dqn_stage3/burger.model
[19.700s] -- Installing: /home/chris/Robosim/install/turtlebot3_gazebo/share/turtlebot3_gazebo//worlds/turtlebot3_dqn_stage3/waffle_pi.model
[19.701s] -- Installing: /home/chris/Robosim/install/turtlebot3_gazebo/share/turtlebot3_gazebo//worlds/turtlebot3_dqn_stage3/waffle.model
[19.701s] -- Installing: /home/chris/Robosim/install/turtlebot3_gazebo/share/turtlebot3_gazebo//worlds/empty_worlds
[19.701s] -- Installing: /home/chris/Robosim/install/turtlebot3_gazebo/share/turtlebot3_gazebo//worlds/empty_worlds/burger.model
[19.701s] -- Installing: /home/chris/Robosim/install/turtlebot3_gazebo/share/turtlebot3_gazebo//worlds/empty_worlds/waffle_pi.model
[19.701s] -- Installing: /home/chris/Robosim/install/turtlebot3_gazebo/share/turtlebot3_gazebo//worlds/empty_worlds/waffle.model
[19.701s] -- Installing: /home/chris/Robosim/install/turtlebot3_gazebo/share/turtlebot3_gazebo//worlds/turtlebot3_worlds
[19.701s] -- Installing: /home/chris/Robosim/install/turtlebot3_gazebo/share/turtlebot3_gazebo//worlds/turtlebot3_worlds/burger.model
[19.702s] -- Installing: /home/chris/Robosim/install/turtlebot3_gazebo/share/turtlebot3_gazebo//worlds/turtlebot3_worlds/waffle_pi.model
[19.702s] -- Installing: /home/chris/Robosim/install/turtlebot3_gazebo/share/turtlebot3_gazebo//worlds/turtlebot3_worlds/waffle.model
[19.702s] -- Installing: /home/chris/Robosim/install/turtlebot3_gazebo/share/turtlebot3_gazebo//worlds/turtlebot3_dqn_stage1
[19.702s] -- Installing: /home/chris/Robosim/install/turtlebot3_gazebo/share/turtlebot3_gazebo//worlds/turtlebot3_dqn_stage1/burger.model
[19.702s] -- Installing: /home/chris/Robosim/install/turtlebot3_gazebo/share/turtlebot3_gazebo//worlds/turtlebot3_dqn_stage1/waffle_pi.model
[19.702s] -- Installing: /home/chris/Robosim/install/turtlebot3_gazebo/share/turtlebot3_gazebo//worlds/turtlebot3_dqn_stage1/waffle.model
[19.702s] -- Installing: /home/chris/Robosim/install/turtlebot3_gazebo/share/turtlebot3_gazebo//worlds/turtlebot3_houses
[19.703s] -- Installing: /home/chris/Robosim/install/turtlebot3_gazebo/share/turtlebot3_gazebo//worlds/turtlebot3_houses/burger.model
[19.703s] -- Installing: /home/chris/Robosim/install/turtlebot3_gazebo/share/turtlebot3_gazebo//worlds/turtlebot3_houses/waffle_pi.model
[19.703s] -- Installing: /home/chris/Robosim/install/turtlebot3_gazebo/share/turtlebot3_gazebo//worlds/turtlebot3_houses/waffle.model
[19.703s] -- Installing: /home/chris/Robosim/install/turtlebot3_gazebo/include/
[19.703s] -- Installing: /home/chris/Robosim/install/turtlebot3_gazebo/include//turtlebot3_gazebo
[19.703s] -- Installing: /home/chris/Robosim/install/turtlebot3_gazebo/include//turtlebot3_gazebo/turtlebot3_drive.hpp
[19.703s] -- Installing: /home/chris/Robosim/install/turtlebot3_gazebo/share/ament_index/resource_index/package_run_dependencies/turtlebot3_gazebo
[19.703s] -- Installing: /home/chris/Robosim/install/turtlebot3_gazebo/share/ament_index/resource_index/parent_prefix_path/turtlebot3_gazebo
[19.703s] -- Installing: /home/chris/Robosim/install/turtlebot3_gazebo/share/turtlebot3_gazebo/environment/ament_prefix_path.sh
[19.703s] -- Installing: /home/chris/Robosim/install/turtlebot3_gazebo/share/turtlebot3_gazebo/environment/ament_prefix_path.dsv
[19.703s] -- Installing: /home/chris/Robosim/install/turtlebot3_gazebo/share/turtlebot3_gazebo/environment/path.sh
[19.703s] -- Installing: /home/chris/Robosim/install/turtlebot3_gazebo/share/turtlebot3_gazebo/environment/path.dsv
[19.703s] -- Installing: /home/chris/Robosim/install/turtlebot3_gazebo/share/turtlebot3_gazebo/local_setup.bash
[19.703s] -- Installing: /home/chris/Robosim/install/turtlebot3_gazebo/share/turtlebot3_gazebo/local_setup.sh
[19.704s] -- Installing: /home/chris/Robosim/install/turtlebot3_gazebo/share/turtlebot3_gazebo/local_setup.zsh
[19.704s] -- Installing: /home/chris/Robosim/install/turtlebot3_gazebo/share/turtlebot3_gazebo/local_setup.dsv
[19.704s] -- Installing: /home/chris/Robosim/install/turtlebot3_gazebo/share/turtlebot3_gazebo/package.dsv
[19.704s] -- Installing: /home/chris/Robosim/install/turtlebot3_gazebo/share/ament_index/resource_index/packages/turtlebot3_gazebo
[19.704s] -- Installing: /home/chris/Robosim/install/turtlebot3_gazebo/share/turtlebot3_gazebo/cmake/ament_cmake_export_include_directories-extras.cmake
[19.704s] -- Installing: /home/chris/Robosim/install/turtlebot3_gazebo/share/turtlebot3_gazebo/cmake/ament_cmake_export_dependencies-extras.cmake
[19.704s] -- Installing: /home/chris/Robosim/install/turtlebot3_gazebo/share/turtlebot3_gazebo/cmake/turtlebot3_gazeboConfig.cmake
[19.704s] -- Installing: /home/chris/Robosim/install/turtlebot3_gazebo/share/turtlebot3_gazebo/cmake/turtlebot3_gazeboConfig-version.cmake
[19.704s] -- Installing: /home/chris/Robosim/install/turtlebot3_gazebo/share/turtlebot3_gazebo/package.xml
[19.708s] Invoked command in '/home/chris/Robosim/build/turtlebot3_gazebo' returned '0': CMAKE_PREFIX_PATH=${CMAKE_PREFIX_PATH}:/home/chris/Robosim/install/like_a_rumba_robot:/opt/ros/galactic /home/chris/.local/bin/cmake --install /home/chris/Robosim/build/turtlebot3_gazebo
