[0.016s] Invoking command in '/home/chris/Robosim/build/turtlebot3_simulations': CMAKE_PREFIX_PATH=/home/chris/Robosim/install/turtlebot3_gazebo:/home/chris/Robosim/install/turtlebot3_fake_node:/home/chris/Robosim/install/turtlebot3_simulations:/home/chris/Robosim/install/like_a_rumba_robot:/opt/ros/galactic /home/chris/.local/bin/cmake --build /home/chris/Robosim/build/turtlebot3_simulations -- -j8 -l8
[0.058s] Invoked command in '/home/chris/Robosim/build/turtlebot3_simulations' returned '0': CMAKE_PREFIX_PATH=/home/chris/Robosim/install/turtlebot3_gazebo:/home/chris/Robosim/install/turtlebot3_fake_node:/home/chris/Robosim/install/turtlebot3_simulations:/home/chris/Robosim/install/like_a_rumba_robot:/opt/ros/galactic /home/chris/.local/bin/cmake --build /home/chris/Robosim/build/turtlebot3_simulations -- -j8 -l8
[0.106s] Invoking command in '/home/chris/Robosim/build/turtlebot3_simulations': CMAKE_PREFIX_PATH=/home/chris/Robosim/install/turtlebot3_gazebo:/home/chris/Robosim/install/turtlebot3_fake_node:/home/chris/Robosim/install/turtlebot3_simulations:/home/chris/Robosim/install/like_a_rumba_robot:/opt/ros/galactic /home/chris/.local/bin/cmake --install /home/chris/Robosim/build/turtlebot3_simulations
[0.138s] -- Install configuration: ""
[0.138s] -- Up-to-date: /home/chris/Robosim/install/turtlebot3_simulations/share/ament_index/resource_index/package_run_dependencies/turtlebot3_simulations
[0.139s] -- Up-to-date: /home/chris/Robosim/install/turtlebot3_simulations/share/ament_index/resource_index/parent_prefix_path/turtlebot3_simulations
[0.139s] -- Up-to-date: /home/chris/Robosim/install/turtlebot3_simulations/share/turtlebot3_simulations/environment/ament_prefix_path.sh
[0.139s] -- Up-to-date: /home/chris/Robosim/install/turtlebot3_simulations/share/turtlebot3_simulations/environment/ament_prefix_path.dsv
[0.139s] -- Up-to-date: /home/chris/Robosim/install/turtlebot3_simulations/share/turtlebot3_simulations/environment/path.sh
[0.139s] -- Up-to-date: /home/chris/Robosim/install/turtlebot3_simulations/share/turtlebot3_simulations/environment/path.dsv
[0.139s] -- Up-to-date: /home/chris/Robosim/install/turtlebot3_simulations/share/turtlebot3_simulations/local_setup.bash
[0.139s] -- Up-to-date: /home/chris/Robosim/install/turtlebot3_simulations/share/turtlebot3_simulations/local_setup.sh
[0.139s] -- Up-to-date: /home/chris/Robosim/install/turtlebot3_simulations/share/turtlebot3_simulations/local_setup.zsh
[0.139s] -- Up-to-date: /home/chris/Robosim/install/turtlebot3_simulations/share/turtlebot3_simulations/local_setup.dsv
[0.139s] -- Installing: /home/chris/Robosim/install/turtlebot3_simulations/share/turtlebot3_simulations/package.dsv
[0.139s] -- Up-to-date: /home/chris/Robosim/install/turtlebot3_simulations/share/ament_index/resource_index/packages/turtlebot3_simulations
[0.140s] -- Up-to-date: /home/chris/Robosim/install/turtlebot3_simulations/share/turtlebot3_simulations/cmake/turtlebot3_simulationsConfig.cmake
[0.140s] -- Up-to-date: /home/chris/Robosim/install/turtlebot3_simulations/share/turtlebot3_simulations/cmake/turtlebot3_simulationsConfig-version.cmake
[0.140s] -- Up-to-date: /home/chris/Robosim/install/turtlebot3_simulations/share/turtlebot3_simulations/package.xml
[0.146s] Invoked command in '/home/chris/Robosim/build/turtlebot3_simulations' returned '0': CMAKE_PREFIX_PATH=/home/chris/Robosim/install/turtlebot3_gazebo:/home/chris/Robosim/install/turtlebot3_fake_node:/home/chris/Robosim/install/turtlebot3_simulations:/home/chris/Robosim/install/like_a_rumba_robot:/opt/ros/galactic /home/chris/.local/bin/cmake --install /home/chris/Robosim/build/turtlebot3_simulations
