running egg_info
creating ../../build/like_a_rumba_robot/like_a_rumba_robot.egg-info
writing ../../build/like_a_rumba_robot/like_a_rumba_robot.egg-info/PKG-INFO
writing dependency_links to ../../build/like_a_rumba_robot/like_a_rumba_robot.egg-info/dependency_links.txt
writing entry points to ../../build/like_a_rumba_robot/like_a_rumba_robot.egg-info/entry_points.txt
writing requirements to ../../build/like_a_rumba_robot/like_a_rumba_robot.egg-info/requires.txt
writing top-level names to ../../build/like_a_rumba_robot/like_a_rumba_robot.egg-info/top_level.txt
writing manifest file '../../build/like_a_rumba_robot/like_a_rumba_robot.egg-info/SOURCES.txt'
reading manifest file '../../build/like_a_rumba_robot/like_a_rumba_robot.egg-info/SOURCES.txt'
writing manifest file '../../build/like_a_rumba_robot/like_a_rumba_robot.egg-info/SOURCES.txt'
running build
running build_py
creating /home/chris/Robosim/build/like_a_rumba_robot/build
creating /home/chris/Robosim/build/like_a_rumba_robot/build/lib
creating /home/chris/Robosim/build/like_a_rumba_robot/build/lib/like_a_rumba_robot
copying like_a_rumba_robot/move.py -> /home/chris/Robosim/build/like_a_rumba_robot/build/lib/like_a_rumba_robot
copying like_a_rumba_robot/robot_navigator.py -> /home/chris/Robosim/build/like_a_rumba_robot/build/lib/like_a_rumba_robot
copying like_a_rumba_robot/__init__.py -> /home/chris/Robosim/build/like_a_rumba_robot/build/lib/like_a_rumba_robot
running install
running install_lib
creating /home/chris/Robosim/install/like_a_rumba_robot/lib/python3.8/site-packages/like_a_rumba_robot
copying /home/chris/Robosim/build/like_a_rumba_robot/build/lib/like_a_rumba_robot/move.py -> /home/chris/Robosim/install/like_a_rumba_robot/lib/python3.8/site-packages/like_a_rumba_robot
copying /home/chris/Robosim/build/like_a_rumba_robot/build/lib/like_a_rumba_robot/robot_navigator.py -> /home/chris/Robosim/install/like_a_rumba_robot/lib/python3.8/site-packages/like_a_rumba_robot
copying /home/chris/Robosim/build/like_a_rumba_robot/build/lib/like_a_rumba_robot/__init__.py -> /home/chris/Robosim/install/like_a_rumba_robot/lib/python3.8/site-packages/like_a_rumba_robot
byte-compiling /home/chris/Robosim/install/like_a_rumba_robot/lib/python3.8/site-packages/like_a_rumba_robot/move.py to move.cpython-38.pyc
byte-compiling /home/chris/Robosim/install/like_a_rumba_robot/lib/python3.8/site-packages/like_a_rumba_robot/robot_navigator.py to robot_navigator.cpython-38.pyc
byte-compiling /home/chris/Robosim/install/like_a_rumba_robot/lib/python3.8/site-packages/like_a_rumba_robot/__init__.py to __init__.cpython-38.pyc
running install_data
creating /home/chris/Robosim/install/like_a_rumba_robot/share/ament_index
creating /home/chris/Robosim/install/like_a_rumba_robot/share/ament_index/resource_index
creating /home/chris/Robosim/install/like_a_rumba_robot/share/ament_index/resource_index/packages
copying resource/like_a_rumba_robot -> /home/chris/Robosim/install/like_a_rumba_robot/share/ament_index/resource_index/packages
copying package.xml -> /home/chris/Robosim/install/like_a_rumba_robot/share/like_a_rumba_robot
creating /home/chris/Robosim/install/like_a_rumba_robot/share/like_a_rumba_robot/launch
copying launch/nav2.py -> /home/chris/Robosim/install/like_a_rumba_robot/share/like_a_rumba_robot/launch
copying launch/runpy.launch.py -> /home/chris/Robosim/install/like_a_rumba_robot/share/like_a_rumba_robot/launch
copying launch/run.xml -> /home/chris/Robosim/install/like_a_rumba_robot/share/like_a_rumba_robot/launch
running install_egg_info
Copying ../../build/like_a_rumba_robot/like_a_rumba_robot.egg-info to /home/chris/Robosim/install/like_a_rumba_robot/lib/python3.8/site-packages/like_a_rumba_robot-0.0.0-py3.8.egg-info
running install_scripts
Installing move script to /home/chris/Robosim/install/like_a_rumba_robot/lib/like_a_rumba_robot
writing list of installed files to '/home/chris/Robosim/build/like_a_rumba_robot/install.log'
