[0.971s] Invoking command in '/home/chris/Robosim/src/like_a_rumba_robot': PYTHONPATH=/home/chris/Robosim/build/like_a_rumba_robot/prefix_override:/home/chris/Robosim/install/like_a_rumba_robot/lib/python3.8/site-packages:${PYTHONPATH} /usr/bin/python3 setup.py egg_info --egg-base ../../build/like_a_rumba_robot build --build-base /home/chris/Robosim/build/like_a_rumba_robot/build install --record /home/chris/Robosim/build/like_a_rumba_robot/install.log --single-version-externally-managed
[1.291s] running egg_info
[1.292s] creating ../../build/like_a_rumba_robot/like_a_rumba_robot.egg-info
[1.292s] writing ../../build/like_a_rumba_robot/like_a_rumba_robot.egg-info/PKG-INFO
[1.293s] writing dependency_links to ../../build/like_a_rumba_robot/like_a_rumba_robot.egg-info/dependency_links.txt
[1.293s] writing entry points to ../../build/like_a_rumba_robot/like_a_rumba_robot.egg-info/entry_points.txt
[1.293s] writing requirements to ../../build/like_a_rumba_robot/like_a_rumba_robot.egg-info/requires.txt
[1.293s] writing top-level names to ../../build/like_a_rumba_robot/like_a_rumba_robot.egg-info/top_level.txt
[1.295s] writing manifest file '../../build/like_a_rumba_robot/like_a_rumba_robot.egg-info/SOURCES.txt'
[1.334s] reading manifest file '../../build/like_a_rumba_robot/like_a_rumba_robot.egg-info/SOURCES.txt'
[1.335s] writing manifest file '../../build/like_a_rumba_robot/like_a_rumba_robot.egg-info/SOURCES.txt'
[1.335s] running build
[1.335s] running build_py
[1.336s] creating /home/chris/Robosim/build/like_a_rumba_robot/build
[1.336s] creating /home/chris/Robosim/build/like_a_rumba_robot/build/lib
[1.336s] creating /home/chris/Robosim/build/like_a_rumba_robot/build/lib/like_a_rumba_robot
[1.336s] copying like_a_rumba_robot/move.py -> /home/chris/Robosim/build/like_a_rumba_robot/build/lib/like_a_rumba_robot
[1.336s] copying like_a_rumba_robot/robot_navigator.py -> /home/chris/Robosim/build/like_a_rumba_robot/build/lib/like_a_rumba_robot
[1.336s] copying like_a_rumba_robot/__init__.py -> /home/chris/Robosim/build/like_a_rumba_robot/build/lib/like_a_rumba_robot
[1.336s] running install
[1.337s] running install_lib
[1.339s] creating /home/chris/Robosim/install/like_a_rumba_robot/lib/python3.8/site-packages/like_a_rumba_robot
[1.339s] copying /home/chris/Robosim/build/like_a_rumba_robot/build/lib/like_a_rumba_robot/move.py -> /home/chris/Robosim/install/like_a_rumba_robot/lib/python3.8/site-packages/like_a_rumba_robot
[1.339s] copying /home/chris/Robosim/build/like_a_rumba_robot/build/lib/like_a_rumba_robot/robot_navigator.py -> /home/chris/Robosim/install/like_a_rumba_robot/lib/python3.8/site-packages/like_a_rumba_robot
[1.339s] copying /home/chris/Robosim/build/like_a_rumba_robot/build/lib/like_a_rumba_robot/__init__.py -> /home/chris/Robosim/install/like_a_rumba_robot/lib/python3.8/site-packages/like_a_rumba_robot
[1.339s] byte-compiling /home/chris/Robosim/install/like_a_rumba_robot/lib/python3.8/site-packages/like_a_rumba_robot/move.py to move.cpython-38.pyc
[1.342s] byte-compiling /home/chris/Robosim/install/like_a_rumba_robot/lib/python3.8/site-packages/like_a_rumba_robot/robot_navigator.py to robot_navigator.cpython-38.pyc
[1.345s] byte-compiling /home/chris/Robosim/install/like_a_rumba_robot/lib/python3.8/site-packages/like_a_rumba_robot/__init__.py to __init__.cpython-38.pyc
[1.345s] running install_data
[1.346s] creating /home/chris/Robosim/install/like_a_rumba_robot/share/ament_index
[1.346s] creating /home/chris/Robosim/install/like_a_rumba_robot/share/ament_index/resource_index
[1.346s] creating /home/chris/Robosim/install/like_a_rumba_robot/share/ament_index/resource_index/packages
[1.346s] copying resource/like_a_rumba_robot -> /home/chris/Robosim/install/like_a_rumba_robot/share/ament_index/resource_index/packages
[1.346s] copying package.xml -> /home/chris/Robosim/install/like_a_rumba_robot/share/like_a_rumba_robot
[1.346s] creating /home/chris/Robosim/install/like_a_rumba_robot/share/like_a_rumba_robot/launch
[1.346s] copying launch/nav2.py -> /home/chris/Robosim/install/like_a_rumba_robot/share/like_a_rumba_robot/launch
[1.346s] copying launch/runpy.launch.py -> /home/chris/Robosim/install/like_a_rumba_robot/share/like_a_rumba_robot/launch
[1.347s] copying launch/run.xml -> /home/chris/Robosim/install/like_a_rumba_robot/share/like_a_rumba_robot/launch
[1.347s] running install_egg_info
[1.348s] Copying ../../build/like_a_rumba_robot/like_a_rumba_robot.egg-info to /home/chris/Robosim/install/like_a_rumba_robot/lib/python3.8/site-packages/like_a_rumba_robot-0.0.0-py3.8.egg-info
[1.349s] running install_scripts
[1.368s] Installing move script to /home/chris/Robosim/install/like_a_rumba_robot/lib/like_a_rumba_robot
[1.369s] writing list of installed files to '/home/chris/Robosim/build/like_a_rumba_robot/install.log'
[1.395s] Invoked command in '/home/chris/Robosim/src/like_a_rumba_robot' returned '0': PYTHONPATH=/home/chris/Robosim/build/like_a_rumba_robot/prefix_override:/home/chris/Robosim/install/like_a_rumba_robot/lib/python3.8/site-packages:${PYTHONPATH} /usr/bin/python3 setup.py egg_info --egg-base ../../build/like_a_rumba_robot build --build-base /home/chris/Robosim/build/like_a_rumba_robot/build install --record /home/chris/Robosim/build/like_a_rumba_robot/install.log --single-version-externally-managed
